#
# There is insufficient memory for the Java Runtime Environment to continue.
# Native memory allocation (malloc) failed to allocate 773152 bytes for Chunk::new
# Possible reasons:
#   The system is out of physical RAM or swap space
#   In 32 bit mode, the process size limit was hit
# Possible solutions:
#   Reduce memory load on the system
#   Increase physical memory or swap space
#   Check if swap backing store is full
#   Use 64 bit Java on a 64 bit OS
#   Decrease Java heap size (-Xmx/-Xms)
#   Decrease number of Java threads
#   Decrease Java thread stack sizes (-Xss)
#   Set larger code cache with -XX:ReservedCodeCacheSize=
# This output file may be truncated or incomplete.
#
#  Out of Memory Error (allocation.cpp:390), pid=13228, tid=1396
#
# JRE version: Java(TM) SE Runtime Environment (8.0_73-b02) (build 1.8.0_73-b02)
# Java VM: Java HotSpot(TM) 64-Bit Server VM (25.73-b02 mixed mode windows-amd64 compressed oops)
# Failed to write core dump. Minidumps are not enabled by default on client versions of Windows
#

---------------  T H R E A D  ---------------

Current thread (0x0000000015309000):  JavaThread "C2 CompilerThread0" daemon [_thread_in_native, id=1396, stack(0x0000000016830000,0x0000000016930000)]

Stack: [0x0000000016830000,0x0000000016930000]
[error occurred during error reporting (printing stack bounds), id 0xc0000005]

Native frames: (J=compiled Java code, j=interpreted, Vv=VM code, C=native code)


Current CompileTask:
C2:  13398 1576   !   4       com.android.dx.cf.code.RopperMachine::run (1550 bytes)


---------------  P R O C E S S  ---------------

Java Threads: ( => current thread )
  0x0000000017159000 JavaThread "pool-2-thread-4" [_thread_in_vm, id=11224, stack(0x0000000017d30000,0x0000000017e30000)]
  0x0000000016d23000 JavaThread "pool-2-thread-3" [_thread_in_Java, id=7800, stack(0x0000000017c30000,0x0000000017d30000)]
  0x0000000016d22000 JavaThread "pool-2-thread-2" [_thread_blocked, id=11348, stack(0x0000000017b30000,0x0000000017c30000)]
  0x0000000016d07800 JavaThread "pool-3-thread-1" [_thread_blocked, id=12540, stack(0x0000000017a30000,0x0000000017b30000)]
  0x0000000016d04800 JavaThread "pool-2-thread-1" [_thread_blocked, id=5704, stack(0x0000000017930000,0x0000000017a30000)]
  0x0000000016a99000 JavaThread "Service Thread" daemon [_thread_blocked, id=13212, stack(0x0000000016f30000,0x0000000017030000)]
  0x0000000016a30800 JavaThread "C1 CompilerThread2" daemon [_thread_blocked, id=10896, stack(0x0000000016e30000,0x0000000016f30000)]
  0x000000001530c000 JavaThread "C2 CompilerThread1" daemon [_thread_in_native, id=11364, stack(0x0000000016930000,0x0000000016a30000)]
=>0x0000000015309000 JavaThread "C2 CompilerThread0" daemon [_thread_in_native, id=1396, stack(0x0000000016830000,0x0000000016930000)]
  0x00000000152be000 JavaThread "Attach Listener" daemon [_thread_blocked, id=5072, stack(0x0000000016730000,0x0000000016830000)]
  0x00000000152bc800 JavaThread "Signal Dispatcher" daemon [_thread_blocked, id=4376, stack(0x0000000016630000,0x0000000016730000)]
  0x0000000002bd6800 JavaThread "Finalizer" daemon [_thread_blocked, id=3840, stack(0x0000000016530000,0x0000000016630000)]
  0x0000000002bcd800 JavaThread "Reference Handler" daemon [_thread_blocked, id=11556, stack(0x0000000016430000,0x0000000016530000)]
  0x0000000002add800 JavaThread "main" [_thread_in_Java, id=4572, stack(0x00000000028f0000,0x00000000029f0000)]

Other Threads:
  0x0000000015278800 VMThread [stack: 0x0000000016330000,0x0000000016430000] [id=624]
  0x0000000016aed000 WatcherThread [stack: 0x0000000017030000,0x0000000017130000] [id=10796]

VM state:not at safepoint (normal execution)

VM Mutex/Monitor currently owned by a thread: None

Heap:
 PSYoungGen      total 35328K, used 11146K [0x00000000eab00000, 0x00000000ef000000, 0x0000000100000000)
  eden space 32768K, 26% used [0x00000000eab00000,0x00000000eb36a040,0x00000000ecb00000)
  from space 2560K, 98% used [0x00000000ecb00000,0x00000000ecd78a18,0x00000000ecd80000)
  to   space 2560K, 0% used [0x00000000eed80000,0x00000000eed80000,0x00000000ef000000)
 ParOldGen       total 44032K, used 8498K [0x00000000c0000000, 0x00000000c2b00000, 0x00000000eab00000)
  object space 44032K, 19% used [0x00000000c0000000,0x00000000c084cb38,0x00000000c2b00000)
 Metaspace       used 6239K, capacity 7094K, committed 7296K, reserved 1056768K
  class space    used 608K, capacity 622K, committed 640K, reserved 1048576K

Card table byte_map: [0x0000000011fa0000,0x00000000121b0000] byte_map_base: 0x00000000119a0000

Marking Bits: (ParMarkBitMap*) 0x0000000062980600
 Begin Bits: [0x0000000012710000, 0x0000000013710000)
 End Bits:   [0x0000000013710000, 0x0000000014710000)

Polling page: 0x0000000000f40000

CodeCache: size=245760Kb used=6720Kb max_used=6720Kb free=239039Kb
 bounds [0x0000000002be0000, 0x0000000003280000, 0x0000000011be0000]
 total_blobs=1860 nmethods=1589 adapters=184
 compilation: enabled

Compilation events (10 events):
Event: 13.377 Thread 0x0000000016a30800 1601       3       com.android.dx.ssa.Optimizer::optimize (67 bytes)
Event: 13.378 Thread 0x0000000016a30800 nmethod 1601 0x0000000003266510 code [0x0000000003266720, 0x0000000003267038]
Event: 13.378 Thread 0x0000000016a30800 1602       3       com.android.dx.ssa.ConstCollector::run (236 bytes)
Event: 13.383 Thread 0x0000000016a30800 nmethod 1602 0x0000000003267550 code [0x0000000003267b00, 0x000000000326b138]
Event: 13.383 Thread 0x0000000016a30800 1604   !   3       com.android.dx.cf.code.BasicBlocker::doit (156 bytes)
Event: 13.385 Thread 0x0000000016a30800 nmethod 1604 0x000000000326e0d0 code [0x000000000326e360, 0x000000000326f6d8]
Event: 13.385 Thread 0x0000000016a30800 1603       3       java.util.Arrays::sort (47 bytes)
Event: 13.385 Thread 0x0000000016a30800 nmethod 1603 0x0000000003270410 code [0x00000000032705c0, 0x0000000003270a18]
Event: 13.387 Thread 0x0000000016a30800 1605       3       com.android.dx.dex.code.OutputCollector::appendSuffixToOutput (45 bytes)
Event: 13.388 Thread 0x0000000016a30800 nmethod 1605 0x0000000003270c50 code [0x0000000003270e60, 0x0000000003271938]

GC Heap History (6 events):
Event: 2.112 GC heap before
{Heap before GC invocations=1 (full 0):
 PSYoungGen      total 18944K, used 16384K [0x00000000eab00000, 0x00000000ec000000, 0x0000000100000000)
  eden space 16384K, 100% used [0x00000000eab00000,0x00000000ebb00000,0x00000000ebb00000)
  from space 2560K, 0% used [0x00000000ebd80000,0x00000000ebd80000,0x00000000ec000000)
  to   space 2560K, 0% used [0x00000000ebb00000,0x00000000ebb00000,0x00000000ebd80000)
 ParOldGen       total 44032K, used 0K [0x00000000c0000000, 0x00000000c2b00000, 0x00000000eab00000)
  object space 44032K, 0% used [0x00000000c0000000,0x00000000c0000000,0x00000000c2b00000)
 Metaspace       used 3967K, capacity 5040K, committed 5120K, reserved 1056768K
  class space    used 443K, capacity 488K, committed 512K, reserved 1048576K
Event: 2.852 GC heap after
Heap after GC invocations=1 (full 0):
 PSYoungGen      total 18944K, used 1743K [0x00000000eab00000, 0x00000000ed000000, 0x0000000100000000)
  eden space 16384K, 0% used [0x00000000eab00000,0x00000000eab00000,0x00000000ebb00000)
  from space 2560K, 68% used [0x00000000ebb00000,0x00000000ebcb3c00,0x00000000ebd80000)
  to   space 2560K, 0% used [0x00000000ecd80000,0x00000000ecd80000,0x00000000ed000000)
 ParOldGen       total 44032K, used 8K [0x00000000c0000000, 0x00000000c2b00000, 0x00000000eab00000)
  object space 44032K, 0% used [0x00000000c0000000,0x00000000c0002000,0x00000000c2b00000)
 Metaspace       used 3967K, capacity 5040K, committed 5120K, reserved 1056768K
  class space    used 443K, capacity 488K, committed 512K, reserved 1048576K
}
Event: 8.356 GC heap before
{Heap before GC invocations=2 (full 0):
 PSYoungGen      total 18944K, used 18127K [0x00000000eab00000, 0x00000000ed000000, 0x0000000100000000)
  eden space 16384K, 100% used [0x00000000eab00000,0x00000000ebb00000,0x00000000ebb00000)
  from space 2560K, 68% used [0x00000000ebb00000,0x00000000ebcb3c00,0x00000000ebd80000)
  to   space 2560K, 0% used [0x00000000ecd80000,0x00000000ecd80000,0x00000000ed000000)
 ParOldGen       total 44032K, used 8K [0x00000000c0000000, 0x00000000c2b00000, 0x00000000eab00000)
  object space 44032K, 0% used [0x00000000c0000000,0x00000000c0002000,0x00000000c2b00000)
 Metaspace       used 6006K, capacity 6900K, committed 7040K, reserved 1056768K
  class space    used 605K, capacity 620K, committed 640K, reserved 1048576K
Event: 9.015 GC heap after
Heap after GC invocations=2 (full 0):
 PSYoungGen      total 35328K, used 2547K [0x00000000eab00000, 0x00000000ed000000, 0x0000000100000000)
  eden space 32768K, 0% used [0x00000000eab00000,0x00000000eab00000,0x00000000ecb00000)
  from space 2560K, 99% used [0x00000000ecd80000,0x00000000ecffcdb8,0x00000000ed000000)
  to   space 2560K, 0% used [0x00000000ecb00000,0x00000000ecb00000,0x00000000ecd80000)
 ParOldGen       total 44032K, used 2568K [0x00000000c0000000, 0x00000000c2b00000, 0x00000000eab00000)
  object space 44032K, 5% used [0x00000000c0000000,0x00000000c02820a0,0x00000000c2b00000)
 Metaspace       used 6006K, capacity 6900K, committed 7040K, reserved 1056768K
  class space    used 605K, capacity 620K, committed 640K, reserved 1048576K
}
Event: 12.811 GC heap before
{Heap before GC invocations=3 (full 0):
 PSYoungGen      total 35328K, used 35315K [0x00000000eab00000, 0x00000000ed000000, 0x0000000100000000)
  eden space 32768K, 100% used [0x00000000eab00000,0x00000000ecb00000,0x00000000ecb00000)
  from space 2560K, 99% used [0x00000000ecd80000,0x00000000ecffcdb8,0x00000000ed000000)
  to   space 2560K, 0% used [0x00000000ecb00000,0x00000000ecb00000,0x00000000ecd80000)
 ParOldGen       total 44032K, used 2568K [0x00000000c0000000, 0x00000000c2b00000, 0x00000000eab00000)
  object space 44032K, 5% used [0x00000000c0000000,0x00000000c02820a0,0x00000000c2b00000)
 Metaspace       used 6224K, capacity 7030K, committed 7296K, reserved 1056768K
  class space    used 607K, capacity 622K, committed 640K, reserved 1048576K
Event: 12.895 GC heap after
Heap after GC invocations=3 (full 0):
 PSYoungGen      total 35328K, used 2530K [0x00000000eab00000, 0x00000000ef000000, 0x0000000100000000)
  eden space 32768K, 0% used [0x00000000eab00000,0x00000000eab00000,0x00000000ecb00000)
  from space 2560K, 98% used [0x00000000ecb00000,0x00000000ecd78a18,0x00000000ecd80000)
  to   space 2560K, 0% used [0x00000000eed80000,0x00000000eed80000,0x00000000ef000000)
 ParOldGen       total 44032K, used 8498K [0x00000000c0000000, 0x00000000c2b00000, 0x00000000eab00000)
  object space 44032K, 19% used [0x00000000c0000000,0x00000000c084cb38,0x00000000c2b00000)
 Metaspace       used 6224K, capacity 7030K, committed 7296K, reserved 1056768K
  class space    used 607K, capacity 622K, committed 640K, reserved 1048576K
}

Deoptimization events (10 events):
Event: 8.224 Thread 0x0000000016d04800 Uncommon trap: reason=unstable_if action=reinterpret pc=0x0000000002e0e6b0 method=java.util.BitSet.nextSetBit(I)I @ 87
Event: 9.970 Thread 0x0000000017159000 Uncommon trap: reason=unstable_if action=reinterpret pc=0x0000000002fe0138 method=com.android.dx.cf.code.Ropper.labelToResultIndex(I)I @ 34
Event: 9.973 Thread 0x0000000002add800 Uncommon trap: reason=unloaded action=reinterpret pc=0x0000000003110754 method=com.android.dx.cf.cst.ConstantPoolParser.parse0(ILjava/util/BitSet;)Lcom/android/dx/rop/cst/Constant; @ 198
Event: 9.998 Thread 0x0000000002add800 Uncommon trap: reason=unstable_if action=reinterpret pc=0x0000000002fe7bdc method=com.android.dx.rop.cst.Constant.compareTo(Lcom/android/dx/rop/cst/Constant;)I @ 12
Event: 12.142 Thread 0x0000000016d22000 Uncommon trap: reason=bimorphic action=maybe_recompile pc=0x0000000003134b28 method=com.android.dx.cf.code.BytecodeArray.parseInstruction(ILcom/android/dx/cf/code/BytecodeArray$Visitor;)I @ 2484
Event: 12.142 Thread 0x0000000016d22000 Uncommon trap: reason=bimorphic action=maybe_recompile pc=0x0000000003134b28 method=com.android.dx.cf.code.BytecodeArray.parseInstruction(ILcom/android/dx/cf/code/BytecodeArray$Visitor;)I @ 2484
Event: 12.262 Thread 0x0000000002add800 Uncommon trap: reason=unstable_if action=reinterpret pc=0x000000000318acf0 method=com.android.dx.ssa.LocalVariableExtractor.processBlock(I)V @ 251
Event: 12.277 Thread 0x0000000016d22000 Uncommon trap: reason=unstable_if action=reinterpret pc=0x000000000300cbbc method=com.android.dx.util.IntList.binarysearch(I)I @ 105
Event: 12.971 Thread 0x0000000016d22000 Uncommon trap: reason=unstable_if action=reinterpret pc=0x00000000030f98a8 method=com.android.dx.ssa.SCCP.simulateStmt(Lcom/android/dx/ssa/SsaInsn;)V @ 59
Event: 13.338 Thread 0x0000000002add800 Uncommon trap: reason=unstable_if action=reinterpret pc=0x0000000003201c00 method=com.android.dx.ssa.SsaRenamer$BlockRenamer.process()V @ 90

Internal exceptions (3 events):
Event: 0.207 Thread 0x0000000002add800 Exception <a 'java/lang/NoSuchMethodError': Method sun.misc.Unsafe.defineClass(Ljava/lang/String;[BII)Ljava/lang/Class; name or signature does not match> (0x00000000eab130e8) thrown at [D:\re\puppet\workspace\8-2-build-windows-amd64-cygwin\jdk8u73\6086\hotÖ|¦ÒP}Ê?
Event: 0.207 Thread 0x0000000002add800 Exception <a 'java/lang/NoSuchMethodError': Method sun.misc.Unsafe.prefetchRead(Ljava/lang/Object;J)V name or signature does not match> (0x00000000eab133d0) thrown at [D:\re\puppet\workspace\8-2-build-windows-amd64-cygwin\jdk8u73\6086\hotspot\src\share\vm\“Ö?wåm @
Event: 8.215 Thread 0x0000000016d04800 Implicit null exception at 0x0000000002edece2 to 0x0000000002edede9

Events (10 events):
Event: 12.626 Executing VM operation: ParallelGCFailedAllocation
Event: 12.895 Executing VM operation: ParallelGCFailedAllocation done
Event: 12.971 Thread 0x0000000016d22000 Uncommon trap: trap_request=0xffffff65 fr.pc=0x00000000030f98a8
Event: 12.971 Thread 0x0000000016d22000 DEOPT PACKING pc=0x00000000030f98a8 sp=0x0000000017c2e9a0
Event: 12.971 Thread 0x0000000016d22000 DEOPT UNPACKING pc=0x0000000002c2582a sp=0x0000000017c2e988 mode 2
Event: 13.022 loading class com/android/dx/rop/code/RegisterSpec$1
Event: 13.022 loading class com/android/dx/rop/code/RegisterSpec$1 done
Event: 13.338 Thread 0x0000000002add800 Uncommon trap: trap_request=0xffffff65 fr.pc=0x0000000003201c00
Event: 13.338 Thread 0x0000000002add800 DEOPT PACKING pc=0x0000000003201c00 sp=0x00000000029ee3d0
Event: 13.338 Thread 0x0000000002add800 DEOPT UNPACKING pc=0x0000000002c2582a sp=0x00000000029ee3b0 mode 2


Dynamic libraries:
0x00007ff789a50000 - 0x00007ff789a87000 	C:\Program Files\Java\jdk1.8.0_73\bin\java.exe
0x00007ff856bf0000 - 0x00007ff856d9d000 	C:\Windows\SYSTEM32\ntdll.dll
0x00007ff854760000 - 0x00007ff85489e000 	C:\Windows\system32\KERNEL32.DLL
0x00007ff8540b0000 - 0x00007ff8541c5000 	C:\Windows\system32\KERNELBASE.dll
0x00007ff8528f0000 - 0x00007ff85297e000 	C:\Windows\system32\apphelp.dll
0x00007ff843600000 - 0x00007ff843653000 	C:\Windows\AppPatch\AppPatch64\AcGenral.DLL
0x00007ff855390000 - 0x00007ff85543a000 	C:\Windows\system32\msvcrt.dll
0x00007ff854080000 - 0x00007ff8540ae000 	C:\Windows\system32\SspiCli.dll
0x00007ff855170000 - 0x00007ff8551c4000 	C:\Windows\system32\SHLWAPI.dll
0x00007ff854eb0000 - 0x00007ff855027000 	C:\Windows\system32\USER32.dll
0x00007ff8545c0000 - 0x00007ff854754000 	C:\Windows\system32\ole32.dll
0x00007ff8556c0000 - 0x00007ff856bea000 	C:\Windows\system32\SHELL32.dll
0x00007ff8532f0000 - 0x00007ff853311000 	C:\Windows\SYSTEM32\USERENV.dll
0x00007ff854da0000 - 0x00007ff854e4a000 	C:\Windows\system32\ADVAPI32.dll
0x00007ff851270000 - 0x00007ff85128e000 	C:\Windows\SYSTEM32\MPR.dll
0x00007ff855030000 - 0x00007ff855170000 	C:\Windows\system32\RPCRT4.dll
0x00007ff8551d0000 - 0x00007ff855229000 	C:\Windows\SYSTEM32\sechost.dll
0x00007ff854970000 - 0x00007ff854b81000 	C:\Windows\SYSTEM32\combase.dll
0x00007ff854bd0000 - 0x00007ff854d20000 	C:\Windows\system32\GDI32.dll
0x00007ff853d20000 - 0x00007ff853d35000 	C:\Windows\SYSTEM32\profapi.dll
0x00007ff8522c0000 - 0x00007ff852372000 	C:\Windows\SYSTEM32\SHCORE.dll
0x00007ff855680000 - 0x00007ff8556b6000 	C:\Windows\system32\IMM32.DLL
0x00007ff855230000 - 0x00007ff855382000 	C:\Windows\system32\MSCTF.dll
0x00007ff851570000 - 0x00007ff8517eb000 	C:\Windows\WinSxS\amd64_microsoft.windows.common-controls_6595b64144ccf1df_6.0.9600.18006_none_623f33d3ecbe86e8\COMCTL32.dll
0x0000000061cf0000 - 0x0000000061dc2000 	C:\Program Files\Java\jdk1.8.0_73\jre\bin\msvcr100.dll
0x0000000062170000 - 0x0000000062a00000 	C:\Program Files\Java\jdk1.8.0_73\jre\bin\server\jvm.dll
0x00007ff84a870000 - 0x00007ff84a879000 	C:\Windows\SYSTEM32\WSOCK32.dll
0x00007ff84e3a0000 - 0x00007ff84e3c2000 	C:\Windows\SYSTEM32\WINMM.dll
0x00007ff84d7e0000 - 0x00007ff84d7ea000 	C:\Windows\SYSTEM32\VERSION.dll
0x00007ff854bb0000 - 0x00007ff854bb7000 	C:\Windows\system32\PSAPI.DLL
0x00007ff854e50000 - 0x00007ff854eaa000 	C:\Windows\system32\WS2_32.dll
0x00007ff84e370000 - 0x00007ff84e39a000 	C:\Windows\SYSTEM32\WINMMBASE.dll
0x00007ff854bc0000 - 0x00007ff854bc9000 	C:\Windows\system32\NSI.dll
0x00007ff854030000 - 0x00007ff85407f000 	C:\Windows\SYSTEM32\cfgmgr32.dll
0x00007ff852b40000 - 0x00007ff852b68000 	C:\Windows\SYSTEM32\DEVOBJ.dll
0x0000000062160000 - 0x000000006216f000 	C:\Program Files\Java\jdk1.8.0_73\jre\bin\verify.dll
0x0000000062130000 - 0x0000000062159000 	C:\Program Files\Java\jdk1.8.0_73\jre\bin\java.dll
0x0000000062110000 - 0x0000000062126000 	C:\Program Files\Java\jdk1.8.0_73\jre\bin\zip.dll

VM Arguments:
jvm_args: -Djava.awt.headless=true -Xmx1024M -Dfile.encoding=x-windows-949 -Duser.country=KR -Duser.language=ko -Duser.variant 
java_command: com.android.dx.command.Main --dex --force-jumbo --num-threads=4 --multi-dex --output C:\Users\soft\AndroidStudioProjects\MyApplication_0525\app\build\intermediates\transforms\dex\debug\folders\1000\10\com.android.support-support-v4-23.4.0_f1600f8b42592067b6f36223950caf61e10965a8 C:\Users\soft\AndroidStudioProjects\MyApplication_0525\app\build\intermediates\exploded-aar\com.android.support\support-v4\23.4.0\jars\classes.jar
java_class_path (initial): C:\Android\sdk\build-tools\23.0.2\lib\dx.jar
Launcher Type: SUN_STANDARD

Environment Variables:
PATH=C:\Python34\Lib\site-packages\PyQt5;C:\ProgramData\Oracle\Java\javapath;C:\Program Files (x86)\Intel\iCLS Client\;C:\Program Files\Intel\iCLS Client\;C:\Windows\system32;C:\Windows;C:\Windows\System32\Wbem;C:\Windows\System32\WindowsPowerShell\v1.0\;C:\Program Files (x86)\Windows Live\Shared;C:\Program Files\Intel\Intel(R) Management Engine Components\DAL;C:\Program Files\Intel\Intel(R) Management Engine Components\IPT;C:\Program Files (x86)\Intel\Intel(R) Management Engine Components\DAL;C:\Program Files (x86)\Intel\Intel(R) Management Engine Components\IPT;C:\Program Files\Intel\WiFi\bin\;C:\Program Files\Common Files\Intel\WirelessCommon\;C:\Program Files\Git\cmd;C:\Users\soft\.dnx\bin;C:\Program Files\Microsoft DNX\Dnvm\;C:\Program Files\Microsoft SQL Server\130\Tools\Binn\;C:\Program Files (x86)\Windows Kits\8.1\Windows Performance Toolkit\;C:\Program Files (x86)\QuickTime\QTSystem\;C:\Program Files (x86)\GtkSharp\2.12\bin;C:\Anaconda3;C:\Anaconda3\Scripts;C:\Anaconda3\Library\bin;C:\Users\soft\AppData\Local\Programs\Python\Python35-32\Scripts\;C:\Users\soft\AppData\Local\Programs\Python\Python35-32\;C:\Program Files\Bandizip\7z
USERNAME=¼ÒÇÁÆ®
OS=Windows_NT
PROCESSOR_IDENTIFIER=Intel64 Family 6 Model 69 Stepping 1, GenuineIntel



---------------  S Y S T E M  ---------------

OS: Windows 8.1 , 64 bit Build 9600 (6.3.9600.17415)

CPU:total 4 (2 cores per cpu, 2 threads per core) family 6 model 69 stepping 1, cmov, cx8, fxsr, mmx, sse, sse2, sse3, ssse3, sse4.1, sse4.2, popcnt, avx, avx2, aes, clmul, erms, lzcnt, ht, tsc, tscinvbit, bmi1, bmi2

Memory: 4k page, physical 4099872k(35516k free), swap 7245600k(5188k free)

vm_info: Java HotSpot(TM) 64-Bit Server VM (25.73-b02) for windows-amd64 JRE (1.8.0_73-b02), built on Jan 29 2016 17:38:49 by "java_re" with MS VC++ 10.0 (VS2010)

time: Wed May 25 17:22:28 2016
elapsed time: 13 seconds (0d 0h 0m 13s)

