#
# There is insufficient memory for the Java Runtime Environment to continue.
# Native memory allocation (malloc) failed to allocate 262160 bytes for Chunk::new
# Possible reasons:
#   The system is out of physical RAM or swap space
#   In 32 bit mode, the process size limit was hit
# Possible solutions:
#   Reduce memory load on the system
#   Increase physical memory or swap space
#   Check if swap backing store is full
#   Use 64 bit Java on a 64 bit OS
#   Decrease Java heap size (-Xmx/-Xms)
#   Decrease number of Java threads
#   Decrease Java thread stack sizes (-Xss)
#   Set larger code cache with -XX:ReservedCodeCacheSize=
# This output file may be truncated or incomplete.
#
#  Out of Memory Error (allocation.cpp:390), pid=11188, tid=7376
#
# JRE version: Java(TM) SE Runtime Environment (8.0_73-b02) (build 1.8.0_73-b02)
# Java VM: Java HotSpot(TM) 64-Bit Server VM (25.73-b02 mixed mode windows-amd64 compressed oops)
# Failed to write core dump. Minidumps are not enabled by default on client versions of Windows
#

---------------  T H R E A D  ---------------

Current thread (0x000000001541c000):  JavaThread "C2 CompilerThread1" daemon [_thread_in_native, id=7376, stack(0x0000000016aa0000,0x0000000016ba0000)]

Stack: [0x0000000016aa0000,0x0000000016ba0000]
[error occurred during error reporting (printing stack bounds), id 0xc0000005]

Native frames: (J=compiled Java code, j=interpreted, Vv=VM code, C=native code)


Current CompileTask:
C2:  12533 1822       4       com.android.dx.cf.code.Simulator$SimVisitor::visitConstant (332 bytes)


---------------  P R O C E S S  ---------------

Java Threads: ( => current thread )
  0x0000000016f5f800 JavaThread "pool-2-thread-4" [_thread_in_Java, id=4872, stack(0x00000000176a0000,0x00000000177a0000)]
  0x0000000016ea2000 JavaThread "pool-2-thread-3" [_thread_in_Java, id=5556, stack(0x00000000175a0000,0x00000000176a0000)]
  0x0000000016ea1000 JavaThread "pool-2-thread-2" [_thread_in_Java, id=4040, stack(0x00000000174a0000,0x00000000175a0000)]
  0x0000000016e8f800 JavaThread "pool-3-thread-1" [_thread_blocked, id=6468, stack(0x00000000173a0000,0x00000000174a0000)]
  0x0000000016e8d000 JavaThread "pool-2-thread-1" [_thread_in_Java, id=11104, stack(0x00000000172a0000,0x00000000173a0000)]
  0x0000000016bfe000 JavaThread "Service Thread" daemon [_thread_blocked, id=748, stack(0x00000000170a0000,0x00000000171a0000)]
  0x0000000016bf6000 JavaThread "C1 CompilerThread2" daemon [_thread_blocked, id=6256, stack(0x0000000016fa0000,0x00000000170a0000)]
=>0x000000001541c000 JavaThread "C2 CompilerThread1" daemon [_thread_in_native, id=7376, stack(0x0000000016aa0000,0x0000000016ba0000)]
  0x0000000015419000 JavaThread "C2 CompilerThread0" daemon [_thread_in_native, id=7424, stack(0x00000000169a0000,0x0000000016aa0000)]
  0x00000000153ce000 JavaThread "Attach Listener" daemon [_thread_blocked, id=8728, stack(0x00000000168a0000,0x00000000169a0000)]
  0x00000000153cc800 JavaThread "Signal Dispatcher" daemon [_thread_blocked, id=9240, stack(0x00000000167a0000,0x00000000168a0000)]
  0x0000000002ce0800 JavaThread "Finalizer" daemon [_thread_blocked, id=7572, stack(0x0000000016620000,0x0000000016720000)]
  0x0000000015389000 JavaThread "Reference Handler" daemon [_thread_blocked, id=10864, stack(0x0000000016520000,0x0000000016620000)]
  0x000000000103d800 JavaThread "main" [_thread_in_Java, id=1140, stack(0x00000000027e0000,0x00000000028e0000)]

Other Threads:
  0x0000000015387800 VMThread [stack: 0x0000000016420000,0x0000000016520000] [id=6836]
  0x0000000016c68800 WatcherThread [stack: 0x00000000171a0000,0x00000000172a0000] [id=7060]

VM state:not at safepoint (normal execution)

VM Mutex/Monitor currently owned by a thread: None

Heap:
 PSYoungGen      total 68096K, used 52831K [0x00000000eab00000, 0x00000000ef000000, 0x0000000100000000)
  eden space 65536K, 76% used [0x00000000eab00000,0x00000000edc1e558,0x00000000eeb00000)
  from space 2560K, 98% used [0x00000000eed80000,0x00000000eeff9970,0x00000000ef000000)
  to   space 2560K, 0% used [0x00000000eeb00000,0x00000000eeb00000,0x00000000eed80000)
 ParOldGen       total 44032K, used 13541K [0x00000000c0000000, 0x00000000c2b00000, 0x00000000eab00000)
  object space 44032K, 30% used [0x00000000c0000000,0x00000000c0d39698,0x00000000c2b00000)
 Metaspace       used 6310K, capacity 7158K, committed 7296K, reserved 1056768K
  class space    used 608K, capacity 622K, committed 640K, reserved 1048576K

Card table byte_map: [0x00000000120b0000,0x00000000122c0000] byte_map_base: 0x0000000011ab0000

Marking Bits: (ParMarkBitMap*) 0x0000000062980600
 Begin Bits: [0x0000000012820000, 0x0000000013820000)
 End Bits:   [0x0000000013820000, 0x0000000014820000)

Polling page: 0x0000000000fd0000

CodeCache: size=245760Kb used=7909Kb max_used=7909Kb free=237850Kb
 bounds [0x0000000002cf0000, 0x00000000034c0000, 0x0000000011cf0000]
 total_blobs=2054 nmethods=1782 adapters=184
 compilation: enabled

Compilation events (10 events):
Event: 12.488 Thread 0x0000000016bf6000 1850       2       com.android.dx.ssa.back.FirstFitLocalCombiningAllocator$Multiset::getAndRemoveHighestCount (63 bytes)
Event: 12.488 Thread 0x0000000016bf6000 nmethod 1850 0x0000000003468cd0 code [0x0000000003468e40, 0x0000000003469090]
Event: 12.498 Thread 0x0000000016bf6000 1851       2       java.util.concurrent.locks.LockSupport::setBlocker (12 bytes)
Event: 12.499 Thread 0x0000000016bf6000 nmethod 1851 0x00000000034689d0 code [0x0000000003468b20, 0x0000000003468c70]
Event: 12.499 Thread 0x0000000016bf6000 1853   !   2       com.android.dx.cf.direct.MemberListParser::parse (641 bytes)
Event: 12.505 Thread 0x0000000016bf6000 nmethod 1853 0x0000000003478650 code [0x0000000003478da0, 0x000000000347b998]
Event: 12.508 Thread 0x0000000016bf6000 1854   !   2       java.util.zip.ZipFile::releaseInflater (41 bytes)
Event: 12.508 Thread 0x0000000016bf6000 nmethod 1854 0x0000000003477d50 code [0x0000000003477ee0, 0x00000000034783f8]
Event: 12.508 Thread 0x0000000016bf6000 1855       2       java.util.concurrent.locks.AbstractQueuedSynchronizer$Node::predecessor (19 bytes)
Event: 12.509 Thread 0x0000000016bf6000 nmethod 1855 0x00000000034778d0 code [0x0000000003477a40, 0x0000000003477c48]

GC Heap History (8 events):
Event: 1.090 GC heap before
{Heap before GC invocations=1 (full 0):
 PSYoungGen      total 18944K, used 16384K [0x00000000eab00000, 0x00000000ec000000, 0x0000000100000000)
  eden space 16384K, 100% used [0x00000000eab00000,0x00000000ebb00000,0x00000000ebb00000)
  from space 2560K, 0% used [0x00000000ebd80000,0x00000000ebd80000,0x00000000ec000000)
  to   space 2560K, 0% used [0x00000000ebb00000,0x00000000ebb00000,0x00000000ebd80000)
 ParOldGen       total 44032K, used 0K [0x00000000c0000000, 0x00000000c2b00000, 0x00000000eab00000)
  object space 44032K, 0% used [0x00000000c0000000,0x00000000c0000000,0x00000000c2b00000)
 Metaspace       used 3966K, capacity 5040K, committed 5120K, reserved 1056768K
  class space    used 442K, capacity 488K, committed 512K, reserved 1048576K
Event: 1.227 GC heap after
Heap after GC invocations=1 (full 0):
 PSYoungGen      total 18944K, used 1727K [0x00000000eab00000, 0x00000000ed000000, 0x0000000100000000)
  eden space 16384K, 0% used [0x00000000eab00000,0x00000000eab00000,0x00000000ebb00000)
  from space 2560K, 67% used [0x00000000ebb00000,0x00000000ebcafc10,0x00000000ebd80000)
  to   space 2560K, 0% used [0x00000000ecd80000,0x00000000ecd80000,0x00000000ed000000)
 ParOldGen       total 44032K, used 8K [0x00000000c0000000, 0x00000000c2b00000, 0x00000000eab00000)
  object space 44032K, 0% used [0x00000000c0000000,0x00000000c0002000,0x00000000c2b00000)
 Metaspace       used 3966K, capacity 5040K, committed 5120K, reserved 1056768K
  class space    used 442K, capacity 488K, committed 512K, reserved 1048576K
}
Event: 3.906 GC heap before
{Heap before GC invocations=2 (full 0):
 PSYoungGen      total 18944K, used 18111K [0x00000000eab00000, 0x00000000ed000000, 0x0000000100000000)
  eden space 16384K, 100% used [0x00000000eab00000,0x00000000ebb00000,0x00000000ebb00000)
  from space 2560K, 67% used [0x00000000ebb00000,0x00000000ebcafc10,0x00000000ebd80000)
  to   space 2560K, 0% used [0x00000000ecd80000,0x00000000ecd80000,0x00000000ed000000)
 ParOldGen       total 44032K, used 8K [0x00000000c0000000, 0x00000000c2b00000, 0x00000000eab00000)
  object space 44032K, 0% used [0x00000000c0000000,0x00000000c0002000,0x00000000c2b00000)
 Metaspace       used 5942K, capacity 6836K, committed 7040K, reserved 1056768K
  class space    used 604K, capacity 620K, committed 640K, reserved 1048576K
Event: 4.091 GC heap after
Heap after GC invocations=2 (full 0):
 PSYoungGen      total 35328K, used 2553K [0x00000000eab00000, 0x00000000ed000000, 0x0000000100000000)
  eden space 32768K, 0% used [0x00000000eab00000,0x00000000eab00000,0x00000000ecb00000)
  from space 2560K, 99% used [0x00000000ecd80000,0x00000000ecffe6d0,0x00000000ed000000)
  to   space 2560K, 0% used [0x00000000ecb00000,0x00000000ecb00000,0x00000000ecd80000)
 ParOldGen       total 44032K, used 2862K [0x00000000c0000000, 0x00000000c2b00000, 0x00000000eab00000)
  object space 44032K, 6% used [0x00000000c0000000,0x00000000c02cb810,0x00000000c2b00000)
 Metaspace       used 5942K, capacity 6836K, committed 7040K, reserved 1056768K
  class space    used 604K, capacity 620K, committed 640K, reserved 1048576K
}
Event: 7.220 GC heap before
{Heap before GC invocations=3 (full 0):
 PSYoungGen      total 35328K, used 35321K [0x00000000eab00000, 0x00000000ed000000, 0x0000000100000000)
  eden space 32768K, 100% used [0x00000000eab00000,0x00000000ecb00000,0x00000000ecb00000)
  from space 2560K, 99% used [0x00000000ecd80000,0x00000000ecffe6d0,0x00000000ed000000)
  to   space 2560K, 0% used [0x00000000ecb00000,0x00000000ecb00000,0x00000000ecd80000)
 ParOldGen       total 44032K, used 2862K [0x00000000c0000000, 0x00000000c2b00000, 0x00000000eab00000)
  object space 44032K, 6% used [0x00000000c0000000,0x00000000c02cb810,0x00000000c2b00000)
 Metaspace       used 6226K, capacity 7094K, committed 7296K, reserved 1056768K
  class space    used 606K, capacity 622K, committed 640K, reserved 1048576K
Event: 8.384 GC heap after
Heap after GC invocations=3 (full 0):
 PSYoungGen      total 35328K, used 2534K [0x00000000eab00000, 0x00000000ef000000, 0x0000000100000000)
  eden space 32768K, 0% used [0x00000000eab00000,0x00000000eab00000,0x00000000ecb00000)
  from space 2560K, 98% used [0x00000000ecb00000,0x00000000ecd79970,0x00000000ecd80000)
  to   space 2560K, 0% used [0x00000000eed80000,0x00000000eed80000,0x00000000ef000000)
 ParOldGen       total 44032K, used 8114K [0x00000000c0000000, 0x00000000c2b00000, 0x00000000eab00000)
  object space 44032K, 18% used [0x00000000c0000000,0x00000000c07ecb68,0x00000000c2b00000)
 Metaspace       used 6226K, capacity 7094K, committed 7296K, reserved 1056768K
  class space    used 606K, capacity 622K, committed 640K, reserved 1048576K
}
Event: 9.567 GC heap before
{Heap before GC invocations=4 (full 0):
 PSYoungGen      total 35328K, used 35302K [0x00000000eab00000, 0x00000000ef000000, 0x0000000100000000)
  eden space 32768K, 100% used [0x00000000eab00000,0x00000000ecb00000,0x00000000ecb00000)
  from space 2560K, 98% used [0x00000000ecb00000,0x00000000ecd79970,0x00000000ecd80000)
  to   space 2560K, 0% used [0x00000000eed80000,0x00000000eed80000,0x00000000ef000000)
 ParOldGen       total 44032K, used 8114K [0x00000000c0000000, 0x00000000c2b00000, 0x00000000eab00000)
  object space 44032K, 18% used [0x00000000c0000000,0x00000000c07ecb68,0x00000000c2b00000)
 Metaspace       used 6270K, capacity 7094K, committed 7296K, reserved 1056768K
  class space    used 607K, capacity 622K, committed 640K, reserved 1048576K
Event: 10.150 GC heap after
Heap after GC invocations=4 (full 0):
 PSYoungGen      total 68096K, used 2534K [0x00000000eab00000, 0x00000000ef000000, 0x0000000100000000)
  eden space 65536K, 0% used [0x00000000eab00000,0x00000000eab00000,0x00000000eeb00000)
  from space 2560K, 98% used [0x00000000eed80000,0x00000000eeff9970,0x00000000ef000000)
  to   space 2560K, 0% used [0x00000000eeb00000,0x00000000eeb00000,0x00000000eed80000)
 ParOldGen       total 44032K, used 13541K [0x00000000c0000000, 0x00000000c2b00000, 0x00000000eab00000)
  object space 44032K, 30% used [0x00000000c0000000,0x00000000c0d39698,0x00000000c2b00000)
 Metaspace       used 6270K, capacity 7094K, committed 7296K, reserved 1056768K
  class space    used 607K, capacity 622K, committed 640K, reserved 1048576K
}

Deoptimization events (10 events):
Event: 8.566 Thread 0x0000000016f5f800 Uncommon trap: reason=bimorphic action=maybe_recompile pc=0x0000000002f5f290 method=java.util.HashMap.getNode(ILjava/lang/Object;)Ljava/util/HashMap$Node; @ 126
Event: 8.566 Thread 0x0000000016f5f800 Uncommon trap: reason=class_check action=maybe_recompile pc=0x000000000324d000 method=java.util.HashMap.putVal(ILjava/lang/Object;Ljava/lang/Object;ZZ)Ljava/lang/Object; @ 203
Event: 8.566 Thread 0x0000000016f5f800 Uncommon trap: reason=bimorphic action=maybe_recompile pc=0x0000000002f7b3e8 method=java.util.HashMap.getNode(ILjava/lang/Object;)Ljava/util/HashMap$Node; @ 126
Event: 9.365 Thread 0x0000000016e8d000 Uncommon trap: reason=unstable_if action=reinterpret pc=0x00000000033cf8b8 method=com.android.dx.ssa.SsaRenamer$BlockRenamer.process()V @ 90
Event: 9.542 Thread 0x0000000016f5f800 Uncommon trap: reason=unstable_if action=reinterpret pc=0x000000000328eb8c method=com.android.dx.ssa.SCCP.simulateBranch(Lcom/android/dx/ssa/SsaInsn;)V @ 64
Event: 9.543 Thread 0x0000000016f5f800 Uncommon trap: reason=unstable_if action=reinterpret pc=0x000000000320e4bc method=com.android.dx.ssa.LiteralOpUpgrader$1.visitNonMoveInsn(Lcom/android/dx/ssa/NormalSsaInsn;)V @ 55
Event: 9.544 Thread 0x0000000016f5f800 Uncommon trap: reason=unstable_if action=reinterpret pc=0x00000000030e9edc method=com.android.dx.ssa.SsaMethod.updateOneDefinition(Lcom/android/dx/ssa/SsaInsn;Lcom/android/dx/rop/code/RegisterSpec;)V @ 4
Event: 12.025 Thread 0x0000000016e8d000 Uncommon trap: reason=null_check action=make_not_entrant pc=0x00000000034898bc method=com.android.dx.cf.code.Ropper$CatchInfo.getSetup(Lcom/android/dx/rop/type/Type;)Lcom/android/dx/cf/code/Ropper$ExceptionHandlerSetup; @ 10
Event: 12.468 Thread 0x0000000016e8d000 Uncommon trap: reason=bimorphic action=maybe_recompile pc=0x00000000033699a0 method=com.android.dx.cf.code.BytecodeArray.parseInstruction(ILcom/android/dx/cf/code/BytecodeArray$Visitor;)I @ 1501
Event: 12.470 Thread 0x0000000016e8d000 Uncommon trap: reason=bimorphic action=maybe_recompile pc=0x00000000033699a0 method=com.android.dx.cf.code.BytecodeArray.parseInstruction(ILcom/android/dx/cf/code/BytecodeArray$Visitor;)I @ 1501

Internal exceptions (5 events):
Event: 0.076 Thread 0x000000000103d800 Exception <a 'java/lang/NoSuchMethodError': Method sun.misc.Unsafe.defineClass(Ljava/lang/String;[BII)Ljava/lang/Class; name or signature does not match> (0x00000000eab130e8) thrown at [D:\re\puppet\workspace\8-2-build-windows-amd64-cygwin\jdk8u73\6086\hot	9‡­ÿ™³?
Event: 0.077 Thread 0x000000000103d800 Exception <a 'java/lang/NoSuchMethodError': Method sun.misc.Unsafe.prefetchRead(Ljava/lang/Object;J)V name or signature does not match> (0x00000000eab133d0) thrown at [D:\re\puppet\workspace\8-2-build-windows-amd64-cygwin\jdk8u73\6086\hotspot\src\share\vm\ážX`Oü@
Event: 3.748 Thread 0x0000000016e8d000 Implicit null exception at 0x000000000308d6e2 to 0x000000000308d7e9
Event: 6.449 Thread 0x0000000016f5f800 Implicit null exception at 0x0000000003222f78 to 0x00000000032252f9
Event: 12.025 Thread 0x0000000016e8d000 Implicit null exception at 0x0000000003484ee0 to 0x0000000003489875

Events (10 events):
Event: 12.025 Thread 0x0000000016e8d000 DEOPT PACKING pc=0x00000000034898bc sp=0x000000001739eb40
Event: 12.025 Thread 0x0000000016e8d000 DEOPT UNPACKING pc=0x0000000002d3582a sp=0x000000001739eab8 mode 2
Event: 12.461 Thread 0x0000000016e8d000 DEOPT PACKING pc=0x0000000002f9bb03 sp=0x000000001739e990
Event: 12.461 Thread 0x0000000016e8d000 DEOPT UNPACKING pc=0x0000000002d3787f sp=0x000000001739e710 mode 0
Event: 12.468 Thread 0x0000000016e8d000 Uncommon trap: trap_request=0xffffffc6 fr.pc=0x00000000033699a0
Event: 12.468 Thread 0x0000000016e8d000 DEOPT PACKING pc=0x00000000033699a0 sp=0x000000001739e8c0
Event: 12.468 Thread 0x0000000016e8d000 DEOPT UNPACKING pc=0x0000000002d3582a sp=0x000000001739e840 mode 2
Event: 12.470 Thread 0x0000000016e8d000 Uncommon trap: trap_request=0xffffffc6 fr.pc=0x00000000033699a0
Event: 12.470 Thread 0x0000000016e8d000 DEOPT PACKING pc=0x00000000033699a0 sp=0x000000001739e8e0
Event: 12.470 Thread 0x0000000016e8d000 DEOPT UNPACKING pc=0x0000000002d3582a sp=0x000000001739e860 mode 2


Dynamic libraries:
0x00007ff789a50000 - 0x00007ff789a87000 	C:\Program Files\Java\jdk1.8.0_73\bin\java.exe
0x00007ff856bf0000 - 0x00007ff856d9d000 	C:\Windows\SYSTEM32\ntdll.dll
0x00007ff854760000 - 0x00007ff85489e000 	C:\Windows\system32\KERNEL32.DLL
0x00007ff8540b0000 - 0x00007ff8541c5000 	C:\Windows\system32\KERNELBASE.dll
0x00007ff8528f0000 - 0x00007ff85297e000 	C:\Windows\system32\apphelp.dll
0x00007ff843600000 - 0x00007ff843653000 	C:\Windows\AppPatch\AppPatch64\AcGenral.DLL
0x00007ff855390000 - 0x00007ff85543a000 	C:\Windows\system32\msvcrt.dll
0x00007ff854080000 - 0x00007ff8540ae000 	C:\Windows\system32\SspiCli.dll
0x00007ff855170000 - 0x00007ff8551c4000 	C:\Windows\system32\SHLWAPI.dll
0x00007ff854eb0000 - 0x00007ff855027000 	C:\Windows\system32\USER32.dll
0x00007ff8545c0000 - 0x00007ff854754000 	C:\Windows\system32\ole32.dll
0x00007ff8556c0000 - 0x00007ff856bea000 	C:\Windows\system32\SHELL32.dll
0x00007ff8532f0000 - 0x00007ff853311000 	C:\Windows\SYSTEM32\USERENV.dll
0x00007ff854da0000 - 0x00007ff854e4a000 	C:\Windows\system32\ADVAPI32.dll
0x00007ff851270000 - 0x00007ff85128e000 	C:\Windows\SYSTEM32\MPR.dll
0x00007ff855030000 - 0x00007ff855170000 	C:\Windows\system32\RPCRT4.dll
0x00007ff8551d0000 - 0x00007ff855229000 	C:\Windows\SYSTEM32\sechost.dll
0x00007ff854970000 - 0x00007ff854b81000 	C:\Windows\SYSTEM32\combase.dll
0x00007ff854bd0000 - 0x00007ff854d20000 	C:\Windows\system32\GDI32.dll
0x00007ff853d20000 - 0x00007ff853d35000 	C:\Windows\SYSTEM32\profapi.dll
0x00007ff8522c0000 - 0x00007ff852372000 	C:\Windows\SYSTEM32\SHCORE.dll
0x00007ff855680000 - 0x00007ff8556b6000 	C:\Windows\system32\IMM32.DLL
0x00007ff855230000 - 0x00007ff855382000 	C:\Windows\system32\MSCTF.dll
0x00007ff851570000 - 0x00007ff8517eb000 	C:\Windows\WinSxS\amd64_microsoft.windows.common-controls_6595b64144ccf1df_6.0.9600.18006_none_623f33d3ecbe86e8\COMCTL32.dll
0x0000000061cf0000 - 0x0000000061dc2000 	C:\Program Files\Java\jdk1.8.0_73\jre\bin\msvcr100.dll
0x0000000062170000 - 0x0000000062a00000 	C:\Program Files\Java\jdk1.8.0_73\jre\bin\server\jvm.dll
0x00007ff84a870000 - 0x00007ff84a879000 	C:\Windows\SYSTEM32\WSOCK32.dll
0x00007ff84e3a0000 - 0x00007ff84e3c2000 	C:\Windows\SYSTEM32\WINMM.dll
0x00007ff84d7e0000 - 0x00007ff84d7ea000 	C:\Windows\SYSTEM32\VERSION.dll
0x00007ff854bb0000 - 0x00007ff854bb7000 	C:\Windows\system32\PSAPI.DLL
0x00007ff854e50000 - 0x00007ff854eaa000 	C:\Windows\system32\WS2_32.dll
0x00007ff84e370000 - 0x00007ff84e39a000 	C:\Windows\SYSTEM32\WINMMBASE.dll
0x00007ff854bc0000 - 0x00007ff854bc9000 	C:\Windows\system32\NSI.dll
0x00007ff854030000 - 0x00007ff85407f000 	C:\Windows\SYSTEM32\cfgmgr32.dll
0x00007ff852b40000 - 0x00007ff852b68000 	C:\Windows\SYSTEM32\DEVOBJ.dll
0x0000000062160000 - 0x000000006216f000 	C:\Program Files\Java\jdk1.8.0_73\jre\bin\verify.dll
0x0000000062130000 - 0x0000000062159000 	C:\Program Files\Java\jdk1.8.0_73\jre\bin\java.dll
0x0000000062110000 - 0x0000000062126000 	C:\Program Files\Java\jdk1.8.0_73\jre\bin\zip.dll

VM Arguments:
jvm_args: -Djava.awt.headless=true -Xmx1024M -Dfile.encoding=x-windows-949 -Duser.country=KR -Duser.language=ko -Duser.variant 
java_command: com.android.dx.command.Main --dex --force-jumbo --num-threads=4 --multi-dex --output C:\Users\soft\AndroidStudioProjects\MyApplication_0525\app\build\intermediates\transforms\dex\debug\folders\1000\10\com.android.support-support-v4-23.4.0_f1600f8b42592067b6f36223950caf61e10965a8 C:\Users\soft\AndroidStudioProjects\MyApplication_0525\app\build\intermediates\exploded-aar\com.android.support\support-v4\23.4.0\jars\classes.jar
java_class_path (initial): C:\Android\sdk\build-tools\23.0.2\lib\dx.jar
Launcher Type: SUN_STANDARD

Environment Variables:
PATH=C:\Python34\Lib\site-packages\PyQt5;C:\ProgramData\Oracle\Java\javapath;C:\Program Files (x86)\Intel\iCLS Client\;C:\Program Files\Intel\iCLS Client\;C:\Windows\system32;C:\Windows;C:\Windows\System32\Wbem;C:\Windows\System32\WindowsPowerShell\v1.0\;C:\Program Files (x86)\Windows Live\Shared;C:\Program Files\Intel\Intel(R) Management Engine Components\DAL;C:\Program Files\Intel\Intel(R) Management Engine Components\IPT;C:\Program Files (x86)\Intel\Intel(R) Management Engine Components\DAL;C:\Program Files (x86)\Intel\Intel(R) Management Engine Components\IPT;C:\Program Files\Intel\WiFi\bin\;C:\Program Files\Common Files\Intel\WirelessCommon\;C:\Program Files\Git\cmd;C:\Users\soft\.dnx\bin;C:\Program Files\Microsoft DNX\Dnvm\;C:\Program Files\Microsoft SQL Server\130\Tools\Binn\;C:\Program Files (x86)\Windows Kits\8.1\Windows Performance Toolkit\;C:\Program Files (x86)\QuickTime\QTSystem\;C:\Program Files (x86)\GtkSharp\2.12\bin;C:\Anaconda3;C:\Anaconda3\Scripts;C:\Anaconda3\Library\bin;C:\Users\soft\AppData\Local\Programs\Python\Python35-32\Scripts\;C:\Users\soft\AppData\Local\Programs\Python\Python35-32\;C:\Program Files\Bandizip\7z
USERNAME=¼ÒÇÁÆ®
OS=Windows_NT
PROCESSOR_IDENTIFIER=Intel64 Family 6 Model 69 Stepping 1, GenuineIntel



---------------  S Y S T E M  ---------------

OS: Windows 8.1 , 64 bit Build 9600 (6.3.9600.17415)

CPU:total 4 (2 cores per cpu, 2 threads per core) family 6 model 69 stepping 1, cmov, cx8, fxsr, mmx, sse, sse2, sse3, ssse3, sse4.1, sse4.2, popcnt, avx, avx2, aes, clmul, erms, lzcnt, ht, tsc, tscinvbit, bmi1, bmi2

Memory: 4k page, physical 4099872k(193304k free), swap 7245600k(5584k free)

vm_info: Java HotSpot(TM) 64-Bit Server VM (25.73-b02) for windows-amd64 JRE (1.8.0_73-b02), built on Jan 29 2016 17:38:49 by "java_re" with MS VC++ 10.0 (VS2010)

time: Wed May 25 17:21:23 2016
elapsed time: 12 seconds (0d 0h 0m 12s)

