#
# There is insufficient memory for the Java Runtime Environment to continue.
# Native memory allocation (malloc) failed to allocate 32784 bytes for Chunk::new
# Possible reasons:
#   The system is out of physical RAM or swap space
#   In 32 bit mode, the process size limit was hit
# Possible solutions:
#   Reduce memory load on the system
#   Increase physical memory or swap space
#   Check if swap backing store is full
#   Use 64 bit Java on a 64 bit OS
#   Decrease Java heap size (-Xmx/-Xms)
#   Decrease number of Java threads
#   Decrease Java thread stack sizes (-Xss)
#   Set larger code cache with -XX:ReservedCodeCacheSize=
# This output file may be truncated or incomplete.
#
#  Out of Memory Error (allocation.cpp:390), pid=6160, tid=11712
#
# JRE version: Java(TM) SE Runtime Environment (8.0_73-b02) (build 1.8.0_73-b02)
# Java VM: Java HotSpot(TM) 64-Bit Server VM (25.73-b02 mixed mode windows-amd64 compressed oops)
# Failed to write core dump. Minidumps are not enabled by default on client versions of Windows
#

---------------  T H R E A D  ---------------

Current thread (0x00000000155aa000):  JavaThread "C2 CompilerThread0" daemon [_thread_in_native, id=11712, stack(0x0000000016b30000,0x0000000016c30000)]

Stack: [0x0000000016b30000,0x0000000016c30000]
[error occurred during error reporting (printing stack bounds), id 0xc0000005]

Native frames: (J=compiled Java code, j=interpreted, Vv=VM code, C=native code)


Current CompileTask:
C2:   9338 1506       4       com.android.dx.rop.code.LocalVariableInfo::mergeStarts (75 bytes)


---------------  P R O C E S S  ---------------

Java Threads: ( => current thread )
  0x0000000016ead800 JavaThread "pool-2-thread-4" [_thread_blocked, id=8864, stack(0x0000000017830000,0x0000000017930000)]
  0x0000000016eac800 JavaThread "pool-2-thread-3" [_thread_in_vm, id=9268, stack(0x0000000017730000,0x0000000017830000)]
  0x0000000016eab000 JavaThread "pool-2-thread-2" [_thread_blocked, id=10232, stack(0x0000000017630000,0x0000000017730000)]
  0x0000000016e9b000 JavaThread "pool-3-thread-1" [_thread_blocked, id=6408, stack(0x0000000017530000,0x0000000017630000)]
  0x0000000016e98800 JavaThread "pool-2-thread-1" [_thread_blocked, id=7312, stack(0x0000000017430000,0x0000000017530000)]
  0x0000000016c92000 JavaThread "Service Thread" daemon [_thread_blocked, id=9304, stack(0x0000000017230000,0x0000000017330000)]
  0x0000000016c8a800 JavaThread "C1 CompilerThread2" daemon [_thread_blocked, id=5508, stack(0x0000000017130000,0x0000000017230000)]
  0x0000000016c84800 JavaThread "C2 CompilerThread1" daemon [_thread_in_native, id=3448, stack(0x0000000017030000,0x0000000017130000)]
=>0x00000000155aa000 JavaThread "C2 CompilerThread0" daemon [_thread_in_native, id=11712, stack(0x0000000016b30000,0x0000000016c30000)]
  0x000000001555f000 JavaThread "Attach Listener" daemon [_thread_blocked, id=4772, stack(0x0000000016a30000,0x0000000016b30000)]
  0x000000001555d800 JavaThread "Signal Dispatcher" daemon [_thread_blocked, id=12648, stack(0x0000000016930000,0x0000000016a30000)]
  0x0000000002df7800 JavaThread "Finalizer" daemon [_thread_blocked, id=1084, stack(0x00000000167b0000,0x00000000168b0000)]
  0x0000000002dee800 JavaThread "Reference Handler" daemon [_thread_blocked, id=7856, stack(0x00000000166b0000,0x00000000167b0000)]
  0x0000000002e7d800 JavaThread "main" [_thread_in_Java, id=10544, stack(0x0000000002900000,0x0000000002a00000)]

Other Threads:
  0x0000000015518800 VMThread [stack: 0x00000000165b0000,0x00000000166b0000] [id=7016]
  0x0000000016cdf800 WatcherThread [stack: 0x0000000017330000,0x0000000017430000] [id=10500]

VM state:not at safepoint (normal execution)

VM Mutex/Monitor currently owned by a thread: None

Heap:
 PSYoungGen      total 35328K, used 10201K [0x00000000eab00000, 0x00000000ed000000, 0x0000000100000000)
  eden space 32768K, 23% used [0x00000000eab00000,0x00000000eb2779b8,0x00000000ecb00000)
  from space 2560K, 99% used [0x00000000ecb00000,0x00000000ecd7ebd0,0x00000000ecd80000)
  to   space 2560K, 0% used [0x00000000ecd80000,0x00000000ecd80000,0x00000000ed000000)
 ParOldGen       total 44032K, used 7562K [0x00000000c0000000, 0x00000000c2b00000, 0x00000000eab00000)
  object space 44032K, 17% used [0x00000000c0000000,0x00000000c07628e8,0x00000000c2b00000)
 Metaspace       used 6217K, capacity 7030K, committed 7296K, reserved 1056768K
  class space    used 606K, capacity 622K, committed 640K, reserved 1048576K

Card table byte_map: [0x0000000012240000,0x0000000012450000] byte_map_base: 0x0000000011c40000

Marking Bits: (ParMarkBitMap*) 0x0000000062980600
 Begin Bits: [0x00000000129b0000, 0x00000000139b0000)
 End Bits:   [0x00000000139b0000, 0x00000000149b0000)

Polling page: 0x00000000010a0000

CodeCache: size=245760Kb used=6581Kb max_used=6617Kb free=239178Kb
 bounds [0x0000000002e80000, 0x0000000003500000, 0x0000000011e80000]
 total_blobs=1781 nmethods=1510 adapters=184
 compilation: enabled

Compilation events (10 events):
Event: 8.917 Thread 0x0000000016c8a800 1526       3       java.util.concurrent.ThreadPoolExecutor::isRunning (10 bytes)
Event: 8.918 Thread 0x0000000016c8a800 nmethod 1526 0x00000000034d0350 code [0x00000000034d04a0, 0x00000000034d0630]
Event: 9.309 Thread 0x0000000016c8a800 1527       1       com.android.dx.rop.cst.CstKnownNull::getType (4 bytes)
Event: 9.309 Thread 0x0000000016c8a800 nmethod 1527 0x00000000034c9210 code [0x00000000034c9360, 0x00000000034c9470]
Event: 9.312 Thread 0x0000000016c8a800 1528       3       com.android.dx.cf.code.LocalVariableList::itemToLocal (47 bytes)
Event: 9.312 Thread 0x0000000016c8a800 nmethod 1528 0x00000000034c7b50 code [0x00000000034c7d00, 0x00000000034c8278]
Event: 9.314 Thread 0x0000000016c8a800 1529       3       com.android.dx.cf.code.LocalVariableList::get (9 bytes)
Event: 9.314 Thread 0x0000000016c8a800 nmethod 1529 0x00000000034c69d0 code [0x00000000034c6b40, 0x00000000034c6e28]
Event: 9.318 Thread 0x0000000016c8a800 1530       3       com.android.dx.rop.annotation.Annotations::add (75 bytes)
Event: 9.319 Thread 0x0000000016c8a800 nmethod 1530 0x00000000034eb010 code [0x00000000034eb280, 0x00000000034ec1a8]

GC Heap History (6 events):
Event: 2.248 GC heap before
{Heap before GC invocations=1 (full 0):
 PSYoungGen      total 18944K, used 16384K [0x00000000eab00000, 0x00000000ec000000, 0x0000000100000000)
  eden space 16384K, 100% used [0x00000000eab00000,0x00000000ebb00000,0x00000000ebb00000)
  from space 2560K, 0% used [0x00000000ebd80000,0x00000000ebd80000,0x00000000ec000000)
  to   space 2560K, 0% used [0x00000000ebb00000,0x00000000ebb00000,0x00000000ebd80000)
 ParOldGen       total 44032K, used 0K [0x00000000c0000000, 0x00000000c2b00000, 0x00000000eab00000)
  object space 44032K, 0% used [0x00000000c0000000,0x00000000c0000000,0x00000000c2b00000)
 Metaspace       used 3968K, capacity 5040K, committed 5120K, reserved 1056768K
  class space    used 443K, capacity 488K, committed 512K, reserved 1048576K
Event: 2.358 GC heap after
Heap after GC invocations=1 (full 0):
 PSYoungGen      total 18944K, used 1694K [0x00000000eab00000, 0x00000000ed000000, 0x0000000100000000)
  eden space 16384K, 0% used [0x00000000eab00000,0x00000000eab00000,0x00000000ebb00000)
  from space 2560K, 66% used [0x00000000ebb00000,0x00000000ebca78f8,0x00000000ebd80000)
  to   space 2560K, 0% used [0x00000000ecd80000,0x00000000ecd80000,0x00000000ed000000)
 ParOldGen       total 44032K, used 8K [0x00000000c0000000, 0x00000000c2b00000, 0x00000000eab00000)
  object space 44032K, 0% used [0x00000000c0000000,0x00000000c0002000,0x00000000c2b00000)
 Metaspace       used 3968K, capacity 5040K, committed 5120K, reserved 1056768K
  class space    used 443K, capacity 488K, committed 512K, reserved 1048576K
}
Event: 7.123 GC heap before
{Heap before GC invocations=2 (full 0):
 PSYoungGen      total 18944K, used 18078K [0x00000000eab00000, 0x00000000ed000000, 0x0000000100000000)
  eden space 16384K, 100% used [0x00000000eab00000,0x00000000ebb00000,0x00000000ebb00000)
  from space 2560K, 66% used [0x00000000ebb00000,0x00000000ebca78f8,0x00000000ebd80000)
  to   space 2560K, 0% used [0x00000000ecd80000,0x00000000ecd80000,0x00000000ed000000)
 ParOldGen       total 44032K, used 8K [0x00000000c0000000, 0x00000000c2b00000, 0x00000000eab00000)
  object space 44032K, 0% used [0x00000000c0000000,0x00000000c0002000,0x00000000c2b00000)
 Metaspace       used 6039K, capacity 6900K, committed 7040K, reserved 1056768K
  class space    used 604K, capacity 620K, committed 640K, reserved 1048576K
Event: 7.243 GC heap after
Heap after GC invocations=2 (full 0):
 PSYoungGen      total 35328K, used 2550K [0x00000000eab00000, 0x00000000ed000000, 0x0000000100000000)
  eden space 32768K, 0% used [0x00000000eab00000,0x00000000eab00000,0x00000000ecb00000)
  from space 2560K, 99% used [0x00000000ecd80000,0x00000000ecffdbf0,0x00000000ed000000)
  to   space 2560K, 0% used [0x00000000ecb00000,0x00000000ecb00000,0x00000000ecd80000)
 ParOldGen       total 44032K, used 2413K [0x00000000c0000000, 0x00000000c2b00000, 0x00000000eab00000)
  object space 44032K, 5% used [0x00000000c0000000,0x00000000c025b608,0x00000000c2b00000)
 Metaspace       used 6039K, capacity 6900K, committed 7040K, reserved 1056768K
  class space    used 604K, capacity 620K, committed 640K, reserved 1048576K
}
Event: 9.273 GC heap before
{Heap before GC invocations=3 (full 0):
 PSYoungGen      total 35328K, used 35318K [0x00000000eab00000, 0x00000000ed000000, 0x0000000100000000)
  eden space 32768K, 100% used [0x00000000eab00000,0x00000000ecb00000,0x00000000ecb00000)
  from space 2560K, 99% used [0x00000000ecd80000,0x00000000ecffdbf0,0x00000000ed000000)
  to   space 2560K, 0% used [0x00000000ecb00000,0x00000000ecb00000,0x00000000ecd80000)
 ParOldGen       total 44032K, used 2413K [0x00000000c0000000, 0x00000000c2b00000, 0x00000000eab00000)
  object space 44032K, 5% used [0x00000000c0000000,0x00000000c025b608,0x00000000c2b00000)
 Metaspace       used 6217K, capacity 7030K, committed 7296K, reserved 1056768K
  class space    used 606K, capacity 622K, committed 640K, reserved 1048576K
Event: 9.303 GC heap after
Heap after GC invocations=3 (full 0):
 PSYoungGen      total 35328K, used 2554K [0x00000000eab00000, 0x00000000ed000000, 0x0000000100000000)
  eden space 32768K, 0% used [0x00000000eab00000,0x00000000eab00000,0x00000000ecb00000)
  from space 2560K, 99% used [0x00000000ecb00000,0x00000000ecd7ebd0,0x00000000ecd80000)
  to   space 2560K, 0% used [0x00000000ecd80000,0x00000000ecd80000,0x00000000ed000000)
 ParOldGen       total 44032K, used 7562K [0x00000000c0000000, 0x00000000c2b00000, 0x00000000eab00000)
  object space 44032K, 17% used [0x00000000c0000000,0x00000000c07628e8,0x00000000c2b00000)
 Metaspace       used 6217K, capacity 7030K, committed 7296K, reserved 1056768K
  class space    used 606K, capacity 622K, committed 640K, reserved 1048576K
}

Deoptimization events (10 events):
Event: 8.431 Thread 0x0000000002e7d800 Uncommon trap: reason=bimorphic action=maybe_recompile pc=0x0000000003458fcc method=com.android.dx.cf.code.BytecodeArray.parseInstruction(ILcom/android/dx/cf/code/BytecodeArray$Visitor;)I @ 1224
Event: 8.926 Thread 0x0000000002e7d800 Uncommon trap: reason=unstable_if action=reinterpret pc=0x000000000323dc44 method=com.android.dx.rop.code.RegisterSpec.equals(ILcom/android/dx/rop/type/TypeBearer;Lcom/android/dx/rop/code/LocalItem;)Z @ 42
Event: 9.323 Thread 0x0000000002e7d800 Uncommon trap: reason=bimorphic action=maybe_recompile pc=0x00000000032b1db4 method=java.util.HashMap.getNode(ILjava/lang/Object;)Ljava/util/HashMap$Node; @ 126
Event: 9.324 Thread 0x0000000002e7d800 Uncommon trap: reason=class_check action=maybe_recompile pc=0x00000000032bacc4 method=java.util.HashMap.putVal(ILjava/lang/Object;Ljava/lang/Object;ZZ)Ljava/lang/Object; @ 203
Event: 9.325 Thread 0x0000000002e7d800 Uncommon trap: reason=bimorphic action=maybe_recompile pc=0x00000000032b1db4 method=java.util.HashMap.getNode(ILjava/lang/Object;)Ljava/util/HashMap$Node; @ 126
Event: 9.325 Thread 0x0000000002e7d800 Uncommon trap: reason=class_check action=maybe_recompile pc=0x00000000032bacc4 method=java.util.HashMap.putVal(ILjava/lang/Object;Ljava/lang/Object;ZZ)Ljava/lang/Object; @ 203
Event: 9.325 Thread 0x0000000002e7d800 Uncommon trap: reason=bimorphic action=maybe_recompile pc=0x00000000032af440 method=java.util.HashMap.getNode(ILjava/lang/Object;)Ljava/util/HashMap$Node; @ 126
Event: 9.325 Thread 0x0000000002e7d800 Uncommon trap: reason=bimorphic action=maybe_recompile pc=0x00000000032af440 method=java.util.HashMap.getNode(ILjava/lang/Object;)Ljava/util/HashMap$Node; @ 126
Event: 9.325 Thread 0x0000000002e7d800 Uncommon trap: reason=class_check action=maybe_recompile pc=0x00000000032c7c38 method=java.util.HashMap.putVal(ILjava/lang/Object;Ljava/lang/Object;ZZ)Ljava/lang/Object; @ 203
Event: 9.325 Thread 0x0000000002e7d800 Uncommon trap: reason=bimorphic action=maybe_recompile pc=0x00000000032b1db4 method=java.util.HashMap.getNode(ILjava/lang/Object;)Ljava/util/HashMap$Node; @ 126

Internal exceptions (4 events):
Event: 0.149 Thread 0x0000000002e7d800 Exception <a 'java/lang/NoSuchMethodError': Method sun.misc.Unsafe.defineClass(Ljava/lang/String;[BII)Ljava/lang/Class; name or signature does not match> (0x00000000eab12ee0) thrown at [D:\re\puppet\workspace\8-2-build-windows-amd64-cygwin\jdk8u73\6086\hotç…y—a √?
Event: 0.149 Thread 0x0000000002e7d800 Exception <a 'java/lang/NoSuchMethodError': Method sun.misc.Unsafe.prefetchRead(Ljava/lang/Object;J)V name or signature does not match> (0x00000000eab131c8) thrown at [D:\re\puppet\workspace\8-2-build-windows-amd64-cygwin\jdk8u73\6086\hotspot\src\share\vm\’∞X…-ó@
Event: 6.898 Thread 0x0000000016e98800 Implicit null exception at 0x00000000032681e2 to 0x00000000032682e9
Event: 8.055 Thread 0x0000000002e7d800 Implicit null exception at 0x000000000340fa60 to 0x0000000003412511

Events (10 events):
Event: 9.325 Thread 0x0000000002e7d800 DEOPT UNPACKING pc=0x0000000002ec582a sp=0x00000000029fded8 mode 2
Event: 9.325 Thread 0x0000000002e7d800 Uncommon trap: trap_request=0xffffffc6 fr.pc=0x00000000032af440
Event: 9.325 Thread 0x0000000002e7d800 DEOPT PACKING pc=0x00000000032af440 sp=0x00000000029fdfb0
Event: 9.325 Thread 0x0000000002e7d800 DEOPT UNPACKING pc=0x0000000002ec582a sp=0x00000000029fded8 mode 2
Event: 9.325 Thread 0x0000000002e7d800 Uncommon trap: trap_request=0xffffffde fr.pc=0x00000000032c7c38
Event: 9.325 Thread 0x0000000002e7d800 DEOPT PACKING pc=0x00000000032c7c38 sp=0x00000000029fe3d0
Event: 9.325 Thread 0x0000000002e7d800 DEOPT UNPACKING pc=0x0000000002ec582a sp=0x00000000029fe308 mode 2
Event: 9.325 Thread 0x0000000002e7d800 Uncommon trap: trap_request=0xffffffc6 fr.pc=0x00000000032b1db4
Event: 9.325 Thread 0x0000000002e7d800 DEOPT PACKING pc=0x00000000032b1db4 sp=0x00000000029fe250
Event: 9.325 Thread 0x0000000002e7d800 DEOPT UNPACKING pc=0x0000000002ec582a sp=0x00000000029fe1e8 mode 2


Dynamic libraries:
0x00007ff7ece20000 - 0x00007ff7ece57000 	C:\Program Files\Java\jdk1.8.0_73\bin\java.exe
0x00007ff856bf0000 - 0x00007ff856d9d000 	C:\Windows\SYSTEM32\ntdll.dll
0x00007ff854760000 - 0x00007ff85489e000 	C:\Windows\system32\KERNEL32.DLL
0x00007ff8540b0000 - 0x00007ff8541c5000 	C:\Windows\system32\KERNELBASE.dll
0x00007ff8528f0000 - 0x00007ff85297e000 	C:\Windows\system32\apphelp.dll
0x00007ff84d6a0000 - 0x00007ff84d6f3000 	C:\Windows\AppPatch\AppPatch64\AcGenral.DLL
0x00007ff855390000 - 0x00007ff85543a000 	C:\Windows\system32\msvcrt.dll
0x00007ff854080000 - 0x00007ff8540ae000 	C:\Windows\system32\SspiCli.dll
0x00007ff855170000 - 0x00007ff8551c4000 	C:\Windows\system32\SHLWAPI.dll
0x00007ff854eb0000 - 0x00007ff855027000 	C:\Windows\system32\USER32.dll
0x00007ff8545c0000 - 0x00007ff854754000 	C:\Windows\system32\ole32.dll
0x00007ff8556c0000 - 0x00007ff856bea000 	C:\Windows\system32\SHELL32.dll
0x00007ff8532f0000 - 0x00007ff853311000 	C:\Windows\SYSTEM32\USERENV.dll
0x00007ff854da0000 - 0x00007ff854e4a000 	C:\Windows\system32\ADVAPI32.dll
0x00007ff851270000 - 0x00007ff85128e000 	C:\Windows\SYSTEM32\MPR.dll
0x00007ff855030000 - 0x00007ff855170000 	C:\Windows\system32\RPCRT4.dll
0x00007ff8551d0000 - 0x00007ff855229000 	C:\Windows\SYSTEM32\sechost.dll
0x00007ff854970000 - 0x00007ff854b81000 	C:\Windows\SYSTEM32\combase.dll
0x00007ff854bd0000 - 0x00007ff854d20000 	C:\Windows\system32\GDI32.dll
0x00007ff853d20000 - 0x00007ff853d35000 	C:\Windows\SYSTEM32\profapi.dll
0x00007ff8522c0000 - 0x00007ff852372000 	C:\Windows\SYSTEM32\SHCORE.dll
0x00007ff855680000 - 0x00007ff8556b6000 	C:\Windows\system32\IMM32.DLL
0x00007ff855230000 - 0x00007ff855382000 	C:\Windows\system32\MSCTF.dll
0x00007ff851570000 - 0x00007ff8517eb000 	C:\Windows\WinSxS\amd64_microsoft.windows.common-controls_6595b64144ccf1df_6.0.9600.18006_none_623f33d3ecbe86e8\COMCTL32.dll
0x0000000061ba0000 - 0x0000000061c72000 	C:\Program Files\Java\jdk1.8.0_73\jre\bin\msvcr100.dll
0x0000000062170000 - 0x0000000062a00000 	C:\Program Files\Java\jdk1.8.0_73\jre\bin\server\jvm.dll
0x00007ff84a870000 - 0x00007ff84a879000 	C:\Windows\SYSTEM32\WSOCK32.dll
0x00007ff84e3a0000 - 0x00007ff84e3c2000 	C:\Windows\SYSTEM32\WINMM.dll
0x00007ff84d7e0000 - 0x00007ff84d7ea000 	C:\Windows\SYSTEM32\VERSION.dll
0x00007ff854bb0000 - 0x00007ff854bb7000 	C:\Windows\system32\PSAPI.DLL
0x00007ff854e50000 - 0x00007ff854eaa000 	C:\Windows\system32\WS2_32.dll
0x00007ff84e370000 - 0x00007ff84e39a000 	C:\Windows\SYSTEM32\WINMMBASE.dll
0x00007ff854bc0000 - 0x00007ff854bc9000 	C:\Windows\system32\NSI.dll
0x00007ff854030000 - 0x00007ff85407f000 	C:\Windows\SYSTEM32\cfgmgr32.dll
0x00007ff852b40000 - 0x00007ff852b68000 	C:\Windows\SYSTEM32\DEVOBJ.dll
0x0000000062160000 - 0x000000006216f000 	C:\Program Files\Java\jdk1.8.0_73\jre\bin\verify.dll
0x0000000062130000 - 0x0000000062159000 	C:\Program Files\Java\jdk1.8.0_73\jre\bin\java.dll
0x0000000062110000 - 0x0000000062126000 	C:\Program Files\Java\jdk1.8.0_73\jre\bin\zip.dll

VM Arguments:
jvm_args: -Djava.awt.headless=true -Xmx1024M -Dfile.encoding=x-windows-949 -Duser.country=KR -Duser.language=ko -Duser.variant 
java_command: com.android.dx.command.Main --dex --force-jumbo --num-threads=4 --multi-dex --output C:\Users\soft\AndroidStudioProjects\MyApplication_0525\app\build\intermediates\transforms\dex\debug\folders\1000\10\com.android.support-support-v4-23.4.0_f1600f8b42592067b6f36223950caf61e10965a8 C:\Users\soft\AndroidStudioProjects\MyApplication_0525\app\build\intermediates\exploded-aar\com.android.support\support-v4\23.4.0\jars\classes.jar
java_class_path (initial): C:\Android\sdk\build-tools\23.0.2\lib\dx.jar
Launcher Type: SUN_STANDARD

Environment Variables:
PATH=C:\Python34\Lib\site-packages\PyQt5;C:\ProgramData\Oracle\Java\javapath;C:\Program Files (x86)\Intel\iCLS Client\;C:\Program Files\Intel\iCLS Client\;C:\Windows\system32;C:\Windows;C:\Windows\System32\Wbem;C:\Windows\System32\WindowsPowerShell\v1.0\;C:\Program Files (x86)\Windows Live\Shared;C:\Program Files\Intel\Intel(R) Management Engine Components\DAL;C:\Program Files\Intel\Intel(R) Management Engine Components\IPT;C:\Program Files (x86)\Intel\Intel(R) Management Engine Components\DAL;C:\Program Files (x86)\Intel\Intel(R) Management Engine Components\IPT;C:\Program Files\Intel\WiFi\bin\;C:\Program Files\Common Files\Intel\WirelessCommon\;C:\Program Files\Git\cmd;C:\Users\soft\.dnx\bin;C:\Program Files\Microsoft DNX\Dnvm\;C:\Program Files\Microsoft SQL Server\130\Tools\Binn\;C:\Program Files (x86)\Windows Kits\8.1\Windows Performance Toolkit\;C:\Program Files (x86)\QuickTime\QTSystem\;C:\Program Files (x86)\GtkSharp\2.12\bin;C:\Anaconda3;C:\Anaconda3\Scripts;C:\Anaconda3\Library\bin;C:\Users\soft\AppData\Local\Programs\Python\Python35-32\Scripts\;C:\Users\soft\AppData\Local\Programs\Python\Python35-32\;C:\Program Files\Bandizip\7z
USERNAME=º“«¡∆Æ
OS=Windows_NT
PROCESSOR_IDENTIFIER=Intel64 Family 6 Model 69 Stepping 1, GenuineIntel



---------------  S Y S T E M  ---------------

OS: Windows 8.1 , 64 bit Build 9600 (6.3.9600.17415)

CPU:total 4 (2 cores per cpu, 2 threads per core) family 6 model 69 stepping 1, cmov, cx8, fxsr, mmx, sse, sse2, sse3, ssse3, sse4.1, sse4.2, popcnt, avx, avx2, aes, clmul, erms, lzcnt, ht, tsc, tscinvbit, bmi1, bmi2

Memory: 4k page, physical 4099872k(134616k free), swap 7245600k(8856k free)

vm_info: Java HotSpot(TM) 64-Bit Server VM (25.73-b02) for windows-amd64 JRE (1.8.0_73-b02), built on Jan 29 2016 17:38:49 by "java_re" with MS VC++ 10.0 (VS2010)

time: Wed May 25 21:34:51 2016
elapsed time: 9 seconds (0d 0h 0m 9s)

