#
# There is insufficient memory for the Java Runtime Environment to continue.
# Native memory allocation (malloc) failed to allocate 1848656 bytes for Chunk::new
# Possible reasons:
#   The system is out of physical RAM or swap space
#   In 32 bit mode, the process size limit was hit
# Possible solutions:
#   Reduce memory load on the system
#   Increase physical memory or swap space
#   Check if swap backing store is full
#   Use 64 bit Java on a 64 bit OS
#   Decrease Java heap size (-Xmx/-Xms)
#   Decrease number of Java threads
#   Decrease Java thread stack sizes (-Xss)
#   Set larger code cache with -XX:ReservedCodeCacheSize=
# This output file may be truncated or incomplete.
#
#  Out of Memory Error (allocation.cpp:390), pid=3820, tid=10900
#
# JRE version: Java(TM) SE Runtime Environment (8.0_73-b02) (build 1.8.0_73-b02)
# Java VM: Java HotSpot(TM) 64-Bit Server VM (25.73-b02 mixed mode windows-amd64 compressed oops)
# Failed to write core dump. Minidumps are not enabled by default on client versions of Windows
#

---------------  T H R E A D  ---------------

Current thread (0x00000000151a9000):  JavaThread "C2 CompilerThread0" daemon [_thread_in_native, id=10900, stack(0x0000000016720000,0x0000000016820000)]

Stack: [0x0000000016720000,0x0000000016820000]
[error occurred during error reporting (printing stack bounds), id 0xc0000005]

Native frames: (J=compiled Java code, j=interpreted, Vv=VM code, C=native code)


Current CompileTask:
C2:  12555 1689   !   4       com.android.dx.cf.code.BytecodeArray::parseInstruction (2764 bytes)


---------------  P R O C E S S  ---------------

Java Threads: ( => current thread )
  0x0000000016ba3000 JavaThread "pool-2-thread-4" [_thread_blocked, id=13064, stack(0x0000000017420000,0x0000000017520000)]
  0x0000000016ba2000 JavaThread "pool-2-thread-3" [_thread_blocked, id=7780, stack(0x0000000017320000,0x0000000017420000)]
  0x0000000016ba0800 JavaThread "pool-2-thread-2" [_thread_blocked, id=11284, stack(0x0000000017220000,0x0000000017320000)]
  0x0000000016b99800 JavaThread "pool-3-thread-1" [_thread_blocked, id=6132, stack(0x0000000017120000,0x0000000017220000)]
  0x0000000016b96800 JavaThread "pool-2-thread-1" [_thread_blocked, id=9448, stack(0x0000000017020000,0x0000000017120000)]
  0x0000000016981000 JavaThread "Service Thread" daemon [_thread_blocked, id=10880, stack(0x0000000016e20000,0x0000000016f20000)]
  0x0000000016976000 JavaThread "C1 CompilerThread2" daemon [_thread_blocked, id=6240, stack(0x0000000016d20000,0x0000000016e20000)]
  0x00000000151ac000 JavaThread "C2 CompilerThread1" daemon [_thread_blocked, id=4916, stack(0x0000000016820000,0x0000000016920000)]
=>0x00000000151a9000 JavaThread "C2 CompilerThread0" daemon [_thread_in_native, id=10900, stack(0x0000000016720000,0x0000000016820000)]
  0x000000001515e000 JavaThread "Attach Listener" daemon [_thread_blocked, id=6508, stack(0x0000000016620000,0x0000000016720000)]
  0x000000001515c800 JavaThread "Signal Dispatcher" daemon [_thread_blocked, id=9736, stack(0x0000000016520000,0x0000000016620000)]
  0x0000000002a70800 JavaThread "Finalizer" daemon [_thread_blocked, id=9568, stack(0x00000000163a0000,0x00000000164a0000)]
  0x0000000015119000 JavaThread "Reference Handler" daemon [_thread_blocked, id=10116, stack(0x00000000162a0000,0x00000000163a0000)]
  0x0000000000c7d800 JavaThread "main" [_thread_in_vm, id=6484, stack(0x0000000002550000,0x0000000002650000)]

Other Threads:
  0x0000000015117800 VMThread [stack: 0x00000000161a0000,0x00000000162a0000] [id=8460]
  0x00000000169ca000 WatcherThread [stack: 0x0000000016f20000,0x0000000017020000] [id=9232]

VM state:not at safepoint (normal execution)

VM Mutex/Monitor currently owned by a thread: None

Heap:
 PSYoungGen      total 35328K, used 33296K [0x00000000eab00000, 0x00000000ef000000, 0x0000000100000000)
  eden space 32768K, 93% used [0x00000000eab00000,0x00000000ec909240,0x00000000ecb00000)
  from space 2560K, 99% used [0x00000000ecb00000,0x00000000ecd7b028,0x00000000ecd80000)
  to   space 2560K, 0% used [0x00000000eed80000,0x00000000eed80000,0x00000000ef000000)
 ParOldGen       total 44032K, used 9216K [0x00000000c0000000, 0x00000000c2b00000, 0x00000000eab00000)
  object space 44032K, 20% used [0x00000000c0000000,0x00000000c0900328,0x00000000c2b00000)
 Metaspace       used 6343K, capacity 7128K, committed 7424K, reserved 1056768K
  class space    used 626K, capacity 656K, committed 768K, reserved 1048576K

Card table byte_map: [0x0000000011e40000,0x0000000012050000] byte_map_base: 0x0000000011840000

Marking Bits: (ParMarkBitMap*) 0x0000000062980600
 Begin Bits: [0x00000000125b0000, 0x00000000135b0000)
 End Bits:   [0x00000000135b0000, 0x00000000145b0000)

Polling page: 0x0000000000c60000

CodeCache: size=245760Kb used=7479Kb max_used=7491Kb free=238280Kb
 bounds [0x0000000002a80000, 0x00000000031e0000, 0x0000000011a80000]
 total_blobs=1939 nmethods=1668 adapters=184
 compilation: enabled

Compilation events (10 events):
Event: 12.366 Thread 0x0000000016976000 nmethod 1704 0x0000000003199950 code [0x0000000003199ae0, 0x0000000003199df8]
Event: 12.367 Thread 0x0000000016976000 1706       2       java.util.concurrent.locks.ReentrantLock$Sync::tryRelease (45 bytes)
Event: 12.367 Thread 0x0000000016976000 nmethod 1706 0x00000000031994d0 code [0x0000000003199640, 0x0000000003199888]
Event: 12.371 Thread 0x00000000151ac000 nmethod 1691 0x00000000031ad4d0 code [0x00000000031ad640, 0x00000000031ad8d8]
Event: 12.371 Thread 0x00000000151ac000 1690       4       com.android.dx.ssa.SsaMethod::getUseListCopy (56 bytes)
Event: 12.417 Thread 0x00000000151ac000 nmethod 1690 0x00000000031d7650 code [0x00000000031d7880, 0x00000000031d89b8]
Event: 12.417 Thread 0x00000000151ac000 1679       4       com.android.dx.ssa.SsaBasicBlock::getRopLabelSuccessorList (57 bytes)
Event: 12.434 Thread 0x00000000151ac000 nmethod 1679 0x00000000031aa510 code [0x00000000031aa6a0, 0x00000000031aaed8]
Event: 12.434 Thread 0x00000000151ac000 1702       4       com.android.dx.ssa.SsaInsn::<init> (29 bytes)
Event: 12.435 Thread 0x00000000151ac000 nmethod 1702 0x0000000003054650 code [0x0000000003054780, 0x0000000003054818]

GC Heap History (6 events):
Event: 3.726 GC heap before
{Heap before GC invocations=1 (full 0):
 PSYoungGen      total 18944K, used 16384K [0x00000000eab00000, 0x00000000ec000000, 0x0000000100000000)
  eden space 16384K, 100% used [0x00000000eab00000,0x00000000ebb00000,0x00000000ebb00000)
  from space 2560K, 0% used [0x00000000ebd80000,0x00000000ebd80000,0x00000000ec000000)
  to   space 2560K, 0% used [0x00000000ebb00000,0x00000000ebb00000,0x00000000ebd80000)
 ParOldGen       total 44032K, used 0K [0x00000000c0000000, 0x00000000c2b00000, 0x00000000eab00000)
  object space 44032K, 0% used [0x00000000c0000000,0x00000000c0000000,0x00000000c2b00000)
 Metaspace       used 5783K, capacity 6708K, committed 6784K, reserved 1056768K
  class space    used 599K, capacity 620K, committed 640K, reserved 1048576K
Event: 4.235 GC heap after
Heap after GC invocations=1 (full 0):
 PSYoungGen      total 18944K, used 2528K [0x00000000eab00000, 0x00000000ed000000, 0x0000000100000000)
  eden space 16384K, 0% used [0x00000000eab00000,0x00000000eab00000,0x00000000ebb00000)
  from space 2560K, 98% used [0x00000000ebb00000,0x00000000ebd782a8,0x00000000ebd80000)
  to   space 2560K, 0% used [0x00000000ecd80000,0x00000000ecd80000,0x00000000ed000000)
 ParOldGen       total 44032K, used 1555K [0x00000000c0000000, 0x00000000c2b00000, 0x00000000eab00000)
  object space 44032K, 3% used [0x00000000c0000000,0x00000000c0184e88,0x00000000c2b00000)
 Metaspace       used 5783K, capacity 6708K, committed 6784K, reserved 1056768K
  class space    used 599K, capacity 620K, committed 640K, reserved 1048576K
}
Event: 7.386 GC heap before
{Heap before GC invocations=2 (full 0):
 PSYoungGen      total 18944K, used 18912K [0x00000000eab00000, 0x00000000ed000000, 0x0000000100000000)
  eden space 16384K, 100% used [0x00000000eab00000,0x00000000ebb00000,0x00000000ebb00000)
  from space 2560K, 98% used [0x00000000ebb00000,0x00000000ebd782a8,0x00000000ebd80000)
  to   space 2560K, 0% used [0x00000000ecd80000,0x00000000ecd80000,0x00000000ed000000)
 ParOldGen       total 44032K, used 1555K [0x00000000c0000000, 0x00000000c2b00000, 0x00000000eab00000)
  object space 44032K, 3% used [0x00000000c0000000,0x00000000c0184e88,0x00000000c2b00000)
 Metaspace       used 6074K, capacity 6964K, committed 7040K, reserved 1056768K
  class space    used 601K, capacity 620K, committed 640K, reserved 1048576K
Event: 7.540 GC heap after
Heap after GC invocations=2 (full 0):
 PSYoungGen      total 35328K, used 2547K [0x00000000eab00000, 0x00000000ed000000, 0x0000000100000000)
  eden space 32768K, 0% used [0x00000000eab00000,0x00000000eab00000,0x00000000ecb00000)
  from space 2560K, 99% used [0x00000000ecd80000,0x00000000ecffcc68,0x00000000ed000000)
  to   space 2560K, 0% used [0x00000000ecb00000,0x00000000ecb00000,0x00000000ecd80000)
 ParOldGen       total 44032K, used 3823K [0x00000000c0000000, 0x00000000c2b00000, 0x00000000eab00000)
  object space 44032K, 8% used [0x00000000c0000000,0x00000000c03bbfb8,0x00000000c2b00000)
 Metaspace       used 6074K, capacity 6964K, committed 7040K, reserved 1056768K
  class space    used 601K, capacity 620K, committed 640K, reserved 1048576K
}
Event: 9.734 GC heap before
{Heap before GC invocations=3 (full 0):
 PSYoungGen      total 35328K, used 35315K [0x00000000eab00000, 0x00000000ed000000, 0x0000000100000000)
  eden space 32768K, 100% used [0x00000000eab00000,0x00000000ecb00000,0x00000000ecb00000)
  from space 2560K, 99% used [0x00000000ecd80000,0x00000000ecffcc68,0x00000000ed000000)
  to   space 2560K, 0% used [0x00000000ecb00000,0x00000000ecb00000,0x00000000ecd80000)
 ParOldGen       total 44032K, used 3823K [0x00000000c0000000, 0x00000000c2b00000, 0x00000000eab00000)
  object space 44032K, 8% used [0x00000000c0000000,0x00000000c03bbfb8,0x00000000c2b00000)
 Metaspace       used 6233K, capacity 7092K, committed 7296K, reserved 1056768K
  class space    used 606K, capacity 620K, committed 640K, reserved 1048576K
Event: 10.381 GC heap after
Heap after GC invocations=3 (full 0):
 PSYoungGen      total 35328K, used 2540K [0x00000000eab00000, 0x00000000ef000000, 0x0000000100000000)
  eden space 32768K, 0% used [0x00000000eab00000,0x00000000eab00000,0x00000000ecb00000)
  from space 2560K, 99% used [0x00000000ecb00000,0x00000000ecd7b028,0x00000000ecd80000)
  to   space 2560K, 0% used [0x00000000eed80000,0x00000000eed80000,0x00000000ef000000)
 ParOldGen       total 44032K, used 9216K [0x00000000c0000000, 0x00000000c2b00000, 0x00000000eab00000)
  object space 44032K, 20% used [0x00000000c0000000,0x00000000c0900328,0x00000000c2b00000)
 Metaspace       used 6233K, capacity 7092K, committed 7296K, reserved 1056768K
  class space    used 606K, capacity 620K, committed 640K, reserved 1048576K
}

Deoptimization events (10 events):
Event: 10.531 Thread 0x0000000016b96800 Uncommon trap: reason=bimorphic action=maybe_recompile pc=0x000000000313da70 method=com.android.dx.cf.code.BytecodeArray.parseInstruction(ILcom/android/dx/cf/code/BytecodeArray$Visitor;)I @ 1501
Event: 10.531 Thread 0x0000000016b96800 Uncommon trap: reason=bimorphic action=maybe_recompile pc=0x000000000313da70 method=com.android.dx.cf.code.BytecodeArray.parseInstruction(ILcom/android/dx/cf/code/BytecodeArray$Visitor;)I @ 1501
Event: 10.534 Thread 0x0000000016b96800 Uncommon trap: reason=unstable_if action=reinterpret pc=0x00000000031310dc method=com.android.dx.cf.code.BaseMachine.getLocalTarget(Z)Lcom/android/dx/rop/code/RegisterSpec; @ 131
Event: 10.535 Thread 0x0000000016b96800 Uncommon trap: reason=null_check action=make_not_entrant pc=0x0000000002da6f4c method=com.android.dx.ssa.SsaRenamer.getLocalForNewReg(I)Lcom/android/dx/rop/code/LocalItem; @ 19
Event: 10.536 Thread 0x0000000016ba2000 Uncommon trap: reason=unstable_if action=reinterpret pc=0x0000000002f9e55c method=com.android.dx.ssa.SCCP.simulateBranch(Lcom/android/dx/ssa/SsaInsn;)V @ 64
Event: 10.562 Thread 0x0000000016b96800 Uncommon trap: reason=bimorphic action=maybe_recompile pc=0x000000000313eaec method=com.android.dx.cf.code.BytecodeArray.parseInstruction(ILcom/android/dx/cf/code/BytecodeArray$Visitor;)I @ 1357
Event: 10.563 Thread 0x0000000016b96800 Uncommon trap: reason=bimorphic action=maybe_recompile pc=0x000000000313eaec method=com.android.dx.cf.code.BytecodeArray.parseInstruction(ILcom/android/dx/cf/code/BytecodeArray$Visitor;)I @ 1357
Event: 10.578 Thread 0x0000000016ba0800 Uncommon trap: reason=unstable_if action=reinterpret pc=0x0000000002de2624 method=java.util.HashMap.putVal(ILjava/lang/Object;Ljava/lang/Object;ZZ)Ljava/lang/Object; @ 162
Event: 10.588 Thread 0x0000000016ba0800 Uncommon trap: reason=unstable_if action=reinterpret pc=0x0000000003047500 method=java.util.HashMap.getNode(ILjava/lang/Object;)Ljava/util/HashMap$Node; @ 84
Event: 10.589 Thread 0x0000000016ba0800 Uncommon trap: reason=unstable_if action=reinterpret pc=0x0000000003044074 method=java.util.HashMap.getNode(ILjava/lang/Object;)Ljava/util/HashMap$Node; @ 84

Internal exceptions (8 events):
Event: 0.104 Thread 0x0000000000c7d800 Exception <a 'java/lang/NoSuchMethodError': Method sun.misc.Unsafe.defineClass(Ljava/lang/String;[BII)Ljava/lang/Class; name or signature does not match> (0x00000000eab130e8) thrown at [D:\re\puppet\workspace\8-2-build-windows-amd64-cygwin\jdk8u73\6086\hot◊éÅhµ∫?
Event: 0.104 Thread 0x0000000000c7d800 Exception <a 'java/lang/NoSuchMethodError': Method sun.misc.Unsafe.prefetchRead(Ljava/lang/Object;J)V name or signature does not match> (0x00000000eab133d0) thrown at [D:\re\puppet\workspace\8-2-build-windows-amd64-cygwin\jdk8u73\6086\hotspot\src\share\vm\ÎSZ≥-@
Event: 4.795 Thread 0x0000000016ba3000 Implicit null exception at 0x0000000002d63862 to 0x0000000002d6395a
Event: 8.290 Thread 0x0000000016ba2000 Implicit null exception at 0x0000000002d67d76 to 0x0000000002d6965d
Event: 10.535 Thread 0x0000000016b96800 Implicit null exception at 0x0000000002da5471 to 0x0000000002da6f2d
Event: 10.584 Thread 0x0000000016ba0800 Exception <a 'java/lang/ArrayIndexOutOfBoundsException': 18> (0x00000000eb7ac490) thrown at [D:\re\puppet\workspace\8-2-build-windows-amd64-cygwin\jdk8u73\6086\hotspot\src\share\vm\interpreter\interpreterRuntime.cpp, line 366]
Event: 10.584 Thread 0x0000000016ba0800 Exception <a 'java/lang/ArrayIndexOutOfBoundsException': 145> (0x00000000eb7ae010) thrown at [D:\re\puppet\workspace\8-2-build-windows-amd64-cygwin\jdk8u73\6086\hotspot\src\share\vm\interpreter\interpreterRuntime.cpp, line 366]
Event: 10.586 Thread 0x0000000016ba0800 Exception <a 'java/lang/ArrayIndexOutOfBoundsException'> (0x00000000eb7af2f8) thrown at [D:\re\puppet\workspace\8-2-build-windows-amd64-cygwin\jdk8u73\6086\hotspot\src\share\vm\runtime\sharedRuntime.cpp, line 605]

Events (10 events):
Event: 10.588 loading class sun/reflect/generics/reflectiveObjects/LazyReflectiveObjectGenerator done
Event: 10.588 loading class sun/reflect/generics/reflectiveObjects/TypeVariableImpl done
Event: 10.588 Thread 0x0000000016ba0800 Uncommon trap: trap_request=0xffffff65 fr.pc=0x0000000003047500
Event: 10.588 Thread 0x0000000016ba0800 DEOPT PACKING pc=0x0000000003047500 sp=0x000000001731e3f0
Event: 10.588 Thread 0x0000000016ba0800 DEOPT UNPACKING pc=0x0000000002ac582a sp=0x000000001731e320 mode 2
Event: 10.589 Thread 0x0000000016ba0800 Uncommon trap: trap_request=0xffffff65 fr.pc=0x0000000003044074
Event: 10.589 Thread 0x0000000016ba0800 DEOPT PACKING pc=0x0000000003044074 sp=0x000000001731e4a0
Event: 10.589 Thread 0x0000000016ba0800 DEOPT UNPACKING pc=0x0000000002ac582a sp=0x000000001731e440 mode 2
Event: 12.364 Thread 0x0000000000c7d800 DEOPT PACKING pc=0x0000000002eae459 sp=0x000000000264df80
Event: 12.364 Thread 0x0000000000c7d800 DEOPT UNPACKING pc=0x0000000002ac787f sp=0x000000000264ddb0 mode 0


Dynamic libraries:
0x00007ff789a50000 - 0x00007ff789a87000 	C:\Program Files\Java\jdk1.8.0_73\bin\java.exe
0x00007ff856bf0000 - 0x00007ff856d9d000 	C:\Windows\SYSTEM32\ntdll.dll
0x00007ff854760000 - 0x00007ff85489e000 	C:\Windows\system32\KERNEL32.DLL
0x00007ff8540b0000 - 0x00007ff8541c5000 	C:\Windows\system32\KERNELBASE.dll
0x00007ff8528f0000 - 0x00007ff85297e000 	C:\Windows\system32\apphelp.dll
0x00007ff843600000 - 0x00007ff843653000 	C:\Windows\AppPatch\AppPatch64\AcGenral.DLL
0x00007ff855390000 - 0x00007ff85543a000 	C:\Windows\system32\msvcrt.dll
0x00007ff854080000 - 0x00007ff8540ae000 	C:\Windows\system32\SspiCli.dll
0x00007ff855170000 - 0x00007ff8551c4000 	C:\Windows\system32\SHLWAPI.dll
0x00007ff854eb0000 - 0x00007ff855027000 	C:\Windows\system32\USER32.dll
0x00007ff8545c0000 - 0x00007ff854754000 	C:\Windows\system32\ole32.dll
0x00007ff8556c0000 - 0x00007ff856bea000 	C:\Windows\system32\SHELL32.dll
0x00007ff8532f0000 - 0x00007ff853311000 	C:\Windows\SYSTEM32\USERENV.dll
0x00007ff854da0000 - 0x00007ff854e4a000 	C:\Windows\system32\ADVAPI32.dll
0x00007ff851270000 - 0x00007ff85128e000 	C:\Windows\SYSTEM32\MPR.dll
0x00007ff855030000 - 0x00007ff855170000 	C:\Windows\system32\RPCRT4.dll
0x00007ff8551d0000 - 0x00007ff855229000 	C:\Windows\SYSTEM32\sechost.dll
0x00007ff854970000 - 0x00007ff854b81000 	C:\Windows\SYSTEM32\combase.dll
0x00007ff854bd0000 - 0x00007ff854d20000 	C:\Windows\system32\GDI32.dll
0x00007ff853d20000 - 0x00007ff853d35000 	C:\Windows\SYSTEM32\profapi.dll
0x00007ff8522c0000 - 0x00007ff852372000 	C:\Windows\SYSTEM32\SHCORE.dll
0x00007ff855680000 - 0x00007ff8556b6000 	C:\Windows\system32\IMM32.DLL
0x00007ff855230000 - 0x00007ff855382000 	C:\Windows\system32\MSCTF.dll
0x00007ff851570000 - 0x00007ff8517eb000 	C:\Windows\WinSxS\amd64_microsoft.windows.common-controls_6595b64144ccf1df_6.0.9600.18006_none_623f33d3ecbe86e8\COMCTL32.dll
0x0000000061cf0000 - 0x0000000061dc2000 	C:\Program Files\Java\jdk1.8.0_73\jre\bin\msvcr100.dll
0x0000000062170000 - 0x0000000062a00000 	C:\Program Files\Java\jdk1.8.0_73\jre\bin\server\jvm.dll
0x00007ff84a870000 - 0x00007ff84a879000 	C:\Windows\SYSTEM32\WSOCK32.dll
0x00007ff84e3a0000 - 0x00007ff84e3c2000 	C:\Windows\SYSTEM32\WINMM.dll
0x00007ff84d7e0000 - 0x00007ff84d7ea000 	C:\Windows\SYSTEM32\VERSION.dll
0x00007ff854bb0000 - 0x00007ff854bb7000 	C:\Windows\system32\PSAPI.DLL
0x00007ff854e50000 - 0x00007ff854eaa000 	C:\Windows\system32\WS2_32.dll
0x00007ff84e370000 - 0x00007ff84e39a000 	C:\Windows\SYSTEM32\WINMMBASE.dll
0x00007ff854bc0000 - 0x00007ff854bc9000 	C:\Windows\system32\NSI.dll
0x00007ff854030000 - 0x00007ff85407f000 	C:\Windows\SYSTEM32\cfgmgr32.dll
0x00007ff852b40000 - 0x00007ff852b68000 	C:\Windows\SYSTEM32\DEVOBJ.dll
0x0000000062160000 - 0x000000006216f000 	C:\Program Files\Java\jdk1.8.0_73\jre\bin\verify.dll
0x0000000062130000 - 0x0000000062159000 	C:\Program Files\Java\jdk1.8.0_73\jre\bin\java.dll
0x0000000062110000 - 0x0000000062126000 	C:\Program Files\Java\jdk1.8.0_73\jre\bin\zip.dll

VM Arguments:
jvm_args: -Djava.awt.headless=true -Xmx1024M -Dfile.encoding=x-windows-949 -Duser.country=KR -Duser.language=ko -Duser.variant 
java_command: com.android.dx.command.Main --dex --force-jumbo --num-threads=4 --multi-dex --output C:\Users\soft\AndroidStudioProjects\MyApplication_0525\app\build\intermediates\transforms\dex\debug\folders\1000\10\com.android.support-recyclerview-v7-23.1.1_51ac5e6b9c6bf2d68050bdfe4cde1c4288b68c71 C:\Users\soft\AndroidStudioProjects\MyApplication_0525\app\build\intermediates\exploded-aar\com.android.support\recyclerview-v7\23.1.1\jars\classes.jar
java_class_path (initial): C:\Android\sdk\build-tools\23.0.2\lib\dx.jar
Launcher Type: SUN_STANDARD

Environment Variables:
PATH=C:\Python34\Lib\site-packages\PyQt5;C:\ProgramData\Oracle\Java\javapath;C:\Program Files (x86)\Intel\iCLS Client\;C:\Program Files\Intel\iCLS Client\;C:\Windows\system32;C:\Windows;C:\Windows\System32\Wbem;C:\Windows\System32\WindowsPowerShell\v1.0\;C:\Program Files (x86)\Windows Live\Shared;C:\Program Files\Intel\Intel(R) Management Engine Components\DAL;C:\Program Files\Intel\Intel(R) Management Engine Components\IPT;C:\Program Files (x86)\Intel\Intel(R) Management Engine Components\DAL;C:\Program Files (x86)\Intel\Intel(R) Management Engine Components\IPT;C:\Program Files\Intel\WiFi\bin\;C:\Program Files\Common Files\Intel\WirelessCommon\;C:\Program Files\Git\cmd;C:\Users\soft\.dnx\bin;C:\Program Files\Microsoft DNX\Dnvm\;C:\Program Files\Microsoft SQL Server\130\Tools\Binn\;C:\Program Files (x86)\Windows Kits\8.1\Windows Performance Toolkit\;C:\Program Files (x86)\QuickTime\QTSystem\;C:\Program Files (x86)\GtkSharp\2.12\bin;C:\Anaconda3;C:\Anaconda3\Scripts;C:\Anaconda3\Library\bin;C:\Users\soft\AppData\Local\Programs\Python\Python35-32\Scripts\;C:\Users\soft\AppData\Local\Programs\Python\Python35-32\;C:\Program Files\Bandizip\7z
USERNAME=º“«¡∆Æ
OS=Windows_NT
PROCESSOR_IDENTIFIER=Intel64 Family 6 Model 69 Stepping 1, GenuineIntel



---------------  S Y S T E M  ---------------

OS: Windows 8.1 , 64 bit Build 9600 (6.3.9600.17415)

CPU:total 4 (2 cores per cpu, 2 threads per core) family 6 model 69 stepping 1, cmov, cx8, fxsr, mmx, sse, sse2, sse3, ssse3, sse4.1, sse4.2, popcnt, avx, avx2, aes, clmul, erms, lzcnt, ht, tsc, tscinvbit, bmi1, bmi2

Memory: 4k page, physical 4099872k(191416k free), swap 7245600k(9152k free)

vm_info: Java HotSpot(TM) 64-Bit Server VM (25.73-b02) for windows-amd64 JRE (1.8.0_73-b02), built on Jan 29 2016 17:38:49 by "java_re" with MS VC++ 10.0 (VS2010)

time: Wed May 25 17:21:23 2016
elapsed time: 12 seconds (0d 0h 0m 12s)

