#
# There is insufficient memory for the Java Runtime Environment to continue.
# Native memory allocation (malloc) failed to allocate 1139504 bytes for Chunk::new
# Possible reasons:
#   The system is out of physical RAM or swap space
#   In 32 bit mode, the process size limit was hit
# Possible solutions:
#   Reduce memory load on the system
#   Increase physical memory or swap space
#   Check if swap backing store is full
#   Use 64 bit Java on a 64 bit OS
#   Decrease Java heap size (-Xmx/-Xms)
#   Decrease number of Java threads
#   Decrease Java thread stack sizes (-Xss)
#   Set larger code cache with -XX:ReservedCodeCacheSize=
# This output file may be truncated or incomplete.
#
#  Out of Memory Error (allocation.cpp:390), pid=6372, tid=12308
#
# JRE version: Java(TM) SE Runtime Environment (8.0_73-b02) (build 1.8.0_73-b02)
# Java VM: Java HotSpot(TM) 64-Bit Server VM (25.73-b02 mixed mode windows-amd64 compressed oops)
# Failed to write core dump. Minidumps are not enabled by default on client versions of Windows
#

---------------  T H R E A D  ---------------

Current thread (0x00000000155aa000):  JavaThread "C2 CompilerThread0" daemon [_thread_in_native, id=12308, stack(0x0000000016ab0000,0x0000000016bb0000)]

Stack: [0x0000000016ab0000,0x0000000016bb0000]
[error occurred during error reporting (printing stack bounds), id 0xc0000005]

Native frames: (J=compiled Java code, j=interpreted, Vv=VM code, C=native code)


Current CompileTask:
C2:  14713 1726   !   4       com.android.dx.cf.code.Ropper::processBlock (1101 bytes)


---------------  P R O C E S S  ---------------

Java Threads: ( => current thread )
  0x0000000016e55800 JavaThread "pool-1-thread-4" [_thread_blocked, id=11888, stack(0x00000000177b0000,0x00000000178b0000)]
  0x0000000016e54000 JavaThread "pool-1-thread-3" [_thread_blocked, id=12792, stack(0x00000000176b0000,0x00000000177b0000)]
  0x0000000016e3c000 JavaThread "pool-1-thread-2" [_thread_in_Java, id=5760, stack(0x00000000175b0000,0x00000000176b0000)]
  0x0000000016e3b800 JavaThread "pool-2-thread-1" [_thread_blocked, id=9792, stack(0x00000000174b0000,0x00000000175b0000)]
  0x0000000016e3a800 JavaThread "pool-1-thread-1" [_thread_in_Java, id=13088, stack(0x00000000173b0000,0x00000000174b0000)]
  0x0000000016c12000 JavaThread "Service Thread" daemon [_thread_blocked, id=11536, stack(0x00000000171b0000,0x00000000172b0000)]
  0x0000000016c0b000 JavaThread "C1 CompilerThread2" daemon [_thread_blocked, id=9088, stack(0x00000000170b0000,0x00000000171b0000)]
  0x0000000016c04800 JavaThread "C2 CompilerThread1" daemon [_thread_in_native, id=9696, stack(0x0000000016fb0000,0x00000000170b0000)]
=>0x00000000155aa000 JavaThread "C2 CompilerThread0" daemon [_thread_in_native, id=12308, stack(0x0000000016ab0000,0x0000000016bb0000)]
  0x000000001555f000 JavaThread "Attach Listener" daemon [_thread_blocked, id=6256, stack(0x00000000169b0000,0x0000000016ab0000)]
  0x000000001555d800 JavaThread "Signal Dispatcher" daemon [_thread_blocked, id=5016, stack(0x00000000168b0000,0x00000000169b0000)]
  0x0000000002db6800 JavaThread "Finalizer" daemon [_thread_blocked, id=8068, stack(0x00000000167a0000,0x00000000168a0000)]
  0x0000000002dad800 JavaThread "Reference Handler" daemon [_thread_blocked, id=6244, stack(0x00000000166a0000,0x00000000167a0000)]
  0x0000000002e7d800 JavaThread "main" [_thread_blocked, id=13308, stack(0x0000000001190000,0x0000000001290000)]

Other Threads:
  0x0000000015518800 VMThread [stack: 0x00000000165a0000,0x00000000166a0000] [id=12780]
  0x0000000016c29800 WatcherThread [stack: 0x00000000172b0000,0x00000000173b0000] [id=9708]

VM state:not at safepoint (normal execution)

VM Mutex/Monitor currently owned by a thread: None

Heap:
 PSYoungGen      total 68096K, used 21447K [0x00000000eab00000, 0x00000000ef000000, 0x0000000100000000)
  eden space 65536K, 28% used [0x00000000eab00000,0x00000000ebd77578,0x00000000eeb00000)
  from space 2560K, 99% used [0x00000000eed80000,0x00000000eeffa7f0,0x00000000ef000000)
  to   space 2560K, 0% used [0x00000000eeb00000,0x00000000eeb00000,0x00000000eed80000)
 ParOldGen       total 44032K, used 15716K [0x00000000c0000000, 0x00000000c2b00000, 0x00000000eab00000)
  object space 44032K, 35% used [0x00000000c0000000,0x00000000c0f591e8,0x00000000c2b00000)
 Metaspace       used 6367K, capacity 7128K, committed 7424K, reserved 1056768K
  class space    used 627K, capacity 656K, committed 768K, reserved 1048576K

Card table byte_map: [0x0000000012240000,0x0000000012450000] byte_map_base: 0x0000000011c40000

Marking Bits: (ParMarkBitMap*) 0x0000000062980600
 Begin Bits: [0x00000000129b0000, 0x00000000139b0000)
 End Bits:   [0x00000000139b0000, 0x00000000149b0000)

Polling page: 0x0000000001290000

CodeCache: size=245760Kb used=7998Kb max_used=8005Kb free=237761Kb
 bounds [0x0000000002e80000, 0x0000000003660000, 0x0000000011e80000]
 total_blobs=1977 nmethods=1705 adapters=184
 compilation: enabled

Compilation events (10 events):
Event: 14.558 Thread 0x0000000016c04800 nmethod 1738% 0x0000000003638190 code [0x00000000036382e0, 0x0000000003638458]
Event: 14.559 Thread 0x0000000016c04800 1739       4       com.android.dx.ssa.SsaConverter::edgeSplitMoveExceptionsAndResults (157 bytes)
Event: 14.585 Thread 0x0000000016c0b000 1745       3       java.util.HashMap$TreeNode::find (172 bytes)
Event: 14.586 Thread 0x0000000016c0b000 nmethod 1745 0x0000000003635f90 code [0x0000000003636180, 0x0000000003636c98]
Event: 14.590 Thread 0x0000000016c0b000 1746       3       com.android.dx.rop.type.Type::getComponentType (70 bytes)
Event: 14.591 Thread 0x0000000016c0b000 nmethod 1746 0x0000000003634d90 code [0x0000000003634fa0, 0x0000000003635ac8]
Event: 14.593 Thread 0x0000000016c0b000 1749       3       com.android.dx.rop.code.Rops::opSub (29 bytes)
Event: 14.593 Thread 0x0000000016c0b000 nmethod 1749 0x0000000003637dd0 code [0x0000000003637f40, 0x0000000003638108]
Event: 14.699 Thread 0x0000000016c0b000 1753       1       com.android.dx.rop.cst.CstFloat::getType (4 bytes)
Event: 14.699 Thread 0x0000000016c0b000 nmethod 1753 0x000000000363a050 code [0x000000000363a1a0, 0x000000000363a2b0]

GC Heap History (8 events):
Event: 2.720 GC heap before
{Heap before GC invocations=1 (full 0):
 PSYoungGen      total 18944K, used 16384K [0x00000000eab00000, 0x00000000ec000000, 0x0000000100000000)
  eden space 16384K, 100% used [0x00000000eab00000,0x00000000ebb00000,0x00000000ebb00000)
  from space 2560K, 0% used [0x00000000ebd80000,0x00000000ebd80000,0x00000000ec000000)
  to   space 2560K, 0% used [0x00000000ebb00000,0x00000000ebb00000,0x00000000ebd80000)
 ParOldGen       total 44032K, used 0K [0x00000000c0000000, 0x00000000c2b00000, 0x00000000eab00000)
  object space 44032K, 0% used [0x00000000c0000000,0x00000000c0000000,0x00000000c2b00000)
 Metaspace       used 5843K, capacity 6772K, committed 7040K, reserved 1056768K
  class space    used 601K, capacity 620K, committed 640K, reserved 1048576K
Event: 3.683 GC heap after
Heap after GC invocations=1 (full 0):
 PSYoungGen      total 18944K, used 2544K [0x00000000eab00000, 0x00000000ed000000, 0x0000000100000000)
  eden space 16384K, 0% used [0x00000000eab00000,0x00000000eab00000,0x00000000ebb00000)
  from space 2560K, 99% used [0x00000000ebb00000,0x00000000ebd7c298,0x00000000ebd80000)
  to   space 2560K, 0% used [0x00000000ecd80000,0x00000000ecd80000,0x00000000ed000000)
 ParOldGen       total 44032K, used 1681K [0x00000000c0000000, 0x00000000c2b00000, 0x00000000eab00000)
  object space 44032K, 3% used [0x00000000c0000000,0x00000000c01a4440,0x00000000c2b00000)
 Metaspace       used 5843K, capacity 6772K, committed 7040K, reserved 1056768K
  class space    used 601K, capacity 620K, committed 640K, reserved 1048576K
}
Event: 5.322 GC heap before
{Heap before GC invocations=2 (full 0):
 PSYoungGen      total 18944K, used 18928K [0x00000000eab00000, 0x00000000ed000000, 0x0000000100000000)
  eden space 16384K, 100% used [0x00000000eab00000,0x00000000ebb00000,0x00000000ebb00000)
  from space 2560K, 99% used [0x00000000ebb00000,0x00000000ebd7c298,0x00000000ebd80000)
  to   space 2560K, 0% used [0x00000000ecd80000,0x00000000ecd80000,0x00000000ed000000)
 ParOldGen       total 44032K, used 1681K [0x00000000c0000000, 0x00000000c2b00000, 0x00000000eab00000)
  object space 44032K, 3% used [0x00000000c0000000,0x00000000c01a4440,0x00000000c2b00000)
 Metaspace       used 6057K, capacity 6964K, committed 7040K, reserved 1056768K
  class space    used 602K, capacity 620K, committed 640K, reserved 1048576K
Event: 5.503 GC heap after
Heap after GC invocations=2 (full 0):
 PSYoungGen      total 35328K, used 2537K [0x00000000eab00000, 0x00000000ed000000, 0x0000000100000000)
  eden space 32768K, 0% used [0x00000000eab00000,0x00000000eab00000,0x00000000ecb00000)
  from space 2560K, 99% used [0x00000000ecd80000,0x00000000ecffa628,0x00000000ed000000)
  to   space 2560K, 0% used [0x00000000ecb00000,0x00000000ecb00000,0x00000000ecd80000)
 ParOldGen       total 44032K, used 4057K [0x00000000c0000000, 0x00000000c2b00000, 0x00000000eab00000)
  object space 44032K, 9% used [0x00000000c0000000,0x00000000c03f6520,0x00000000c2b00000)
 Metaspace       used 6057K, capacity 6964K, committed 7040K, reserved 1056768K
  class space    used 602K, capacity 620K, committed 640K, reserved 1048576K
}
Event: 8.958 GC heap before
{Heap before GC invocations=3 (full 0):
 PSYoungGen      total 35328K, used 35305K [0x00000000eab00000, 0x00000000ed000000, 0x0000000100000000)
  eden space 32768K, 100% used [0x00000000eab00000,0x00000000ecb00000,0x00000000ecb00000)
  from space 2560K, 99% used [0x00000000ecd80000,0x00000000ecffa628,0x00000000ed000000)
  to   space 2560K, 0% used [0x00000000ecb00000,0x00000000ecb00000,0x00000000ecd80000)
 ParOldGen       total 44032K, used 4057K [0x00000000c0000000, 0x00000000c2b00000, 0x00000000eab00000)
  object space 44032K, 9% used [0x00000000c0000000,0x00000000c03f6520,0x00000000c2b00000)
 Metaspace       used 6243K, capacity 7092K, committed 7296K, reserved 1056768K
  class space    used 606K, capacity 620K, committed 640K, reserved 1048576K
Event: 10.621 GC heap after
Heap after GC invocations=3 (full 0):
 PSYoungGen      total 35328K, used 2553K [0x00000000eab00000, 0x00000000ef000000, 0x0000000100000000)
  eden space 32768K, 0% used [0x00000000eab00000,0x00000000eab00000,0x00000000ecb00000)
  from space 2560K, 99% used [0x00000000ecb00000,0x00000000ecd7e638,0x00000000ecd80000)
  to   space 2560K, 0% used [0x00000000eed80000,0x00000000eed80000,0x00000000ef000000)
 ParOldGen       total 44032K, used 10385K [0x00000000c0000000, 0x00000000c2b00000, 0x00000000eab00000)
  object space 44032K, 23% used [0x00000000c0000000,0x00000000c0a24458,0x00000000c2b00000)
 Metaspace       used 6243K, capacity 7092K, committed 7296K, reserved 1056768K
  class space    used 606K, capacity 620K, committed 640K, reserved 1048576K
}
Event: 12.990 GC heap before
{Heap before GC invocations=4 (full 0):
 PSYoungGen      total 35328K, used 35321K [0x00000000eab00000, 0x00000000ef000000, 0x0000000100000000)
  eden space 32768K, 100% used [0x00000000eab00000,0x00000000ecb00000,0x00000000ecb00000)
  from space 2560K, 99% used [0x00000000ecb00000,0x00000000ecd7e638,0x00000000ecd80000)
  to   space 2560K, 0% used [0x00000000eed80000,0x00000000eed80000,0x00000000ef000000)
 ParOldGen       total 44032K, used 10385K [0x00000000c0000000, 0x00000000c2b00000, 0x00000000eab00000)
  object space 44032K, 23% used [0x00000000c0000000,0x00000000c0a24458,0x00000000c2b00000)
 Metaspace       used 6355K, capacity 7128K, committed 7424K, reserved 1056768K
  class space    used 627K, capacity 656K, committed 768K, reserved 1048576K
Event: 13.220 GC heap after
Heap after GC invocations=4 (full 0):
 PSYoungGen      total 68096K, used 2537K [0x00000000eab00000, 0x00000000ef000000, 0x0000000100000000)
  eden space 65536K, 0% used [0x00000000eab00000,0x00000000eab00000,0x00000000eeb00000)
  from space 2560K, 99% used [0x00000000eed80000,0x00000000eeffa7f0,0x00000000ef000000)
  to   space 2560K, 0% used [0x00000000eeb00000,0x00000000eeb00000,0x00000000eed80000)
 ParOldGen       total 44032K, used 15716K [0x00000000c0000000, 0x00000000c2b00000, 0x00000000eab00000)
  object space 44032K, 35% used [0x00000000c0000000,0x00000000c0f591e8,0x00000000c2b00000)
 Metaspace       used 6355K, capacity 7128K, committed 7424K, reserved 1056768K
  class space    used 627K, capacity 656K, committed 768K, reserved 1048576K
}

Deoptimization events (10 events):
Event: 10.964 Thread 0x0000000016e3a800 Uncommon trap: reason=unstable_if action=reinterpret pc=0x00000000032c263c method=com.android.dx.util.IntList.binarysearch(I)I @ 105
Event: 11.662 Thread 0x0000000016e3a800 Uncommon trap: reason=bimorphic action=maybe_recompile pc=0x00000000034fc034 method=com.android.dx.ssa.LiteralOpUpgrader.tryReplacingWithConstant(Lcom/android/dx/ssa/NormalSsaInsn;)Z @ 52
Event: 11.672 Thread 0x0000000016e3a800 Uncommon trap: reason=unstable_if action=reinterpret pc=0x000000000346dbf4 method=com.android.dx.rop.code.BasicBlockList.preferredSuccessorOf(Lcom/android/dx/rop/code/BasicBlock;)Lcom/android/dx/rop/code/BasicBlock; @ 58
Event: 11.672 Thread 0x0000000016e3a800 Uncommon trap: reason=unstable_if action=reinterpret pc=0x00000000034874a4 method=com.android.dx.dex.code.RopToDop.dopFor(Lcom/android/dx/rop/code/Insn;)Lcom/android/dx/dex/code/Dop; @ 747
Event: 11.674 Thread 0x0000000016e3a800 Uncommon trap: reason=bimorphic action=maybe_recompile pc=0x00000000034fc034 method=com.android.dx.ssa.LiteralOpUpgrader.tryReplacingWithConstant(Lcom/android/dx/ssa/NormalSsaInsn;)Z @ 52
Event: 11.676 Thread 0x0000000002e7d800 Uncommon trap: reason=unstable_if action=reinterpret pc=0x00000000035abe08 method=java.util.HashMap.putVal(ILjava/lang/Object;Ljava/lang/Object;ZZ)Ljava/lang/Object; @ 109
Event: 11.676 Thread 0x0000000002e7d800 Uncommon trap: reason=unstable_if action=reinterpret pc=0x000000000329a63c method=java.util.HashMap.putVal(ILjava/lang/Object;Ljava/lang/Object;ZZ)Ljava/lang/Object; @ 162
Event: 13.446 Thread 0x0000000016e3a800 Uncommon trap: reason=bimorphic action=maybe_recompile pc=0x00000000035c48bc method=com.android.dx.cf.code.RopperMachine.run(Lcom/android/dx/cf/code/Frame;II)V @ 310
Event: 13.446 Thread 0x0000000016e3a800 Uncommon trap: reason=bimorphic action=maybe_recompile pc=0x00000000035c48bc method=com.android.dx.cf.code.RopperMachine.run(Lcom/android/dx/cf/code/Frame;II)V @ 310
Event: 13.446 Thread 0x0000000016e3a800 Uncommon trap: reason=bimorphic action=maybe_recompile pc=0x00000000035c48bc method=com.android.dx.cf.code.RopperMachine.run(Lcom/android/dx/cf/code/Frame;II)V @ 310

Internal exceptions (7 events):
Event: 0.126 Thread 0x0000000002e7d800 Exception <a 'java/lang/NoSuchMethodError': Method sun.misc.Unsafe.defineClass(Ljava/lang/String;[BII)Ljava/lang/Class; name or signature does not match> (0x00000000eab13060) thrown at [D:\re\puppet\workspace\8-2-build-windows-amd64-cygwin\jdk8u73\6086\hotVÇ˜¿.À?
Event: 0.126 Thread 0x0000000002e7d800 Exception <a 'java/lang/NoSuchMethodError': Method sun.misc.Unsafe.prefetchRead(Ljava/lang/Object;J)V name or signature does not match> (0x00000000eab13348) thrown at [D:\re\puppet\workspace\8-2-build-windows-amd64-cygwin\jdk8u73\6086\hotspot\src\share\vm\:E½+—@
Event: 7.274 Thread 0x0000000016e3a800 Implicit null exception at 0x0000000003175b53 to 0x000000000317740d
Event: 10.640 Thread 0x0000000016e3c000 Implicit null exception at 0x00000000031559cd to 0x0000000003157161
Event: 10.724 Thread 0x0000000016e55800 Exception <a 'java/lang/ArrayIndexOutOfBoundsException': 18> (0x00000000ead294a0) thrown at [D:\re\puppet\workspace\8-2-build-windows-amd64-cygwin\jdk8u73\6086\hotspot\src\share\vm\interpreter\interpreterRuntime.cpp, line 366]
Event: 10.725 Thread 0x0000000016e55800 Exception <a 'java/lang/ArrayIndexOutOfBoundsException': 145> (0x00000000ead2b020) thrown at [D:\re\puppet\workspace\8-2-build-windows-amd64-cygwin\jdk8u73\6086\hotspot\src\share\vm\interpreter\interpreterRuntime.cpp, line 366]
Event: 10.728 Thread 0x0000000016e55800 Exception <a 'java/lang/ArrayIndexOutOfBoundsException'> (0x00000000ead2c308) thrown at [D:\re\puppet\workspace\8-2-build-windows-amd64-cygwin\jdk8u73\6086\hotspot\src\share\vm\runtime\sharedRuntime.cpp, line 605]

Events (10 events):
Event: 13.446 Thread 0x0000000016e3a800 Uncommon trap: trap_request=0xffffffc6 fr.pc=0x00000000035c48bc
Event: 13.446 Thread 0x0000000016e3a800 DEOPT PACKING pc=0x00000000035c48bc sp=0x00000000174ae300
Event: 13.446 Thread 0x0000000016e3a800 DEOPT UNPACKING pc=0x0000000002ec582a sp=0x00000000174ae2c0 mode 2
Event: 13.446 Thread 0x0000000016e3a800 Uncommon trap: trap_request=0xffffffc6 fr.pc=0x00000000035c48bc
Event: 13.446 Thread 0x0000000016e3a800 DEOPT PACKING pc=0x00000000035c48bc sp=0x00000000174ae300
Event: 13.446 Thread 0x0000000016e3a800 DEOPT UNPACKING pc=0x0000000002ec582a sp=0x00000000174ae2c0 mode 2
Event: 14.574 Thread 0x0000000016e3a800 DEOPT PACKING pc=0x00000000032ec77d sp=0x00000000174aeb40
Event: 14.575 Thread 0x0000000016e3a800 DEOPT UNPACKING pc=0x0000000002ec787f sp=0x00000000174ae878 mode 0
Event: 14.594 Thread 0x0000000016e3a800 DEOPT PACKING pc=0x0000000003233bb5 sp=0x00000000174aeb10
Event: 14.594 Thread 0x0000000016e3a800 DEOPT UNPACKING pc=0x0000000002ec787f sp=0x00000000174ae7f0 mode 0


Dynamic libraries:
0x00007ff7ece20000 - 0x00007ff7ece57000 	C:\Program Files\Java\jdk1.8.0_73\bin\java.exe
0x00007ff856bf0000 - 0x00007ff856d9d000 	C:\Windows\SYSTEM32\ntdll.dll
0x00007ff854760000 - 0x00007ff85489e000 	C:\Windows\system32\KERNEL32.DLL
0x00007ff8540b0000 - 0x00007ff8541c5000 	C:\Windows\system32\KERNELBASE.dll
0x00007ff8528f0000 - 0x00007ff85297e000 	C:\Windows\system32\apphelp.dll
0x00007ff84d6a0000 - 0x00007ff84d6f3000 	C:\Windows\AppPatch\AppPatch64\AcGenral.DLL
0x00007ff855390000 - 0x00007ff85543a000 	C:\Windows\system32\msvcrt.dll
0x00007ff854080000 - 0x00007ff8540ae000 	C:\Windows\system32\SspiCli.dll
0x00007ff855170000 - 0x00007ff8551c4000 	C:\Windows\system32\SHLWAPI.dll
0x00007ff854eb0000 - 0x00007ff855027000 	C:\Windows\system32\USER32.dll
0x00007ff8545c0000 - 0x00007ff854754000 	C:\Windows\system32\ole32.dll
0x00007ff8556c0000 - 0x00007ff856bea000 	C:\Windows\system32\SHELL32.dll
0x00007ff8532f0000 - 0x00007ff853311000 	C:\Windows\SYSTEM32\USERENV.dll
0x00007ff854da0000 - 0x00007ff854e4a000 	C:\Windows\system32\ADVAPI32.dll
0x00007ff851270000 - 0x00007ff85128e000 	C:\Windows\SYSTEM32\MPR.dll
0x00007ff855030000 - 0x00007ff855170000 	C:\Windows\system32\RPCRT4.dll
0x00007ff8551d0000 - 0x00007ff855229000 	C:\Windows\SYSTEM32\sechost.dll
0x00007ff854970000 - 0x00007ff854b81000 	C:\Windows\SYSTEM32\combase.dll
0x00007ff854bd0000 - 0x00007ff854d20000 	C:\Windows\system32\GDI32.dll
0x00007ff853d20000 - 0x00007ff853d35000 	C:\Windows\SYSTEM32\profapi.dll
0x00007ff8522c0000 - 0x00007ff852372000 	C:\Windows\SYSTEM32\SHCORE.dll
0x00007ff855680000 - 0x00007ff8556b6000 	C:\Windows\system32\IMM32.DLL
0x00007ff855230000 - 0x00007ff855382000 	C:\Windows\system32\MSCTF.dll
0x00007ff851570000 - 0x00007ff8517eb000 	C:\Windows\WinSxS\amd64_microsoft.windows.common-controls_6595b64144ccf1df_6.0.9600.18006_none_623f33d3ecbe86e8\COMCTL32.dll
0x0000000061ba0000 - 0x0000000061c72000 	C:\Program Files\Java\jdk1.8.0_73\jre\bin\msvcr100.dll
0x0000000062170000 - 0x0000000062a00000 	C:\Program Files\Java\jdk1.8.0_73\jre\bin\server\jvm.dll
0x00007ff84a870000 - 0x00007ff84a879000 	C:\Windows\SYSTEM32\WSOCK32.dll
0x00007ff84e3a0000 - 0x00007ff84e3c2000 	C:\Windows\SYSTEM32\WINMM.dll
0x00007ff84d7e0000 - 0x00007ff84d7ea000 	C:\Windows\SYSTEM32\VERSION.dll
0x00007ff854bb0000 - 0x00007ff854bb7000 	C:\Windows\system32\PSAPI.DLL
0x00007ff854e50000 - 0x00007ff854eaa000 	C:\Windows\system32\WS2_32.dll
0x00007ff84e370000 - 0x00007ff84e39a000 	C:\Windows\SYSTEM32\WINMMBASE.dll
0x00007ff854bc0000 - 0x00007ff854bc9000 	C:\Windows\system32\NSI.dll
0x00007ff854030000 - 0x00007ff85407f000 	C:\Windows\SYSTEM32\cfgmgr32.dll
0x00007ff852b40000 - 0x00007ff852b68000 	C:\Windows\SYSTEM32\DEVOBJ.dll
0x0000000062160000 - 0x000000006216f000 	C:\Program Files\Java\jdk1.8.0_73\jre\bin\verify.dll
0x0000000062130000 - 0x0000000062159000 	C:\Program Files\Java\jdk1.8.0_73\jre\bin\java.dll
0x0000000062110000 - 0x0000000062126000 	C:\Program Files\Java\jdk1.8.0_73\jre\bin\zip.dll

VM Arguments:
jvm_args: -Djava.awt.headless=true -Xmx1024M -Dfile.encoding=x-windows-949 -Duser.country=KR -Duser.language=ko -Duser.variant 
java_command: com.android.dx.command.Main --dex --force-jumbo --num-threads=4 --output C:\Users\soft\AndroidStudioProjects\MyApplication_0525\app\build\intermediates\pre-dexed\debug\com.android.support-recyclerview-v7-23.1.1_51ac5e6b9c6bf2d68050bdfe4cde1c4288b68c71.jar C:\Users\soft\AndroidStudioProjects\MyApplication_0525\app\build\intermediates\exploded-aar\com.android.support\recyclerview-v7\23.1.1\jars\classes.jar
java_class_path (initial): C:\Android\sdk\build-tools\23.0.2\lib\dx.jar
Launcher Type: SUN_STANDARD

Environment Variables:
PATH=C:\Python34\Lib\site-packages\PyQt5;C:\ProgramData\Oracle\Java\javapath;C:\Program Files (x86)\Intel\iCLS Client\;C:\Program Files\Intel\iCLS Client\;C:\Windows\system32;C:\Windows;C:\Windows\System32\Wbem;C:\Windows\System32\WindowsPowerShell\v1.0\;C:\Program Files (x86)\Windows Live\Shared;C:\Program Files\Intel\Intel(R) Management Engine Components\DAL;C:\Program Files\Intel\Intel(R) Management Engine Components\IPT;C:\Program Files (x86)\Intel\Intel(R) Management Engine Components\DAL;C:\Program Files (x86)\Intel\Intel(R) Management Engine Components\IPT;C:\Program Files\Intel\WiFi\bin\;C:\Program Files\Common Files\Intel\WirelessCommon\;C:\Program Files\Git\cmd;C:\Users\soft\.dnx\bin;C:\Program Files\Microsoft DNX\Dnvm\;C:\Program Files\Microsoft SQL Server\130\Tools\Binn\;C:\Program Files (x86)\Windows Kits\8.1\Windows Performance Toolkit\;C:\Program Files (x86)\QuickTime\QTSystem\;C:\Program Files (x86)\GtkSharp\2.12\bin;C:\Anaconda3;C:\Anaconda3\Scripts;C:\Anaconda3\Library\bin;C:\Users\soft\AppData\Local\Programs\Python\Python35-32\Scripts\;C:\Users\soft\AppData\Local\Programs\Python\Python35-32\;C:\Program Files\Bandizip\7z
USERNAME=¼ÒÇÁÆ®
OS=Windows_NT
PROCESSOR_IDENTIFIER=Intel64 Family 6 Model 69 Stepping 1, GenuineIntel



---------------  S Y S T E M  ---------------

OS: Windows 8.1 , 64 bit Build 9600 (6.3.9600.17415)

CPU:total 4 (2 cores per cpu, 2 threads per core) family 6 model 69 stepping 1, cmov, cx8, fxsr, mmx, sse, sse2, sse3, ssse3, sse4.1, sse4.2, popcnt, avx, avx2, aes, clmul, erms, lzcnt, ht, tsc, tscinvbit, bmi1, bmi2

Memory: 4k page, physical 4099872k(350276k free), swap 7245600k(8320k free)

vm_info: Java HotSpot(TM) 64-Bit Server VM (25.73-b02) for windows-amd64 JRE (1.8.0_73-b02), built on Jan 29 2016 17:38:49 by "java_re" with MS VC++ 10.0 (VS2010)

time: Wed May 25 20:55:36 2016
elapsed time: 14 seconds (0d 0h 0m 14s)

