#
# There is insufficient memory for the Java Runtime Environment to continue.
# Native memory allocation (malloc) failed to allocate 32784 bytes for Chunk::new
# Possible reasons:
#   The system is out of physical RAM or swap space
#   In 32 bit mode, the process size limit was hit
# Possible solutions:
#   Reduce memory load on the system
#   Increase physical memory or swap space
#   Check if swap backing store is full
#   Use 64 bit Java on a 64 bit OS
#   Decrease Java heap size (-Xmx/-Xms)
#   Decrease number of Java threads
#   Decrease Java thread stack sizes (-Xss)
#   Set larger code cache with -XX:ReservedCodeCacheSize=
# This output file may be truncated or incomplete.
#
#  Out of Memory Error (allocation.cpp:390), pid=4572, tid=4616
#
# JRE version: Java(TM) SE Runtime Environment (8.0_73-b02) (build 1.8.0_73-b02)
# Java VM: Java HotSpot(TM) 64-Bit Server VM (25.73-b02 mixed mode windows-amd64 compressed oops)
# Failed to write core dump. Minidumps are not enabled by default on client versions of Windows
#

---------------  T H R E A D  ---------------

Current thread (0x0000000016a73800):  JavaThread "C2 CompilerThread1" daemon [_thread_in_native, id=4616, stack(0x0000000016e20000,0x0000000016f20000)]

Stack: [0x0000000016e20000,0x0000000016f20000]
[error occurred during error reporting (printing stack bounds), id 0xc0000005]

Native frames: (J=compiled Java code, j=interpreted, Vv=VM code, C=native code)


Current CompileTask:
C2:   2965 1146       4       com.android.dx.ssa.SsaRenamer$BlockRenamer::visitNonMoveInsn (14 bytes)


---------------  P R O C E S S  ---------------

Java Threads: ( => current thread )
  0x0000000016bfd000 JavaThread "pool-1-thread-3" [_thread_in_Java, id=1268, stack(0x0000000017520000,0x0000000017620000)]
  0x0000000016bfb800 JavaThread "pool-1-thread-2" [_thread_in_Java, id=8096, stack(0x0000000017420000,0x0000000017520000)]
  0x0000000016bfb000 JavaThread "pool-2-thread-1" [_thread_blocked, id=7392, stack(0x0000000017320000,0x0000000017420000)]
  0x0000000016bf6000 JavaThread "pool-1-thread-1" [_thread_in_Java, id=12676, stack(0x0000000017220000,0x0000000017320000)]
  0x0000000016a82000 JavaThread "Service Thread" daemon [_thread_blocked, id=2516, stack(0x0000000017020000,0x0000000017120000)]
  0x0000000016a79800 JavaThread "C1 CompilerThread2" daemon [_thread_in_vm, id=3428, stack(0x0000000016f20000,0x0000000017020000)]
=>0x0000000016a73800 JavaThread "C2 CompilerThread1" daemon [_thread_in_native, id=4616, stack(0x0000000016e20000,0x0000000016f20000)]
  0x0000000015379000 JavaThread "C2 CompilerThread0" daemon [_thread_in_native, id=9584, stack(0x0000000016920000,0x0000000016a20000)]
  0x000000001532e000 JavaThread "Attach Listener" daemon [_thread_blocked, id=11064, stack(0x0000000016820000,0x0000000016920000)]
  0x000000001532c800 JavaThread "Signal Dispatcher" daemon [_thread_blocked, id=12208, stack(0x0000000016720000,0x0000000016820000)]
  0x0000000002c46800 JavaThread "Finalizer" daemon [_thread_blocked, id=10344, stack(0x00000000165a0000,0x00000000166a0000)]
  0x0000000002c3e800 JavaThread "Reference Handler" daemon [_thread_blocked, id=10984, stack(0x00000000164a0000,0x00000000165a0000)]
  0x00000000026fd800 JavaThread "main" [_thread_in_Java, id=8288, stack(0x0000000002700000,0x0000000002800000)]

Other Threads:
  0x00000000152e7800 VMThread [stack: 0x00000000163a0000,0x00000000164a0000] [id=10312]
  0x0000000016ae7800 WatcherThread [stack: 0x0000000017120000,0x0000000017220000] [id=10028]

VM state:not at safepoint (normal execution)

VM Mutex/Monitor currently owned by a thread: None

Heap:
 PSYoungGen      total 18944K, used 17196K [0x00000000eab00000, 0x00000000ec000000, 0x0000000100000000)
  eden space 16384K, 89% used [0x00000000eab00000,0x00000000eb952020,0x00000000ebb00000)
  from space 2560K, 98% used [0x00000000ebb00000,0x00000000ebd790b0,0x00000000ebd80000)
  to   space 2560K, 0% used [0x00000000ebd80000,0x00000000ebd80000,0x00000000ec000000)
 ParOldGen       total 44032K, used 2101K [0x00000000c0000000, 0x00000000c2b00000, 0x00000000eab00000)
  object space 44032K, 4% used [0x00000000c0000000,0x00000000c020d688,0x00000000c2b00000)
 Metaspace       used 5991K, capacity 6840K, committed 7040K, reserved 1058816K
  class space    used 604K, capacity 624K, committed 640K, reserved 1048576K

Card table byte_map: [0x0000000012010000,0x0000000012220000] byte_map_base: 0x0000000011a10000

Marking Bits: (ParMarkBitMap*) 0x0000000062980600
 Begin Bits: [0x0000000012780000, 0x0000000013780000)
 End Bits:   [0x0000000013780000, 0x0000000014780000)

Polling page: 0x0000000002800000

CodeCache: size=245760Kb used=4605Kb max_used=4605Kb free=241154Kb
 bounds [0x0000000002c50000, 0x00000000030e0000, 0x0000000011c50000]
 total_blobs=1410 nmethods=1139 adapters=184
 compilation: enabled

Compilation events (10 events):
Event: 2.747 Thread 0x0000000015379000 nmethod 1074 0x00000000030c5cd0 code [0x00000000030c6000, 0x00000000030c8550]
Event: 2.954 Thread 0x0000000016a73800 1146       4       com.android.dx.ssa.SsaRenamer$BlockRenamer::visitNonMoveInsn (14 bytes)
Event: 2.955 Thread 0x0000000015379000 1147       4       com.android.dx.ssa.MoveParamCombiner$1::visitNonMoveInsn (213 bytes)
Event: 2.957 Thread 0x0000000015379000 nmethod 1147 0x00000000030bfb50 code [0x00000000030bfca0, 0x00000000030bfe08]
Event: 2.957 Thread 0x0000000016a79800 1148       3       java.util.RegularEnumSet::contains (57 bytes)
Event: 2.958 Thread 0x0000000016a79800 nmethod 1148 0x00000000030bdd90 code [0x00000000030bdf20, 0x00000000030be4c8]
Event: 2.958 Thread 0x0000000016a79800 1149       3       com.android.dx.ssa.SCCP::<init> (142 bytes)
Event: 2.959 Thread 0x0000000015379000 1151       4       com.android.dx.ssa.DeadCodeRemover::isCircularNoSideEffect (140 bytes)
Event: 2.959 Thread 0x0000000016a79800 nmethod 1149 0x00000000030c4050 code [0x00000000030c42c0, 0x00000000030c53e8]
Event: 2.959 Thread 0x0000000016a79800 1150       3       com.android.dx.ssa.SCCP::run (298 bytes)

GC Heap History (2 events):
Event: 2.110 GC heap before
{Heap before GC invocations=1 (full 0):
 PSYoungGen      total 18944K, used 16384K [0x00000000eab00000, 0x00000000ec000000, 0x0000000100000000)
  eden space 16384K, 100% used [0x00000000eab00000,0x00000000ebb00000,0x00000000ebb00000)
  from space 2560K, 0% used [0x00000000ebd80000,0x00000000ebd80000,0x00000000ec000000)
  to   space 2560K, 0% used [0x00000000ebb00000,0x00000000ebb00000,0x00000000ebd80000)
 ParOldGen       total 44032K, used 0K [0x00000000c0000000, 0x00000000c2b00000, 0x00000000eab00000)
  object space 44032K, 0% used [0x00000000c0000000,0x00000000c0000000,0x00000000c2b00000)
 Metaspace       used 5828K, capacity 6710K, committed 6784K, reserved 1058816K
  class space    used 601K, capacity 622K, committed 640K, reserved 1048576K
Event: 2.337 GC heap after
Heap after GC invocations=1 (full 0):
 PSYoungGen      total 18944K, used 2532K [0x00000000eab00000, 0x00000000ec000000, 0x0000000100000000)
  eden space 16384K, 0% used [0x00000000eab00000,0x00000000eab00000,0x00000000ebb00000)
  from space 2560K, 98% used [0x00000000ebb00000,0x00000000ebd790b0,0x00000000ebd80000)
  to   space 2560K, 0% used [0x00000000ebd80000,0x00000000ebd80000,0x00000000ec000000)
 ParOldGen       total 44032K, used 2101K [0x00000000c0000000, 0x00000000c2b00000, 0x00000000eab00000)
  object space 44032K, 4% used [0x00000000c0000000,0x00000000c020d688,0x00000000c2b00000)
 Metaspace       used 5828K, capacity 6710K, committed 6784K, reserved 1058816K
  class space    used 601K, capacity 622K, committed 640K, reserved 1048576K
}

Deoptimization events (10 events):
Event: 2.386 Thread 0x0000000016bfb800 Uncommon trap: reason=class_check action=maybe_recompile pc=0x0000000002efe170 method=com.android.dx.ssa.NormalSsaInsn.accept(Lcom/android/dx/ssa/SsaInsn$Visitor;)V @ 9
Event: 2.386 Thread 0x0000000016bfb800 Uncommon trap: reason=class_check action=maybe_recompile pc=0x0000000002efe170 method=com.android.dx.ssa.NormalSsaInsn.accept(Lcom/android/dx/ssa/SsaInsn$Visitor;)V @ 9
Event: 2.386 Thread 0x0000000016bfb800 Uncommon trap: reason=class_check action=maybe_recompile pc=0x0000000002efe170 method=com.android.dx.ssa.NormalSsaInsn.accept(Lcom/android/dx/ssa/SsaInsn$Visitor;)V @ 9
Event: 2.386 Thread 0x0000000016bfb800 Uncommon trap: reason=class_check action=maybe_recompile pc=0x0000000002efe170 method=com.android.dx.ssa.NormalSsaInsn.accept(Lcom/android/dx/ssa/SsaInsn$Visitor;)V @ 9
Event: 2.387 Thread 0x0000000016bfb800 Uncommon trap: reason=class_check action=maybe_recompile pc=0x0000000002e892f0 method=com.android.dx.ssa.NormalSsaInsn.accept(Lcom/android/dx/ssa/SsaInsn$Visitor;)V @ 9
Event: 2.597 Thread 0x0000000016bf6000 Uncommon trap: reason=null_check action=make_not_entrant pc=0x0000000003042000 method=com.android.dx.ssa.SsaRenamer.getLocalForNewReg(I)Lcom/android/dx/rop/code/LocalItem; @ 19
Event: 2.609 Thread 0x0000000016bf6000 Uncommon trap: reason=unstable_if action=reinterpret pc=0x0000000002ff2ddc method=com.android.dx.rop.cst.Constant.compareTo(Lcom/android/dx/rop/cst/Constant;)I @ 12
Event: 2.640 Thread 0x0000000016bfd000 Uncommon trap: reason=bimorphic action=maybe_recompile pc=0x0000000002e88568 method=java.util.HashMap.getNode(ILjava/lang/Object;)Ljava/util/HashMap$Node; @ 126
Event: 2.641 Thread 0x0000000016bfd000 Uncommon trap: reason=class_check action=maybe_recompile pc=0x000000000300d9d8 method=java.util.HashMap.putVal(ILjava/lang/Object;Ljava/lang/Object;ZZ)Ljava/lang/Object; @ 203
Event: 2.654 Thread 0x0000000016bf6000 Uncommon trap: reason=unstable_if action=reinterpret pc=0x0000000002fc4800 method=com.android.dx.rop.code.RegisterSpec.equals(ILcom/android/dx/rop/type/TypeBearer;Lcom/android/dx/rop/code/LocalItem;)Z @ 42

Internal exceptions (5 events):
Event: 0.207 Thread 0x00000000026fd800 Exception <a 'java/lang/NoSuchMethodError': Method sun.misc.Unsafe.defineClass(Ljava/lang/String;[BII)Ljava/lang/Class; name or signature does not match> (0x00000000eab13060) thrown at [D:\re\puppet\workspace\8-2-build-windows-amd64-cygwin\jdk8u73\6086\hotKlw7Ê?
Event: 0.207 Thread 0x00000000026fd800 Exception <a 'java/lang/NoSuchMethodError': Method sun.misc.Unsafe.prefetchRead(Ljava/lang/Object;J)V name or signature does not match> (0x00000000eab13348) thrown at [D:\re\puppet\workspace\8-2-build-windows-amd64-cygwin\jdk8u73\6086\hotspot\src\share\vm\­õö{Gò?
Event: 1.142 Thread 0x0000000016bfe800 StackOverflowError at 0x0000000002db33d8
Event: 1.142 Thread 0x0000000016bfe800 Exception <a 'java/lang/StackOverflowError'> (0x00000000eb1c7068) thrown at [D:\re\puppet\workspace\8-2-build-windows-amd64-cygwin\jdk8u73\6086\hotspot\src\share\vm\runtime\sharedRuntime.cpp, line 605]
Event: 2.597 Thread 0x0000000016bf6000 Implicit null exception at 0x00000000030412b7 to 0x0000000003041fb5

Events (10 events):
Event: 2.609 Thread 0x0000000016bf6000 DEOPT UNPACKING pc=0x0000000002c9582a sp=0x000000001731e9b0 mode 2
Event: 2.640 Thread 0x0000000016bfd000 Uncommon trap: trap_request=0xffffffc6 fr.pc=0x0000000002e88568
Event: 2.641 Thread 0x0000000016bfd000 DEOPT PACKING pc=0x0000000002e88568 sp=0x000000001761e9d0
Event: 2.641 Thread 0x0000000016bfd000 DEOPT UNPACKING pc=0x0000000002c9582a sp=0x000000001761e8e8 mode 2
Event: 2.641 Thread 0x0000000016bfd000 Uncommon trap: trap_request=0xffffffde fr.pc=0x000000000300d9d8
Event: 2.641 Thread 0x0000000016bfd000 DEOPT PACKING pc=0x000000000300d9d8 sp=0x000000001761e9a0
Event: 2.641 Thread 0x0000000016bfd000 DEOPT UNPACKING pc=0x0000000002c9582a sp=0x000000001761e8c8 mode 2
Event: 2.654 Thread 0x0000000016bf6000 Uncommon trap: trap_request=0xffffff65 fr.pc=0x0000000002fc4800
Event: 2.654 Thread 0x0000000016bf6000 DEOPT PACKING pc=0x0000000002fc4800 sp=0x000000001731ec90
Event: 2.654 Thread 0x0000000016bf6000 DEOPT UNPACKING pc=0x0000000002c9582a sp=0x000000001731ec18 mode 2


Dynamic libraries:
0x00007ff7ece20000 - 0x00007ff7ece57000 	C:\Program Files\Java\jdk1.8.0_73\bin\java.exe
0x00007ff856bf0000 - 0x00007ff856d9d000 	C:\Windows\SYSTEM32\ntdll.dll
0x00007ff854760000 - 0x00007ff85489e000 	C:\Windows\system32\KERNEL32.DLL
0x00007ff8540b0000 - 0x00007ff8541c5000 	C:\Windows\system32\KERNELBASE.dll
0x00007ff8528f0000 - 0x00007ff85297e000 	C:\Windows\system32\apphelp.dll
0x00007ff84d6a0000 - 0x00007ff84d6f3000 	C:\Windows\AppPatch\AppPatch64\AcGenral.DLL
0x00007ff855390000 - 0x00007ff85543a000 	C:\Windows\system32\msvcrt.dll
0x00007ff854080000 - 0x00007ff8540ae000 	C:\Windows\system32\SspiCli.dll
0x00007ff855170000 - 0x00007ff8551c4000 	C:\Windows\system32\SHLWAPI.dll
0x00007ff854eb0000 - 0x00007ff855027000 	C:\Windows\system32\USER32.dll
0x00007ff8545c0000 - 0x00007ff854754000 	C:\Windows\system32\ole32.dll
0x00007ff8556c0000 - 0x00007ff856bea000 	C:\Windows\system32\SHELL32.dll
0x00007ff8532f0000 - 0x00007ff853311000 	C:\Windows\SYSTEM32\USERENV.dll
0x00007ff854da0000 - 0x00007ff854e4a000 	C:\Windows\system32\ADVAPI32.dll
0x00007ff851270000 - 0x00007ff85128e000 	C:\Windows\SYSTEM32\MPR.dll
0x00007ff855030000 - 0x00007ff855170000 	C:\Windows\system32\RPCRT4.dll
0x00007ff8551d0000 - 0x00007ff855229000 	C:\Windows\SYSTEM32\sechost.dll
0x00007ff854970000 - 0x00007ff854b81000 	C:\Windows\SYSTEM32\combase.dll
0x00007ff854bd0000 - 0x00007ff854d20000 	C:\Windows\system32\GDI32.dll
0x00007ff853d20000 - 0x00007ff853d35000 	C:\Windows\SYSTEM32\profapi.dll
0x00007ff8522c0000 - 0x00007ff852372000 	C:\Windows\SYSTEM32\SHCORE.dll
0x00007ff855680000 - 0x00007ff8556b6000 	C:\Windows\system32\IMM32.DLL
0x00007ff855230000 - 0x00007ff855382000 	C:\Windows\system32\MSCTF.dll
0x00007ff851570000 - 0x00007ff8517eb000 	C:\Windows\WinSxS\amd64_microsoft.windows.common-controls_6595b64144ccf1df_6.0.9600.18006_none_623f33d3ecbe86e8\COMCTL32.dll
0x0000000061ba0000 - 0x0000000061c72000 	C:\Program Files\Java\jdk1.8.0_73\jre\bin\msvcr100.dll
0x0000000062170000 - 0x0000000062a00000 	C:\Program Files\Java\jdk1.8.0_73\jre\bin\server\jvm.dll
0x00007ff84a870000 - 0x00007ff84a879000 	C:\Windows\SYSTEM32\WSOCK32.dll
0x00007ff84e3a0000 - 0x00007ff84e3c2000 	C:\Windows\SYSTEM32\WINMM.dll
0x00007ff84d7e0000 - 0x00007ff84d7ea000 	C:\Windows\SYSTEM32\VERSION.dll
0x00007ff854bb0000 - 0x00007ff854bb7000 	C:\Windows\system32\PSAPI.DLL
0x00007ff854e50000 - 0x00007ff854eaa000 	C:\Windows\system32\WS2_32.dll
0x00007ff84e370000 - 0x00007ff84e39a000 	C:\Windows\SYSTEM32\WINMMBASE.dll
0x00007ff854bc0000 - 0x00007ff854bc9000 	C:\Windows\system32\NSI.dll
0x00007ff854030000 - 0x00007ff85407f000 	C:\Windows\SYSTEM32\cfgmgr32.dll
0x00007ff852b40000 - 0x00007ff852b68000 	C:\Windows\SYSTEM32\DEVOBJ.dll
0x0000000062160000 - 0x000000006216f000 	C:\Program Files\Java\jdk1.8.0_73\jre\bin\verify.dll
0x0000000062130000 - 0x0000000062159000 	C:\Program Files\Java\jdk1.8.0_73\jre\bin\java.dll
0x0000000062110000 - 0x0000000062126000 	C:\Program Files\Java\jdk1.8.0_73\jre\bin\zip.dll

VM Arguments:
jvm_args: -Djava.awt.headless=true -Xmx1024M -Dfile.encoding=x-windows-949 -Duser.country=KR -Duser.language=ko -Duser.variant 
java_command: com.android.dx.command.Main --dex --force-jumbo --num-threads=4 --output C:\Users\soft\AndroidStudioProjects\MyApplication_0525\app\build\intermediates\pre-dexed\debug\instant-run_56e017c87005cfaf9601418290dc9527ad05b2d3.jar C:\Users\soft\AndroidStudioProjects\MyApplication_0525\app\build\intermediates\incremental-runtime-classes\debug\instant-run.jar
java_class_path (initial): C:\Android\sdk\build-tools\23.0.2\lib\dx.jar
Launcher Type: SUN_STANDARD

Environment Variables:
PATH=C:\Python34\Lib\site-packages\PyQt5;C:\ProgramData\Oracle\Java\javapath;C:\Program Files (x86)\Intel\iCLS Client\;C:\Program Files\Intel\iCLS Client\;C:\Windows\system32;C:\Windows;C:\Windows\System32\Wbem;C:\Windows\System32\WindowsPowerShell\v1.0\;C:\Program Files (x86)\Windows Live\Shared;C:\Program Files\Intel\Intel(R) Management Engine Components\DAL;C:\Program Files\Intel\Intel(R) Management Engine Components\IPT;C:\Program Files (x86)\Intel\Intel(R) Management Engine Components\DAL;C:\Program Files (x86)\Intel\Intel(R) Management Engine Components\IPT;C:\Program Files\Intel\WiFi\bin\;C:\Program Files\Common Files\Intel\WirelessCommon\;C:\Program Files\Git\cmd;C:\Users\soft\.dnx\bin;C:\Program Files\Microsoft DNX\Dnvm\;C:\Program Files\Microsoft SQL Server\130\Tools\Binn\;C:\Program Files (x86)\Windows Kits\8.1\Windows Performance Toolkit\;C:\Program Files (x86)\QuickTime\QTSystem\;C:\Program Files (x86)\GtkSharp\2.12\bin;C:\Anaconda3;C:\Anaconda3\Scripts;C:\Anaconda3\Library\bin;C:\Users\soft\AppData\Local\Programs\Python\Python35-32\Scripts\;C:\Users\soft\AppData\Local\Programs\Python\Python35-32\;C:\Program Files\Bandizip\7z
USERNAME=¼ÒÇÁÆ®
OS=Windows_NT
PROCESSOR_IDENTIFIER=Intel64 Family 6 Model 69 Stepping 1, GenuineIntel



---------------  S Y S T E M  ---------------

OS: Windows 8.1 , 64 bit Build 9600 (6.3.9600.17415)

CPU:total 4 (2 cores per cpu, 2 threads per core) family 6 model 69 stepping 1, cmov, cx8, fxsr, mmx, sse, sse2, sse3, ssse3, sse4.1, sse4.2, popcnt, avx, avx2, aes, clmul, erms, lzcnt, ht, tsc, tscinvbit, bmi1, bmi2

Memory: 4k page, physical 4099872k(415380k free), swap 7245600k(4380k free)

vm_info: Java HotSpot(TM) 64-Bit Server VM (25.73-b02) for windows-amd64 JRE (1.8.0_73-b02), built on Jan 29 2016 17:38:49 by "java_re" with MS VC++ 10.0 (VS2010)

time: Wed May 25 20:52:16 2016
elapsed time: 2 seconds (0d 0h 0m 2s)

