#
# There is insufficient memory for the Java Runtime Environment to continue.
# Native memory allocation (malloc) failed to allocate 410128 bytes for Chunk::new
# Possible reasons:
#   The system is out of physical RAM or swap space
#   In 32 bit mode, the process size limit was hit
# Possible solutions:
#   Reduce memory load on the system
#   Increase physical memory or swap space
#   Check if swap backing store is full
#   Use 64 bit Java on a 64 bit OS
#   Decrease Java heap size (-Xmx/-Xms)
#   Decrease number of Java threads
#   Decrease Java thread stack sizes (-Xss)
#   Set larger code cache with -XX:ReservedCodeCacheSize=
# This output file may be truncated or incomplete.
#
#  Out of Memory Error (allocation.cpp:390), pid=3032, tid=5736
#
# JRE version: Java(TM) SE Runtime Environment (8.0_73-b02) (build 1.8.0_73-b02)
# Java VM: Java HotSpot(TM) 64-Bit Server VM (25.73-b02 mixed mode windows-amd64 compressed oops)
# Failed to write core dump. Minidumps are not enabled by default on client versions of Windows
#

---------------  T H R E A D  ---------------

Current thread (0x0000000016d73800):  JavaThread "C2 CompilerThread1" daemon [_thread_in_native, id=5736, stack(0x0000000017120000,0x0000000017220000)]

Stack: [0x0000000017120000,0x0000000017220000]
[error occurred during error reporting (printing stack bounds), id 0xc0000005]

Native frames: (J=compiled Java code, j=interpreted, Vv=VM code, C=native code)


Current CompileTask:
C2:   4342 1167       4       com.android.dx.ssa.back.LivenessAnalyzer::run (231 bytes)


---------------  P R O C E S S  ---------------

Java Threads: ( => current thread )
  0x0000000016fcd000 JavaThread "pool-1-thread-4" [_thread_in_Java, id=10208, stack(0x0000000017920000,0x0000000017a20000)]
  0x0000000016fcc000 JavaThread "pool-1-thread-3" [_thread_blocked, id=5384, stack(0x0000000017820000,0x0000000017920000)]
  0x0000000016f09000 JavaThread "pool-1-thread-2" [_thread_in_Java, id=4448, stack(0x0000000017720000,0x0000000017820000)]
  0x0000000016f07800 JavaThread "pool-2-thread-1" [_thread_blocked, id=1844, stack(0x0000000017620000,0x0000000017720000)]
  0x0000000016f05000 JavaThread "pool-1-thread-1" [_thread_in_Java, id=10712, stack(0x0000000017520000,0x0000000017620000)]
  0x0000000016d80000 JavaThread "Service Thread" daemon [_thread_blocked, id=11836, stack(0x0000000017320000,0x0000000017420000)]
  0x0000000016d79800 JavaThread "C1 CompilerThread2" daemon [_thread_in_native, id=12768, stack(0x0000000017220000,0x0000000017320000)]
=>0x0000000016d73800 JavaThread "C2 CompilerThread1" daemon [_thread_in_native, id=5736, stack(0x0000000017120000,0x0000000017220000)]
  0x0000000015729000 JavaThread "C2 CompilerThread0" daemon [_thread_in_native, id=5584, stack(0x0000000016c20000,0x0000000016d20000)]
  0x00000000156de000 JavaThread "Attach Listener" daemon [_thread_blocked, id=9880, stack(0x0000000016b20000,0x0000000016c20000)]
  0x00000000156dc800 JavaThread "Signal Dispatcher" daemon [_thread_blocked, id=3408, stack(0x0000000016a20000,0x0000000016b20000)]
  0x0000000002ef6800 JavaThread "Finalizer" daemon [_thread_blocked, id=14032, stack(0x0000000016920000,0x0000000016a20000)]
  0x0000000002eee800 JavaThread "Reference Handler" daemon [_thread_blocked, id=12048, stack(0x0000000016820000,0x0000000016920000)]
  0x0000000002ffd800 JavaThread "main" [_thread_blocked, id=3160, stack(0x0000000002940000,0x0000000002a40000)]

Other Threads:
  0x0000000015697800 VMThread [stack: 0x0000000016720000,0x0000000016820000] [id=8284]
  0x0000000016de7800 WatcherThread [stack: 0x0000000017420000,0x0000000017520000] [id=2296]

VM state:not at safepoint (normal execution)

VM Mutex/Monitor currently owned by a thread: None

Heap:
 PSYoungGen      total 18944K, used 12803K [0x00000000eab00000, 0x00000000ec000000, 0x0000000100000000)
  eden space 16384K, 62% used [0x00000000eab00000,0x00000000eb506830,0x00000000ebb00000)
  from space 2560K, 99% used [0x00000000ebd80000,0x00000000ebffa610,0x00000000ec000000)
  to   space 2560K, 0% used [0x00000000ebb00000,0x00000000ebb00000,0x00000000ebd80000)
 ParOldGen       total 44032K, used 5922K [0x00000000c0000000, 0x00000000c2b00000, 0x00000000eab00000)
  object space 44032K, 13% used [0x00000000c0000000,0x00000000c05c8bd8,0x00000000c2b00000)
 Metaspace       used 6110K, capacity 6936K, committed 7168K, reserved 1056768K
  class space    used 620K, capacity 656K, committed 768K, reserved 1048576K

Card table byte_map: [0x00000000123c0000,0x00000000125d0000] byte_map_base: 0x0000000011dc0000

Marking Bits: (ParMarkBitMap*) 0x0000000060e50600
 Begin Bits: [0x0000000012b30000, 0x0000000013b30000)
 End Bits:   [0x0000000013b30000, 0x0000000014b30000)

Polling page: 0x0000000001130000

CodeCache: size=245760Kb used=4936Kb max_used=4936Kb free=240823Kb
 bounds [0x0000000003000000, 0x00000000034e0000, 0x0000000012000000]
 total_blobs=1492 nmethods=1221 adapters=184
 compilation: enabled

Compilation events (10 events):
Event: 4.337 Thread 0x0000000016d79800 nmethod 1198 0x00000000034c6f10 code [0x00000000034c7080, 0x00000000034c7370]
Event: 4.337 Thread 0x0000000016d79800 1222       1       sun.util.calendar.CalendarDate::getMonth (5 bytes)
Event: 4.337 Thread 0x0000000016d79800 nmethod 1222 0x00000000034c7450 code [0x00000000034c75a0, 0x00000000034c76b0]
Event: 4.337 Thread 0x0000000016d79800 1224   !   3       sun.reflect.generics.parser.SignatureParser::current (40 bytes)
Event: 4.337 Thread 0x0000000016d79800 nmethod 1224 0x00000000034c7710 code [0x00000000034c7880, 0x00000000034c7a30]
Event: 4.337 Thread 0x0000000016d79800 1223       1       java.util.concurrent.locks.AbstractOwnableSynchronizer::getExclusiveOwnerThread (5 bytes)
Event: 4.337 Thread 0x0000000016d79800 nmethod 1223 0x00000000034c7b50 code [0x00000000034c7ca0, 0x00000000034c7db0]
Event: 4.337 Thread 0x0000000016d79800 1221       1       com.android.dx.cf.attrib.AttSourceFile::getSourceFile (5 bytes)
Event: 4.337 Thread 0x0000000016d79800 nmethod 1221 0x00000000034c7e10 code [0x00000000034c7f60, 0x00000000034c8070]
Event: 4.337 Thread 0x0000000016d79800 1214       1       java.util.HashMap::size (5 bytes)

GC Heap History (4 events):
Event: 3.164 GC heap before
{Heap before GC invocations=1 (full 0):
 PSYoungGen      total 18944K, used 16384K [0x00000000eab00000, 0x00000000ec000000, 0x0000000100000000)
  eden space 16384K, 100% used [0x00000000eab00000,0x00000000ebb00000,0x00000000ebb00000)
  from space 2560K, 0% used [0x00000000ebd80000,0x00000000ebd80000,0x00000000ec000000)
  to   space 2560K, 0% used [0x00000000ebb00000,0x00000000ebb00000,0x00000000ebd80000)
 ParOldGen       total 44032K, used 0K [0x00000000c0000000, 0x00000000c2b00000, 0x00000000eab00000)
  object space 44032K, 0% used [0x00000000c0000000,0x00000000c0000000,0x00000000c2b00000)
 Metaspace       used 5882K, capacity 6774K, committed 7040K, reserved 1056768K
  class space    used 600K, capacity 622K, committed 640K, reserved 1048576K
Event: 3.245 GC heap after
Heap after GC invocations=1 (full 0):
 PSYoungGen      total 18944K, used 2544K [0x00000000eab00000, 0x00000000ec000000, 0x0000000100000000)
  eden space 16384K, 0% used [0x00000000eab00000,0x00000000eab00000,0x00000000ebb00000)
  from space 2560K, 99% used [0x00000000ebb00000,0x00000000ebd7c280,0x00000000ebd80000)
  to   space 2560K, 0% used [0x00000000ebd80000,0x00000000ebd80000,0x00000000ec000000)
 ParOldGen       total 44032K, used 2525K [0x00000000c0000000, 0x00000000c2b00000, 0x00000000eab00000)
  object space 44032K, 5% used [0x00000000c0000000,0x00000000c0277508,0x00000000c2b00000)
 Metaspace       used 5882K, capacity 6774K, committed 7040K, reserved 1056768K
  class space    used 600K, capacity 622K, committed 640K, reserved 1048576K
}
Event: 4.214 GC heap before
{Heap before GC invocations=2 (full 0):
 PSYoungGen      total 18944K, used 18928K [0x00000000eab00000, 0x00000000ec000000, 0x0000000100000000)
  eden space 16384K, 100% used [0x00000000eab00000,0x00000000ebb00000,0x00000000ebb00000)
  from space 2560K, 99% used [0x00000000ebb00000,0x00000000ebd7c280,0x00000000ebd80000)
  to   space 2560K, 0% used [0x00000000ebd80000,0x00000000ebd80000,0x00000000ec000000)
 ParOldGen       total 44032K, used 2525K [0x00000000c0000000, 0x00000000c2b00000, 0x00000000eab00000)
  object space 44032K, 5% used [0x00000000c0000000,0x00000000c0277508,0x00000000c2b00000)
 Metaspace       used 5984K, capacity 6838K, committed 7040K, reserved 1056768K
  class space    used 600K, capacity 622K, committed 640K, reserved 1048576K
Event: 4.266 GC heap after
Heap after GC invocations=2 (full 0):
 PSYoungGen      total 18944K, used 2537K [0x00000000eab00000, 0x00000000ec000000, 0x0000000100000000)
  eden space 16384K, 0% used [0x00000000eab00000,0x00000000eab00000,0x00000000ebb00000)
  from space 2560K, 99% used [0x00000000ebd80000,0x00000000ebffa610,0x00000000ec000000)
  to   space 2560K, 0% used [0x00000000ebb00000,0x00000000ebb00000,0x00000000ebd80000)
 ParOldGen       total 44032K, used 5922K [0x00000000c0000000, 0x00000000c2b00000, 0x00000000eab00000)
  object space 44032K, 13% used [0x00000000c0000000,0x00000000c05c8bd8,0x00000000c2b00000)
 Metaspace       used 5984K, capacity 6838K, committed 7040K, reserved 1056768K
  class space    used 600K, capacity 622K, committed 640K, reserved 1048576K
}

Deoptimization events (7 events):
Event: 2.496 Thread 0x0000000016f09000 Uncommon trap: reason=unstable_if action=reinterpret pc=0x00000000032527f4 method=java.util.BitSet.ensureCapacity(I)V @ 6
Event: 2.840 Thread 0x0000000016f05000 Uncommon trap: reason=null_check action=make_not_entrant pc=0x00000000032fc318 method=com.android.dx.ssa.SsaRenamer.getLocalForNewReg(I)Lcom/android/dx/rop/code/LocalItem; @ 19
Event: 3.735 Thread 0x0000000016fcd000 Uncommon trap: reason=unstable_if action=reinterpret pc=0x0000000003403c00 method=com.android.dx.rop.cst.CstLiteral64.equals(Ljava/lang/Object;)Z @ 27
Event: 3.777 Thread 0x0000000016f05000 Uncommon trap: reason=unstable_if action=reinterpret pc=0x000000000342fdb8 method=com.android.dx.ssa.SCCP.simulateStmt(Lcom/android/dx/ssa/SsaInsn;)V @ 59
Event: 4.317 Thread 0x0000000016f09000 Uncommon trap: reason=unstable_if action=reinterpret pc=0x00000000033bc41c method=com.android.dx.ssa.SsaMethod.updateOneDefinition(Lcom/android/dx/ssa/SsaInsn;Lcom/android/dx/rop/code/RegisterSpec;)V @ 4
Event: 4.323 Thread 0x0000000016f09000 Uncommon trap: reason=bimorphic action=maybe_recompile pc=0x00000000033bbdcc method=com.android.dx.cf.code.Merger.mergeType(Lcom/android/dx/rop/type/TypeBearer;Lcom/android/dx/rop/type/TypeBearer;)Lcom/android/dx/rop/type/TypeBearer; @ 21
Event: 4.329 Thread 0x0000000016fcd000 Uncommon trap: reason=unstable_if action=reinterpret pc=0x00000000033a3af0 method=java.util.HashMap.putVal(ILjava/lang/Object;Ljava/lang/Object;ZZ)Ljava/lang/Object; @ 162

Internal exceptions (6 events):
Event: 0.487 Thread 0x0000000002ffd800 Exception <a 'java/lang/NoSuchMethodError': Method sun.misc.Unsafe.defineClass(Ljava/lang/String;[BII)Ljava/lang/Class; name or signature does not match> (0x00000000eab12df8) thrown at [D:\re\puppet\workspace\8-2-build-windows-amd64-cygwin\jdk8u73\6086\hotÄ¯O4A-ß?
Event: 0.487 Thread 0x0000000002ffd800 Exception <a 'java/lang/NoSuchMethodError': Method sun.misc.Unsafe.prefetchRead(Ljava/lang/Object;J)V name or signature does not match> (0x00000000eab130e0) thrown at [D:\re\puppet\workspace\8-2-build-windows-amd64-cygwin\jdk8u73\6086\hotspot\src\share\vm\ãó;¸@
Event: 2.840 Thread 0x0000000016f05000 Implicit null exception at 0x00000000032fa367 to 0x00000000032fc2f1
Event: 4.335 Thread 0x0000000016fcd000 Exception <a 'java/lang/ArrayIndexOutOfBoundsException': 18> (0x00000000eb403ad0) thrown at [D:\re\puppet\workspace\8-2-build-windows-amd64-cygwin\jdk8u73\6086\hotspot\src\share\vm\interpreter\interpreterRuntime.cpp, line 366]
Event: 4.336 Thread 0x0000000016fcd000 Exception <a 'java/lang/ArrayIndexOutOfBoundsException': 145> (0x00000000eb405650) thrown at [D:\re\puppet\workspace\8-2-build-windows-amd64-cygwin\jdk8u73\6086\hotspot\src\share\vm\interpreter\interpreterRuntime.cpp, line 366]
Event: 4.337 Thread 0x0000000016fcd000 Exception <a 'java/lang/ArrayIndexOutOfBoundsException': 40> (0x00000000eb406938) thrown at [D:\re\puppet\workspace\8-2-build-windows-amd64-cygwin\jdk8u73\6086\hotspot\src\share\vm\interpreter\interpreterRuntime.cpp, line 366]

Events (10 events):
Event: 4.336 loading class sun/reflect/generics/visitor/TypeTreeVisitor done
Event: 4.336 loading class sun/reflect/generics/visitor/Reifier done
Event: 4.336 loading class sun/reflect/generics/reflectiveObjects/ParameterizedTypeImpl
Event: 4.336 loading class java/lang/reflect/ParameterizedType
Event: 4.336 loading class java/lang/reflect/ParameterizedType done
Event: 4.337 loading class sun/reflect/generics/reflectiveObjects/ParameterizedTypeImpl done
Event: 4.337 loading class java/lang/reflect/TypeVariable
Event: 4.337 loading class java/lang/reflect/TypeVariable done
Event: 4.337 loading class sun/reflect/generics/reflectiveObjects/TypeVariableImpl
Event: 4.337 loading class sun/reflect/generics/reflectiveObjects/LazyReflectiveObjectGenerator


Dynamic libraries:
0x00007ff6a2850000 - 0x00007ff6a2887000 	C:\Program Files\Java\jdk1.8.0_73\bin\java.exe
0x00007ffdabc20000 - 0x00007ffdabdcd000 	C:\Windows\SYSTEM32\ntdll.dll
0x00007ffdab370000 - 0x00007ffdab4ae000 	C:\Windows\system32\KERNEL32.DLL
0x00007ffda8e50000 - 0x00007ffda8f65000 	C:\Windows\system32\KERNELBASE.dll
0x00007ffda7920000 - 0x00007ffda79ae000 	C:\Windows\system32\apphelp.dll
0x00007ffd9d340000 - 0x00007ffd9d393000 	C:\Windows\AppPatch\AppPatch64\AcGenral.DLL
0x00007ffdaafc0000 - 0x00007ffdab06a000 	C:\Windows\system32\msvcrt.dll
0x00007ffda8e20000 - 0x00007ffda8e4e000 	C:\Windows\system32\SspiCli.dll
0x00007ffdab310000 - 0x00007ffdab364000 	C:\Windows\system32\SHLWAPI.dll
0x00007ffda9430000 - 0x00007ffda95a7000 	C:\Windows\system32\USER32.dll
0x00007ffdab070000 - 0x00007ffdab204000 	C:\Windows\system32\ole32.dll
0x00007ffda9670000 - 0x00007ffdaab9a000 	C:\Windows\system32\SHELL32.dll
0x00007ffda8400000 - 0x00007ffda8421000 	C:\Windows\SYSTEM32\USERENV.dll
0x00007ffdaaf10000 - 0x00007ffdaafba000 	C:\Windows\system32\ADVAPI32.dll
0x00007ffd9f3c0000 - 0x00007ffd9f3de000 	C:\Windows\SYSTEM32\MPR.dll
0x00007ffdab6f0000 - 0x00007ffdab830000 	C:\Windows\system32\RPCRT4.dll
0x00007ffdab4b0000 - 0x00007ffdab509000 	C:\Windows\SYSTEM32\sechost.dll
0x00007ffdab830000 - 0x00007ffdaba41000 	C:\Windows\SYSTEM32\combase.dll
0x00007ffdab590000 - 0x00007ffdab6e0000 	C:\Windows\system32\GDI32.dll
0x00007ffda8d50000 - 0x00007ffda8d65000 	C:\Windows\SYSTEM32\profapi.dll
0x00007ffda72f0000 - 0x00007ffda73a2000 	C:\Windows\SYSTEM32\SHCORE.dll
0x00007ffdab210000 - 0x00007ffdab246000 	C:\Windows\system32\IMM32.DLL
0x00007ffda92d0000 - 0x00007ffda9422000 	C:\Windows\system32\MSCTF.dll
0x00007ffda67a0000 - 0x00007ffda6a1b000 	C:\Windows\WinSxS\amd64_microsoft.windows.common-controls_6595b64144ccf1df_6.0.9600.18006_none_623f33d3ecbe86e8\COMCTL32.dll
0x00000000611a0000 - 0x0000000061272000 	C:\Program Files\Java\jdk1.8.0_73\jre\bin\msvcr100.dll
0x0000000060640000 - 0x0000000060ed0000 	C:\Program Files\Java\jdk1.8.0_73\jre\bin\server\jvm.dll
0x00007ffd9f800000 - 0x00007ffd9f809000 	C:\Windows\SYSTEM32\WSOCK32.dll
0x00007ffda3e00000 - 0x00007ffda3e22000 	C:\Windows\SYSTEM32\WINMM.dll
0x00007ffda2e50000 - 0x00007ffda2e5a000 	C:\Windows\SYSTEM32\VERSION.dll
0x00007ffdaba50000 - 0x00007ffdaba57000 	C:\Windows\system32\PSAPI.DLL
0x00007ffdaaeb0000 - 0x00007ffdaaf0a000 	C:\Windows\system32\WS2_32.dll
0x00007ffda3d90000 - 0x00007ffda3dba000 	C:\Windows\SYSTEM32\WINMMBASE.dll
0x00007ffdab510000 - 0x00007ffdab519000 	C:\Windows\system32\NSI.dll
0x00007ffda8f70000 - 0x00007ffda8fbf000 	C:\Windows\SYSTEM32\cfgmgr32.dll
0x00007ffda7b70000 - 0x00007ffda7b98000 	C:\Windows\SYSTEM32\DEVOBJ.dll
0x00000000619a0000 - 0x00000000619af000 	C:\Program Files\Java\jdk1.8.0_73\jre\bin\verify.dll
0x0000000061970000 - 0x0000000061999000 	C:\Program Files\Java\jdk1.8.0_73\jre\bin\java.dll
0x0000000061950000 - 0x0000000061966000 	C:\Program Files\Java\jdk1.8.0_73\jre\bin\zip.dll

VM Arguments:
jvm_args: -Djava.awt.headless=true -Xmx1024M -Dfile.encoding=x-windows-949 -Duser.country=KR -Duser.language=ko -Duser.variant 
java_command: com.android.dx.command.Main --dex --force-jumbo --num-threads=4 --output C:\Users\soft\AndroidStudioProjects\MyApplication_jukyungyoo\app\build\intermediates\pre-dexed\debug\com.skp.Tmap_1.0.37_4b7f20c37191cff4b85fcb7d4582c82b8d036a20.jar C:\Users\soft\AndroidStudioProjects\MyApplication_jukyungyoo\app\libs\com.skp.Tmap_1.0.37.jar
java_class_path (initial): C:\Android\sdk\build-tools\23.0.2\lib\dx.jar
Launcher Type: SUN_STANDARD

Environment Variables:
PATH=C:\Python34\Lib\site-packages\PyQt5;C:\ProgramData\Oracle\Java\javapath;C:\Program Files (x86)\Intel\iCLS Client\;C:\Program Files\Intel\iCLS Client\;C:\Windows\system32;C:\Windows;C:\Windows\System32\Wbem;C:\Windows\System32\WindowsPowerShell\v1.0\;C:\Program Files (x86)\Windows Live\Shared;C:\Program Files\Intel\Intel(R) Management Engine Components\DAL;C:\Program Files\Intel\Intel(R) Management Engine Components\IPT;C:\Program Files (x86)\Intel\Intel(R) Management Engine Components\DAL;C:\Program Files (x86)\Intel\Intel(R) Management Engine Components\IPT;C:\Program Files\Intel\WiFi\bin\;C:\Program Files\Common Files\Intel\WirelessCommon\;C:\Program Files\Git\cmd;C:\Windows\system32\config\systemprofile\.dnx\bin;C:\Program Files\Microsoft DNX\Dnvm\;C:\Program Files\Microsoft SQL Server\130\Tools\Binn\;C:\Program Files (x86)\Windows Kits\8.1\Windows Performance Toolkit\;C:\Program Files (x86)\QuickTime\QTSystem\;C:\Program Files (x86)\GtkSharp\2.12\bin;C:\Anaconda3;C:\Anaconda3\Scripts;C:\Anaconda3\Library\bin;C:\Users\soft\AppData\Local\Programs\Python\Python35-32\Scripts\;C:\Users\soft\AppData\Local\Programs\Python\Python35-32\;C:\Program Files\Bandizip\7z
USERNAME=¼ÒÇÁÆ®
OS=Windows_NT
PROCESSOR_IDENTIFIER=Intel64 Family 6 Model 69 Stepping 1, GenuineIntel



---------------  S Y S T E M  ---------------

OS: Windows 8.1 , 64 bit Build 9600 (6.3.9600.17415)

CPU:total 4 (2 cores per cpu, 2 threads per core) family 6 model 69 stepping 1, cmov, cx8, fxsr, mmx, sse, sse2, sse3, ssse3, sse4.1, sse4.2, popcnt, avx, avx2, aes, clmul, erms, lzcnt, ht, tsc, tscinvbit, bmi1, bmi2

Memory: 4k page, physical 4099872k(362408k free), swap 7245600k(5212k free)

vm_info: Java HotSpot(TM) 64-Bit Server VM (25.73-b02) for windows-amd64 JRE (1.8.0_73-b02), built on Jan 29 2016 17:38:49 by "java_re" with MS VC++ 10.0 (VS2010)

time: Wed Jun 15 05:49:19 2016
elapsed time: 4 seconds (0d 0h 0m 4s)

