#
# There is insufficient memory for the Java Runtime Environment to continue.
# Native memory allocation (malloc) failed to allocate 1155632 bytes for Chunk::new
# Possible reasons:
#   The system is out of physical RAM or swap space
#   In 32 bit mode, the process size limit was hit
# Possible solutions:
#   Reduce memory load on the system
#   Increase physical memory or swap space
#   Check if swap backing store is full
#   Use 64 bit Java on a 64 bit OS
#   Decrease Java heap size (-Xmx/-Xms)
#   Decrease number of Java threads
#   Decrease Java thread stack sizes (-Xss)
#   Set larger code cache with -XX:ReservedCodeCacheSize=
# This output file may be truncated or incomplete.
#
#  Out of Memory Error (allocation.cpp:390), pid=6568, tid=5752
#
# JRE version: Java(TM) SE Runtime Environment (8.0_73-b02) (build 1.8.0_73-b02)
# Java VM: Java HotSpot(TM) 64-Bit Server VM (25.73-b02 mixed mode windows-amd64 compressed oops)
# Failed to write core dump. Minidumps are not enabled by default on client versions of Windows
#

---------------  T H R E A D  ---------------

Current thread (0x00000000151f9000):  JavaThread "C2 CompilerThread0" daemon [_thread_in_native, id=5752, stack(0x0000000016710000,0x0000000016810000)]

Stack: [0x0000000016710000,0x0000000016810000]
[error occurred during error reporting (printing stack bounds), id 0xc0000005]

Native frames: (J=compiled Java code, j=interpreted, Vv=VM code, C=native code)


Current CompileTask:
C2:   9218 1691       4       com.android.dx.cf.code.Simulator$SimVisitor::visitConstant (332 bytes)


---------------  P R O C E S S  ---------------

Java Threads: ( => current thread )
  0x0000000016b0f800 JavaThread "pool-2-thread-4" [_thread_blocked, id=12584, stack(0x0000000017410000,0x0000000017510000)]
  0x0000000016b44000 JavaThread "pool-2-thread-3" [_thread_blocked, id=11208, stack(0x0000000017310000,0x0000000017410000)]
  0x0000000016b43800 JavaThread "pool-2-thread-2" [_thread_blocked, id=6880, stack(0x0000000017210000,0x0000000017310000)]
  0x0000000016b03800 JavaThread "pool-3-thread-1" [_thread_blocked, id=10832, stack(0x0000000017110000,0x0000000017210000)]
  0x0000000016b42800 JavaThread "pool-2-thread-1" [_thread_blocked, id=8428, stack(0x0000000017010000,0x0000000017110000)]
  0x0000000016871000 JavaThread "Service Thread" daemon [_thread_blocked, id=7620, stack(0x0000000016e10000,0x0000000016f10000)]
  0x0000000016869800 JavaThread "C1 CompilerThread2" daemon [_thread_blocked, id=9548, stack(0x0000000016d10000,0x0000000016e10000)]
  0x0000000016863800 JavaThread "C2 CompilerThread1" daemon [_thread_in_native, id=11032, stack(0x0000000016c10000,0x0000000016d10000)]
=>0x00000000151f9000 JavaThread "C2 CompilerThread0" daemon [_thread_in_native, id=5752, stack(0x0000000016710000,0x0000000016810000)]
  0x00000000151ae000 JavaThread "Attach Listener" daemon [_thread_blocked, id=10352, stack(0x0000000016610000,0x0000000016710000)]
  0x00000000151ac800 JavaThread "Signal Dispatcher" daemon [_thread_blocked, id=3156, stack(0x0000000016510000,0x0000000016610000)]
  0x0000000002686800 JavaThread "Finalizer" daemon [_thread_blocked, id=12224, stack(0x0000000016410000,0x0000000016510000)]
  0x000000000267d800 JavaThread "Reference Handler" daemon [_thread_blocked, id=11608, stack(0x0000000016310000,0x0000000016410000)]
  0x0000000002c2d800 JavaThread "main" [_thread_in_Java, id=3964, stack(0x0000000000d00000,0x0000000000e00000)]

Other Threads:
  0x0000000015168800 VMThread [stack: 0x0000000016210000,0x0000000016310000] [id=9680]
  0x00000000168bf000 WatcherThread [stack: 0x0000000016f10000,0x0000000017010000] [id=592]

VM state:not at safepoint (normal execution)

VM Mutex/Monitor currently owned by a thread: None

Heap:
 PSYoungGen      total 35328K, used 21652K [0x00000000eab00000, 0x00000000ef000000, 0x0000000100000000)
  eden space 32768K, 58% used [0x00000000eab00000,0x00000000ebda9000,0x00000000ecb00000)
  from space 2560K, 99% used [0x00000000ecb00000,0x00000000ecd7c150,0x00000000ecd80000)
  to   space 2560K, 0% used [0x00000000eed80000,0x00000000eed80000,0x00000000ef000000)
 ParOldGen       total 44032K, used 8419K [0x00000000c0000000, 0x00000000c2b00000, 0x00000000eab00000)
  object space 44032K, 19% used [0x00000000c0000000,0x00000000c0838dd0,0x00000000c2b00000)
 Metaspace       used 6277K, capacity 7094K, committed 7296K, reserved 1056768K
  class space    used 607K, capacity 622K, committed 640K, reserved 1048576K

Card table byte_map: [0x0000000011ff0000,0x0000000012200000] byte_map_base: 0x00000000119f0000

Marking Bits: (ParMarkBitMap*) 0x0000000062980600
 Begin Bits: [0x0000000012600000, 0x0000000013600000)
 End Bits:   [0x0000000013600000, 0x0000000014600000)

Polling page: 0x0000000000e00000

CodeCache: size=245760Kb used=7742Kb max_used=7759Kb free=238017Kb
 bounds [0x0000000002c30000, 0x00000000033d0000, 0x0000000011c30000]
 total_blobs=1949 nmethods=1678 adapters=184
 compilation: enabled

Compilation events (10 events):
Event: 8.682 Thread 0x00000000151f9000 nmethod 1688 0x00000000033b7a90 code [0x00000000033b7be0, 0x00000000033b7ef8]
Event: 8.683 Thread 0x00000000151f9000 1689       4       com.android.dx.rop.code.RegisterSpecSet::localItemToSpec (49 bytes)
Event: 8.689 Thread 0x00000000151f9000 nmethod 1689 0x00000000033b9150 code [0x00000000033b92a0, 0x00000000033b96f8]
Event: 8.689 Thread 0x00000000151f9000 1690       4       com.android.dx.ssa.BasicRegisterMapper::addMapping (68 bytes)
Event: 8.699 Thread 0x00000000151f9000 nmethod 1690 0x00000000033b8750 code [0x00000000033b88a0, 0x00000000033b8d58]
Event: 8.702 Thread 0x00000000151f9000 1691       4       com.android.dx.cf.code.Simulator$SimVisitor::visitConstant (332 bytes)
Event: 8.785 Thread 0x0000000016863800 nmethod 1674 0x00000000033c3750 code [0x00000000033c3bc0, 0x00000000033c72c0]
Event: 8.786 Thread 0x0000000016863800 1692       4       com.android.dx.ssa.back.IdenticalBlockCombiner::process (323 bytes)
Event: 8.846 Thread 0x0000000016863800 nmethod 1692 0x00000000033bb2d0 code [0x00000000033bb580, 0x00000000033bce98]
Event: 9.198 Thread 0x0000000016863800 1693       4       com.android.dx.cf.code.BasicBlocker::visitConstant (39 bytes)

GC Heap History (6 events):
Event: 1.246 GC heap before
{Heap before GC invocations=1 (full 0):
 PSYoungGen      total 18944K, used 16384K [0x00000000eab00000, 0x00000000ec000000, 0x0000000100000000)
  eden space 16384K, 100% used [0x00000000eab00000,0x00000000ebb00000,0x00000000ebb00000)
  from space 2560K, 0% used [0x00000000ebd80000,0x00000000ebd80000,0x00000000ec000000)
  to   space 2560K, 0% used [0x00000000ebb00000,0x00000000ebb00000,0x00000000ebd80000)
 ParOldGen       total 44032K, used 0K [0x00000000c0000000, 0x00000000c2b00000, 0x00000000eab00000)
  object space 44032K, 0% used [0x00000000c0000000,0x00000000c0000000,0x00000000c2b00000)
 Metaspace       used 5582K, capacity 6514K, committed 6784K, reserved 1056768K
  class space    used 601K, capacity 618K, committed 640K, reserved 1048576K
Event: 1.369 GC heap after
Heap after GC invocations=1 (full 0):
 PSYoungGen      total 18944K, used 2541K [0x00000000eab00000, 0x00000000ed000000, 0x0000000100000000)
  eden space 16384K, 0% used [0x00000000eab00000,0x00000000eab00000,0x00000000ebb00000)
  from space 2560K, 99% used [0x00000000ebb00000,0x00000000ebd7b590,0x00000000ebd80000)
  to   space 2560K, 0% used [0x00000000ecd80000,0x00000000ecd80000,0x00000000ed000000)
 ParOldGen       total 44032K, used 1143K [0x00000000c0000000, 0x00000000c2b00000, 0x00000000eab00000)
  object space 44032K, 2% used [0x00000000c0000000,0x00000000c011de98,0x00000000c2b00000)
 Metaspace       used 5582K, capacity 6514K, committed 6784K, reserved 1056768K
  class space    used 601K, capacity 618K, committed 640K, reserved 1048576K
}
Event: 2.378 GC heap before
{Heap before GC invocations=2 (full 0):
 PSYoungGen      total 18944K, used 18925K [0x00000000eab00000, 0x00000000ed000000, 0x0000000100000000)
  eden space 16384K, 100% used [0x00000000eab00000,0x00000000ebb00000,0x00000000ebb00000)
  from space 2560K, 99% used [0x00000000ebb00000,0x00000000ebd7b590,0x00000000ebd80000)
  to   space 2560K, 0% used [0x00000000ecd80000,0x00000000ecd80000,0x00000000ed000000)
 ParOldGen       total 44032K, used 1143K [0x00000000c0000000, 0x00000000c2b00000, 0x00000000eab00000)
  object space 44032K, 2% used [0x00000000c0000000,0x00000000c011de98,0x00000000c2b00000)
 Metaspace       used 6081K, capacity 6966K, committed 7040K, reserved 1056768K
  class space    used 606K, capacity 622K, committed 640K, reserved 1048576K
Event: 2.472 GC heap after
Heap after GC invocations=2 (full 0):
 PSYoungGen      total 35328K, used 2537K [0x00000000eab00000, 0x00000000ed000000, 0x0000000100000000)
  eden space 32768K, 0% used [0x00000000eab00000,0x00000000eab00000,0x00000000ecb00000)
  from space 2560K, 99% used [0x00000000ecd80000,0x00000000ecffa628,0x00000000ed000000)
  to   space 2560K, 0% used [0x00000000ecb00000,0x00000000ecb00000,0x00000000ecd80000)
 ParOldGen       total 44032K, used 3259K [0x00000000c0000000, 0x00000000c2b00000, 0x00000000eab00000)
  object space 44032K, 7% used [0x00000000c0000000,0x00000000c032ede8,0x00000000c2b00000)
 Metaspace       used 6081K, capacity 6966K, committed 7040K, reserved 1056768K
  class space    used 606K, capacity 622K, committed 640K, reserved 1048576K
}
Event: 7.065 GC heap before
{Heap before GC invocations=3 (full 0):
 PSYoungGen      total 35328K, used 35305K [0x00000000eab00000, 0x00000000ed000000, 0x0000000100000000)
  eden space 32768K, 100% used [0x00000000eab00000,0x00000000ecb00000,0x00000000ecb00000)
  from space 2560K, 99% used [0x00000000ecd80000,0x00000000ecffa628,0x00000000ed000000)
  to   space 2560K, 0% used [0x00000000ecb00000,0x00000000ecb00000,0x00000000ecd80000)
 ParOldGen       total 44032K, used 3259K [0x00000000c0000000, 0x00000000c2b00000, 0x00000000eab00000)
  object space 44032K, 7% used [0x00000000c0000000,0x00000000c032ede8,0x00000000c2b00000)
 Metaspace       used 6257K, capacity 7094K, committed 7296K, reserved 1056768K
  class space    used 607K, capacity 622K, committed 640K, reserved 1048576K
Event: 7.521 GC heap after
Heap after GC invocations=3 (full 0):
 PSYoungGen      total 35328K, used 2544K [0x00000000eab00000, 0x00000000ef000000, 0x0000000100000000)
  eden space 32768K, 0% used [0x00000000eab00000,0x00000000eab00000,0x00000000ecb00000)
  from space 2560K, 99% used [0x00000000ecb00000,0x00000000ecd7c150,0x00000000ecd80000)
  to   space 2560K, 0% used [0x00000000eed80000,0x00000000eed80000,0x00000000ef000000)
 ParOldGen       total 44032K, used 8419K [0x00000000c0000000, 0x00000000c2b00000, 0x00000000eab00000)
  object space 44032K, 19% used [0x00000000c0000000,0x00000000c0838dd0,0x00000000c2b00000)
 Metaspace       used 6257K, capacity 7094K, committed 7296K, reserved 1056768K
  class space    used 607K, capacity 622K, committed 640K, reserved 1048576K
}

Deoptimization events (10 events):
Event: 8.272 Thread 0x0000000016b43800 Uncommon trap: reason=bimorphic action=maybe_recompile pc=0x000000000324e088 method=com.android.dx.ssa.SCCP.setLatticeValueTo(IILcom/android/dx/rop/cst/Constant;)Z @ 43
Event: 8.273 Thread 0x0000000016b43800 Uncommon trap: reason=bimorphic action=maybe_recompile pc=0x0000000003347438 method=com.android.dx.ssa.SCCP.simulatePhi(Lcom/android/dx/ssa/PhiInsn;)V @ 124
Event: 8.273 Thread 0x0000000016b43800 Uncommon trap: reason=bimorphic action=maybe_recompile pc=0x000000000324e088 method=com.android.dx.ssa.SCCP.setLatticeValueTo(IILcom/android/dx/rop/cst/Constant;)Z @ 43
Event: 8.273 Thread 0x0000000016b43800 Uncommon trap: reason=bimorphic action=maybe_recompile pc=0x000000000334750c method=com.android.dx.ssa.SCCP.setLatticeValueTo(IILcom/android/dx/rop/cst/Constant;)Z @ 43
Event: 8.275 Thread 0x0000000016b43800 Uncommon trap: reason=bimorphic action=maybe_recompile pc=0x000000000324e088 method=com.android.dx.ssa.SCCP.setLatticeValueTo(IILcom/android/dx/rop/cst/Constant;)Z @ 43
Event: 8.276 Thread 0x0000000016b43800 Uncommon trap: reason=bimorphic action=maybe_recompile pc=0x0000000003347438 method=com.android.dx.ssa.SCCP.simulatePhi(Lcom/android/dx/ssa/PhiInsn;)V @ 124
Event: 8.276 Thread 0x0000000016b43800 Uncommon trap: reason=bimorphic action=maybe_recompile pc=0x000000000334750c method=com.android.dx.ssa.SCCP.setLatticeValueTo(IILcom/android/dx/rop/cst/Constant;)Z @ 43
Event: 8.328 Thread 0x0000000016b44000 Uncommon trap: reason=bimorphic action=maybe_recompile pc=0x00000000030a304c method=java.util.HashMap.putVal(ILjava/lang/Object;Ljava/lang/Object;ZZ)Ljava/lang/Object; @ 203
Event: 8.579 Thread 0x0000000002c2d800 Uncommon trap: reason=class_check action=maybe_recompile pc=0x000000000335ac6c method=com.android.dx.cf.code.Ropper.processBlock(Lcom/android/dx/cf/code/ByteBlock;Lcom/android/dx/cf/code/Frame;[I)V @ 777
Event: 8.585 Thread 0x0000000002c2d800 Uncommon trap: reason=class_check action=maybe_recompile pc=0x000000000335ac6c method=com.android.dx.cf.code.Ropper.processBlock(Lcom/android/dx/cf/code/ByteBlock;Lcom/android/dx/cf/code/Frame;[I)V @ 777

Internal exceptions (2 events):
Event: 0.149 Thread 0x0000000002c2d800 Exception <a 'java/lang/NoSuchMethodError': Method sun.misc.Unsafe.defineClass(Ljava/lang/String;[BII)Ljava/lang/Class; name or signature does not match> (0x00000000eab12f48) thrown at [D:\re\puppet\workspace\8-2-build-windows-amd64-cygwin\jdk8u73\6086\hot"Å3Ωé √?
Event: 0.149 Thread 0x0000000002c2d800 Exception <a 'java/lang/NoSuchMethodError': Method sun.misc.Unsafe.prefetchRead(Ljava/lang/Object;J)V name or signature does not match> (0x00000000eab13230) thrown at [D:\re\puppet\workspace\8-2-build-windows-amd64-cygwin\jdk8u73\6086\hotspot\src\share\vm\

Events (10 events):
Event: 8.276 Thread 0x0000000016b43800 DEOPT UNPACKING pc=0x0000000002c7582a sp=0x000000001730e9c8 mode 2
Event: 8.328 Thread 0x0000000016b44000 Uncommon trap: trap_request=0xffffffc6 fr.pc=0x00000000030a304c
Event: 8.328 Thread 0x0000000016b44000 DEOPT PACKING pc=0x00000000030a304c sp=0x000000001740ec00
Event: 8.328 Thread 0x0000000016b44000 DEOPT UNPACKING pc=0x0000000002c7582a sp=0x000000001740eb88 mode 2
Event: 8.579 Thread 0x0000000002c2d800 Uncommon trap: trap_request=0xffffffde fr.pc=0x000000000335ac6c
Event: 8.579 Thread 0x0000000002c2d800 DEOPT PACKING pc=0x000000000335ac6c sp=0x0000000000dfe700
Event: 8.579 Thread 0x0000000002c2d800 DEOPT UNPACKING pc=0x0000000002c7582a sp=0x0000000000dfe6c8 mode 2
Event: 8.585 Thread 0x0000000002c2d800 Uncommon trap: trap_request=0xffffffde fr.pc=0x000000000335ac6c
Event: 8.585 Thread 0x0000000002c2d800 DEOPT PACKING pc=0x000000000335ac6c sp=0x0000000000dfe700
Event: 8.586 Thread 0x0000000002c2d800 DEOPT UNPACKING pc=0x0000000002c7582a sp=0x0000000000dfe6c8 mode 2


Dynamic libraries:
0x00007ff7ece20000 - 0x00007ff7ece57000 	C:\Program Files\Java\jdk1.8.0_73\bin\java.exe
0x00007ff856bf0000 - 0x00007ff856d9d000 	C:\Windows\SYSTEM32\ntdll.dll
0x00007ff854760000 - 0x00007ff85489e000 	C:\Windows\system32\KERNEL32.DLL
0x00007ff8540b0000 - 0x00007ff8541c5000 	C:\Windows\system32\KERNELBASE.dll
0x00007ff8528f0000 - 0x00007ff85297e000 	C:\Windows\system32\apphelp.dll
0x00007ff84d6a0000 - 0x00007ff84d6f3000 	C:\Windows\AppPatch\AppPatch64\AcGenral.DLL
0x00007ff855390000 - 0x00007ff85543a000 	C:\Windows\system32\msvcrt.dll
0x00007ff854080000 - 0x00007ff8540ae000 	C:\Windows\system32\SspiCli.dll
0x00007ff855170000 - 0x00007ff8551c4000 	C:\Windows\system32\SHLWAPI.dll
0x00007ff854eb0000 - 0x00007ff855027000 	C:\Windows\system32\USER32.dll
0x00007ff8545c0000 - 0x00007ff854754000 	C:\Windows\system32\ole32.dll
0x00007ff8556c0000 - 0x00007ff856bea000 	C:\Windows\system32\SHELL32.dll
0x00007ff8532f0000 - 0x00007ff853311000 	C:\Windows\SYSTEM32\USERENV.dll
0x00007ff854da0000 - 0x00007ff854e4a000 	C:\Windows\system32\ADVAPI32.dll
0x00007ff851270000 - 0x00007ff85128e000 	C:\Windows\SYSTEM32\MPR.dll
0x00007ff855030000 - 0x00007ff855170000 	C:\Windows\system32\RPCRT4.dll
0x00007ff8551d0000 - 0x00007ff855229000 	C:\Windows\SYSTEM32\sechost.dll
0x00007ff854970000 - 0x00007ff854b81000 	C:\Windows\SYSTEM32\combase.dll
0x00007ff854bd0000 - 0x00007ff854d20000 	C:\Windows\system32\GDI32.dll
0x00007ff853d20000 - 0x00007ff853d35000 	C:\Windows\SYSTEM32\profapi.dll
0x00007ff8522c0000 - 0x00007ff852372000 	C:\Windows\SYSTEM32\SHCORE.dll
0x00007ff855680000 - 0x00007ff8556b6000 	C:\Windows\system32\IMM32.DLL
0x00007ff855230000 - 0x00007ff855382000 	C:\Windows\system32\MSCTF.dll
0x00007ff851570000 - 0x00007ff8517eb000 	C:\Windows\WinSxS\amd64_microsoft.windows.common-controls_6595b64144ccf1df_6.0.9600.18006_none_623f33d3ecbe86e8\COMCTL32.dll
0x0000000061ba0000 - 0x0000000061c72000 	C:\Program Files\Java\jdk1.8.0_73\jre\bin\msvcr100.dll
0x0000000062170000 - 0x0000000062a00000 	C:\Program Files\Java\jdk1.8.0_73\jre\bin\server\jvm.dll
0x00007ff84a870000 - 0x00007ff84a879000 	C:\Windows\SYSTEM32\WSOCK32.dll
0x00007ff84e3a0000 - 0x00007ff84e3c2000 	C:\Windows\SYSTEM32\WINMM.dll
0x00007ff84d7e0000 - 0x00007ff84d7ea000 	C:\Windows\SYSTEM32\VERSION.dll
0x00007ff854bb0000 - 0x00007ff854bb7000 	C:\Windows\system32\PSAPI.DLL
0x00007ff854e50000 - 0x00007ff854eaa000 	C:\Windows\system32\WS2_32.dll
0x00007ff84e370000 - 0x00007ff84e39a000 	C:\Windows\SYSTEM32\WINMMBASE.dll
0x00007ff854bc0000 - 0x00007ff854bc9000 	C:\Windows\system32\NSI.dll
0x00007ff854030000 - 0x00007ff85407f000 	C:\Windows\SYSTEM32\cfgmgr32.dll
0x00007ff852b40000 - 0x00007ff852b68000 	C:\Windows\SYSTEM32\DEVOBJ.dll
0x0000000062160000 - 0x000000006216f000 	C:\Program Files\Java\jdk1.8.0_73\jre\bin\verify.dll
0x0000000062130000 - 0x0000000062159000 	C:\Program Files\Java\jdk1.8.0_73\jre\bin\java.dll
0x0000000062110000 - 0x0000000062126000 	C:\Program Files\Java\jdk1.8.0_73\jre\bin\zip.dll

VM Arguments:
jvm_args: -Djava.awt.headless=true -Xmx1024M -Dfile.encoding=x-windows-949 -Duser.country=KR -Duser.language=ko -Duser.variant 
java_command: com.android.dx.command.Main --dex --force-jumbo --num-threads=4 --multi-dex --output C:\Users\soft\AndroidStudioProjects\MyApplication_0525\app\build\intermediates\transforms\dex\debug\folders\1000\10\com.android.support-appcompat-v7-23.4.0_a55ecee606e4e945d03b1bf4eaa1afe223b1761c C:\Users\soft\AndroidStudioProjects\MyApplication_0525\app\build\intermediates\exploded-aar\com.android.support\appcompat-v7\23.4.0\jars\classes.jar
java_class_path (initial): C:\Android\sdk\build-tools\23.0.2\lib\dx.jar
Launcher Type: SUN_STANDARD

Environment Variables:
PATH=C:\Python34\Lib\site-packages\PyQt5;C:\ProgramData\Oracle\Java\javapath;C:\Program Files (x86)\Intel\iCLS Client\;C:\Program Files\Intel\iCLS Client\;C:\Windows\system32;C:\Windows;C:\Windows\System32\Wbem;C:\Windows\System32\WindowsPowerShell\v1.0\;C:\Program Files (x86)\Windows Live\Shared;C:\Program Files\Intel\Intel(R) Management Engine Components\DAL;C:\Program Files\Intel\Intel(R) Management Engine Components\IPT;C:\Program Files (x86)\Intel\Intel(R) Management Engine Components\DAL;C:\Program Files (x86)\Intel\Intel(R) Management Engine Components\IPT;C:\Program Files\Intel\WiFi\bin\;C:\Program Files\Common Files\Intel\WirelessCommon\;C:\Program Files\Git\cmd;C:\Users\soft\.dnx\bin;C:\Program Files\Microsoft DNX\Dnvm\;C:\Program Files\Microsoft SQL Server\130\Tools\Binn\;C:\Program Files (x86)\Windows Kits\8.1\Windows Performance Toolkit\;C:\Program Files (x86)\QuickTime\QTSystem\;C:\Program Files (x86)\GtkSharp\2.12\bin;C:\Anaconda3;C:\Anaconda3\Scripts;C:\Anaconda3\Library\bin;C:\Users\soft\AppData\Local\Programs\Python\Python35-32\Scripts\;C:\Users\soft\AppData\Local\Programs\Python\Python35-32\;C:\Program Files\Bandizip\7z
USERNAME=º“«¡∆Æ
OS=Windows_NT
PROCESSOR_IDENTIFIER=Intel64 Family 6 Model 69 Stepping 1, GenuineIntel



---------------  S Y S T E M  ---------------

OS: Windows 8.1 , 64 bit Build 9600 (6.3.9600.17415)

CPU:total 4 (2 cores per cpu, 2 threads per core) family 6 model 69 stepping 1, cmov, cx8, fxsr, mmx, sse, sse2, sse3, ssse3, sse4.1, sse4.2, popcnt, avx, avx2, aes, clmul, erms, lzcnt, ht, tsc, tscinvbit, bmi1, bmi2

Memory: 4k page, physical 4099872k(143892k free), swap 7245600k(5084k free)

vm_info: Java HotSpot(TM) 64-Bit Server VM (25.73-b02) for windows-amd64 JRE (1.8.0_73-b02), built on Jan 29 2016 17:38:49 by "java_re" with MS VC++ 10.0 (VS2010)

time: Wed May 25 21:34:51 2016
elapsed time: 9 seconds (0d 0h 0m 9s)

