#
# There is insufficient memory for the Java Runtime Environment to continue.
# Native memory allocation (malloc) failed to allocate 1448576 bytes for Chunk::new
# Possible reasons:
#   The system is out of physical RAM or swap space
#   In 32 bit mode, the process size limit was hit
# Possible solutions:
#   Reduce memory load on the system
#   Increase physical memory or swap space
#   Check if swap backing store is full
#   Use 64 bit Java on a 64 bit OS
#   Decrease Java heap size (-Xmx/-Xms)
#   Decrease number of Java threads
#   Decrease Java thread stack sizes (-Xss)
#   Set larger code cache with -XX:ReservedCodeCacheSize=
# This output file may be truncated or incomplete.
#
#  Out of Memory Error (allocation.cpp:390), pid=12036, tid=8120
#
# JRE version: Java(TM) SE Runtime Environment (8.0_73-b02) (build 1.8.0_73-b02)
# Java VM: Java HotSpot(TM) 64-Bit Server VM (25.73-b02 mixed mode windows-amd64 compressed oops)
# Failed to write core dump. Minidumps are not enabled by default on client versions of Windows
#

---------------  T H R E A D  ---------------

Current thread (0x00000000165a3800):  JavaThread "C2 CompilerThread1" daemon [_thread_in_native, id=8120, stack(0x0000000016950000,0x0000000016a50000)]

Stack: [0x0000000016950000,0x0000000016a50000]
[error occurred during error reporting (printing stack bounds), id 0xc0000005]

Native frames: (J=compiled Java code, j=interpreted, Vv=VM code, C=native code)


Current CompileTask:
C2:   7313 1449   !   4       com.android.dx.cf.code.BytecodeArray::parseInstruction (2764 bytes)


---------------  P R O C E S S  ---------------

Java Threads: ( => current thread )
  0x0000000016826000 JavaThread "pool-1-thread-4" [_thread_in_vm, id=4156, stack(0x0000000017150000,0x0000000017250000)]
  0x0000000016822800 JavaThread "pool-1-thread-3" [_thread_in_Java, id=9764, stack(0x0000000017050000,0x0000000017150000)]
  0x000000001681e800 JavaThread "pool-1-thread-2" [_thread_in_Java, id=10760, stack(0x0000000016f50000,0x0000000017050000)]
  0x000000001681b000 JavaThread "pool-2-thread-1" [_thread_blocked, id=2656, stack(0x0000000016e50000,0x0000000016f50000)]
  0x0000000016874800 JavaThread "pool-1-thread-1" [_thread_in_Java, id=12188, stack(0x0000000016d50000,0x0000000016e50000)]
  0x00000000165b0000 JavaThread "Service Thread" daemon [_thread_blocked, id=11416, stack(0x0000000016b50000,0x0000000016c50000)]
  0x00000000165a9800 JavaThread "C1 CompilerThread2" daemon [_thread_blocked, id=6368, stack(0x0000000016a50000,0x0000000016b50000)]
=>0x00000000165a3800 JavaThread "C2 CompilerThread1" daemon [_thread_in_native, id=8120, stack(0x0000000016950000,0x0000000016a50000)]
  0x0000000014ed9000 JavaThread "C2 CompilerThread0" daemon [_thread_in_native, id=12520, stack(0x0000000016450000,0x0000000016550000)]
  0x0000000014e8e000 JavaThread "Attach Listener" daemon [_thread_blocked, id=8116, stack(0x0000000016350000,0x0000000016450000)]
  0x0000000014e8c800 JavaThread "Signal Dispatcher" daemon [_thread_blocked, id=11296, stack(0x0000000016250000,0x0000000016350000)]
  0x00000000027a6800 JavaThread "Finalizer" daemon [_thread_blocked, id=7836, stack(0x00000000160d0000,0x00000000161d0000)]
  0x000000000279d800 JavaThread "Reference Handler" daemon [_thread_blocked, id=1612, stack(0x0000000015fd0000,0x00000000160d0000)]
  0x000000000229d800 JavaThread "main" [_thread_in_vm, id=4092, stack(0x00000000025b0000,0x00000000026b0000)]

Other Threads:
  0x0000000014e48800 VMThread [stack: 0x0000000015ed0000,0x0000000015fd0000] [id=6564]
  0x00000000165fe000 WatcherThread [stack: 0x0000000016c50000,0x0000000016d50000] [id=13280]

VM state:not at safepoint (normal execution)

VM Mutex/Monitor currently owned by a thread: None

Heap:
 PSYoungGen      total 35328K, used 19376K [0x00000000eab00000, 0x00000000ed000000, 0x0000000100000000)
  eden space 32768K, 51% used [0x00000000eab00000,0x00000000ebb73fc0,0x00000000ecb00000)
  from space 2560K, 98% used [0x00000000ecd80000,0x00000000ecff8298,0x00000000ed000000)
  to   space 2560K, 0% used [0x00000000ecb00000,0x00000000ecb00000,0x00000000ecd80000)
 ParOldGen       total 44032K, used 3657K [0x00000000c0000000, 0x00000000c2b00000, 0x00000000eab00000)
  object space 44032K, 8% used [0x00000000c0000000,0x00000000c0392470,0x00000000c2b00000)
 Metaspace       used 6200K, capacity 7028K, committed 7296K, reserved 1056768K
  class space    used 606K, capacity 620K, committed 640K, reserved 1048576K

Card table byte_map: [0x0000000011b70000,0x0000000011d80000] byte_map_base: 0x0000000011570000

Marking Bits: (ParMarkBitMap*) 0x0000000060e50600
 Begin Bits: [0x00000000122e0000, 0x00000000132e0000)
 End Bits:   [0x00000000132e0000, 0x00000000142e0000)

Polling page: 0x00000000021f0000

CodeCache: size=245760Kb used=6157Kb max_used=6157Kb free=239602Kb
 bounds [0x00000000027b0000, 0x0000000002dc0000, 0x00000000117b0000]
 total_blobs=1722 nmethods=1451 adapters=184
 compilation: enabled

Compilation events (10 events):
Event: 7.298 Thread 0x00000000165a9800 1469       3       com.android.dx.cf.code.Simulator::<init> (66 bytes)
Event: 7.298 Thread 0x00000000165a9800 nmethod 1469 0x0000000002db6610 code [0x0000000002db67c0, 0x0000000002db6f18]
Event: 7.299 Thread 0x00000000165a9800 1470       3       com.android.dx.cf.code.Frame::<init> (21 bytes)
Event: 7.299 Thread 0x00000000165a9800 nmethod 1470 0x0000000002db71d0 code [0x0000000002db73a0, 0x0000000002db7b88]
Event: 7.299 Thread 0x00000000165a9800 1471       3       com.android.dx.cf.code.Ropper$ExceptionSetupLabelAllocator::<init> (33 bytes)
Event: 7.300 Thread 0x00000000165a9800 nmethod 1471 0x0000000002d96210 code [0x0000000002d963a0, 0x0000000002d96890]
Event: 7.300 Thread 0x00000000165a9800 1472       3       com.android.dx.cf.code.Frame::initializeWithParameters (49 bytes)
Event: 7.300 Thread 0x00000000165a9800 nmethod 1472 0x0000000002db7f90 code [0x0000000002db8140, 0x0000000002db8868]
Event: 7.300 Thread 0x00000000165a9800 1473   !   3       java.lang.Class::getEnumConstantsShared (73 bytes)
Event: 7.301 Thread 0x00000000165a9800 nmethod 1473 0x0000000002db8b50 code [0x0000000002db8d40, 0x0000000002db9768]

GC Heap History (4 events):
Event: 4.712 GC heap before
{Heap before GC invocations=1 (full 0):
 PSYoungGen      total 18944K, used 16384K [0x00000000eab00000, 0x00000000ec000000, 0x0000000100000000)
  eden space 16384K, 100% used [0x00000000eab00000,0x00000000ebb00000,0x00000000ebb00000)
  from space 2560K, 0% used [0x00000000ebd80000,0x00000000ebd80000,0x00000000ec000000)
  to   space 2560K, 0% used [0x00000000ebb00000,0x00000000ebb00000,0x00000000ebd80000)
 ParOldGen       total 44032K, used 0K [0x00000000c0000000, 0x00000000c2b00000, 0x00000000eab00000)
  object space 44032K, 0% used [0x00000000c0000000,0x00000000c0000000,0x00000000c2b00000)
 Metaspace       used 5744K, capacity 6640K, committed 6784K, reserved 1056768K
  class space    used 597K, capacity 616K, committed 640K, reserved 1048576K
Event: 4.755 GC heap after
Heap after GC invocations=1 (full 0):
 PSYoungGen      total 18944K, used 2528K [0x00000000eab00000, 0x00000000ed000000, 0x0000000100000000)
  eden space 16384K, 0% used [0x00000000eab00000,0x00000000eab00000,0x00000000ebb00000)
  from space 2560K, 98% used [0x00000000ebb00000,0x00000000ebd78288,0x00000000ebd80000)
  to   space 2560K, 0% used [0x00000000ecd80000,0x00000000ecd80000,0x00000000ed000000)
 ParOldGen       total 44032K, used 1570K [0x00000000c0000000, 0x00000000c2b00000, 0x00000000eab00000)
  object space 44032K, 3% used [0x00000000c0000000,0x00000000c0188878,0x00000000c2b00000)
 Metaspace       used 5744K, capacity 6640K, committed 6784K, reserved 1056768K
  class space    used 597K, capacity 616K, committed 640K, reserved 1048576K
}
Event: 6.352 GC heap before
{Heap before GC invocations=2 (full 0):
 PSYoungGen      total 18944K, used 18912K [0x00000000eab00000, 0x00000000ed000000, 0x0000000100000000)
  eden space 16384K, 100% used [0x00000000eab00000,0x00000000ebb00000,0x00000000ebb00000)
  from space 2560K, 98% used [0x00000000ebb00000,0x00000000ebd78288,0x00000000ebd80000)
  to   space 2560K, 0% used [0x00000000ecd80000,0x00000000ecd80000,0x00000000ed000000)
 ParOldGen       total 44032K, used 1570K [0x00000000c0000000, 0x00000000c2b00000, 0x00000000eab00000)
  object space 44032K, 3% used [0x00000000c0000000,0x00000000c0188878,0x00000000c2b00000)
 Metaspace       used 6097K, capacity 6964K, committed 7040K, reserved 1056768K
  class space    used 604K, capacity 620K, committed 640K, reserved 1048576K
Event: 6.525 GC heap after
Heap after GC invocations=2 (full 0):
 PSYoungGen      total 35328K, used 2528K [0x00000000eab00000, 0x00000000ed000000, 0x0000000100000000)
  eden space 32768K, 0% used [0x00000000eab00000,0x00000000eab00000,0x00000000ecb00000)
  from space 2560K, 98% used [0x00000000ecd80000,0x00000000ecff8298,0x00000000ed000000)
  to   space 2560K, 0% used [0x00000000ecb00000,0x00000000ecb00000,0x00000000ecd80000)
 ParOldGen       total 44032K, used 3657K [0x00000000c0000000, 0x00000000c2b00000, 0x00000000eab00000)
  object space 44032K, 8% used [0x00000000c0000000,0x00000000c0392470,0x00000000c2b00000)
 Metaspace       used 6097K, capacity 6964K, committed 7040K, reserved 1056768K
  class space    used 604K, capacity 620K, committed 640K, reserved 1048576K
}

Deoptimization events (10 events):
Event: 6.653 Thread 0x0000000016874800 Uncommon trap: reason=unstable_if action=reinterpret pc=0x0000000002b0ee6c method=com.android.dx.rop.code.RegisterSpecSet.put(Lcom/android/dx/rop/code/RegisterSpec;)V @ 77
Event: 6.653 Thread 0x0000000016874800 Uncommon trap: reason=unstable_if action=reinterpret pc=0x0000000002be63a0 method=com.android.dx.rop.code.RegisterSpecSet.put(Lcom/android/dx/rop/code/RegisterSpec;)V @ 77
Event: 6.659 Thread 0x0000000016822800 Uncommon trap: reason=bimorphic action=maybe_recompile pc=0x0000000002b1156c method=java.util.HashMap.getNode(ILjava/lang/Object;)Ljava/util/HashMap$Node; @ 126
Event: 7.239 Thread 0x0000000016826000 Uncommon trap: reason=bimorphic action=maybe_recompile pc=0x0000000002b1156c method=java.util.HashMap.getNode(ILjava/lang/Object;)Ljava/util/HashMap$Node; @ 126
Event: 7.239 Thread 0x0000000016826000 Uncommon trap: reason=bimorphic action=maybe_recompile pc=0x0000000002b1156c method=java.util.HashMap.getNode(ILjava/lang/Object;)Ljava/util/HashMap$Node; @ 126
Event: 7.244 Thread 0x0000000016826000 Uncommon trap: reason=class_check action=maybe_recompile pc=0x0000000002da13e4 method=com.android.dx.cf.code.BytecodeArray.parseInstruction(ILcom/android/dx/cf/code/BytecodeArray$Visitor;)I @ 1051
Event: 7.251 Thread 0x0000000016826000 Uncommon trap: reason=class_check action=maybe_recompile pc=0x0000000002da13e4 method=com.android.dx.cf.code.BytecodeArray.parseInstruction(ILcom/android/dx/cf/code/BytecodeArray$Visitor;)I @ 1051
Event: 7.253 Thread 0x0000000016826000 Uncommon trap: reason=class_check action=maybe_recompile pc=0x0000000002da13e4 method=com.android.dx.cf.code.BytecodeArray.parseInstruction(ILcom/android/dx/cf/code/BytecodeArray$Visitor;)I @ 1051
Event: 7.253 Thread 0x0000000016826000 Uncommon trap: reason=class_check action=maybe_recompile pc=0x0000000002da13e4 method=com.android.dx.cf.code.BytecodeArray.parseInstruction(ILcom/android/dx/cf/code/BytecodeArray$Visitor;)I @ 1051
Event: 7.256 Thread 0x0000000016826000 Uncommon trap: reason=bimorphic action=maybe_recompile pc=0x0000000002b1156c method=java.util.HashMap.getNode(ILjava/lang/Object;)Ljava/util/HashMap$Node; @ 126

Internal exceptions (3 events):
Event: 3.310 Thread 0x000000000229d800 Exception <a 'java/lang/NoSuchMethodError': Method sun.misc.Unsafe.defineClass(Ljava/lang/String;[BII)Ljava/lang/Class; name or signature does not match> (0x00000000eab130f0) thrown at [D:\re\puppet\workspace\8-2-build-windows-amd64-cygwin\jdk8u73\6086\hot1ò1á{
@
Event: 3.310 Thread 0x000000000229d800 Exception <a 'java/lang/NoSuchMethodError': Method sun.misc.Unsafe.prefetchRead(Ljava/lang/Object;J)V name or signature does not match> (0x00000000eab133d8) thrown at [D:\re\puppet\workspace\8-2-build-windows-amd64-cygwin\jdk8u73\6086\hotspot\src\share\vm\¯Óýº?@
Event: 5.812 Thread 0x000000000229d800 Implicit null exception at 0x0000000002b0d3e2 to 0x0000000002b0d4da

Events (10 events):
Event: 7.251 Thread 0x0000000016826000 DEOPT UNPACKING pc=0x00000000027f582a sp=0x000000001724e960 mode 2
Event: 7.253 Thread 0x0000000016826000 Uncommon trap: trap_request=0xffffffde fr.pc=0x0000000002da13e4
Event: 7.253 Thread 0x0000000016826000 DEOPT PACKING pc=0x0000000002da13e4 sp=0x000000001724e9d0
Event: 7.253 Thread 0x0000000016826000 DEOPT UNPACKING pc=0x00000000027f582a sp=0x000000001724e960 mode 2
Event: 7.253 Thread 0x0000000016826000 Uncommon trap: trap_request=0xffffffde fr.pc=0x0000000002da13e4
Event: 7.253 Thread 0x0000000016826000 DEOPT PACKING pc=0x0000000002da13e4 sp=0x000000001724e9d0
Event: 7.253 Thread 0x0000000016826000 DEOPT UNPACKING pc=0x00000000027f582a sp=0x000000001724e960 mode 2
Event: 7.256 Thread 0x0000000016826000 Uncommon trap: trap_request=0xffffffc6 fr.pc=0x0000000002b1156c
Event: 7.256 Thread 0x0000000016826000 DEOPT PACKING pc=0x0000000002b1156c sp=0x000000001724e830
Event: 7.256 Thread 0x0000000016826000 DEOPT UNPACKING pc=0x00000000027f582a sp=0x000000001724e7b0 mode 2


Dynamic libraries:
0x00007ff6a2850000 - 0x00007ff6a2887000 	C:\Program Files\Java\jdk1.8.0_73\bin\java.exe
0x00007ffdabc20000 - 0x00007ffdabdcd000 	C:\Windows\SYSTEM32\ntdll.dll
0x00007ffdab370000 - 0x00007ffdab4ae000 	C:\Windows\system32\KERNEL32.DLL
0x00007ffda8e50000 - 0x00007ffda8f65000 	C:\Windows\system32\KERNELBASE.dll
0x00007ffda7920000 - 0x00007ffda79ae000 	C:\Windows\system32\apphelp.dll
0x00007ffd9d340000 - 0x00007ffd9d393000 	C:\Windows\AppPatch\AppPatch64\AcGenral.DLL
0x00007ffdaafc0000 - 0x00007ffdab06a000 	C:\Windows\system32\msvcrt.dll
0x00007ffda8e20000 - 0x00007ffda8e4e000 	C:\Windows\system32\SspiCli.dll
0x00007ffdab310000 - 0x00007ffdab364000 	C:\Windows\system32\SHLWAPI.dll
0x00007ffda9430000 - 0x00007ffda95a7000 	C:\Windows\system32\USER32.dll
0x00007ffdab070000 - 0x00007ffdab204000 	C:\Windows\system32\ole32.dll
0x00007ffda9670000 - 0x00007ffdaab9a000 	C:\Windows\system32\SHELL32.dll
0x00007ffda8400000 - 0x00007ffda8421000 	C:\Windows\SYSTEM32\USERENV.dll
0x00007ffdaaf10000 - 0x00007ffdaafba000 	C:\Windows\system32\ADVAPI32.dll
0x00007ffd9f3c0000 - 0x00007ffd9f3de000 	C:\Windows\SYSTEM32\MPR.dll
0x00007ffdab6f0000 - 0x00007ffdab830000 	C:\Windows\system32\RPCRT4.dll
0x00007ffdab4b0000 - 0x00007ffdab509000 	C:\Windows\SYSTEM32\sechost.dll
0x00007ffdab830000 - 0x00007ffdaba41000 	C:\Windows\SYSTEM32\combase.dll
0x00007ffdab590000 - 0x00007ffdab6e0000 	C:\Windows\system32\GDI32.dll
0x00007ffda8d50000 - 0x00007ffda8d65000 	C:\Windows\SYSTEM32\profapi.dll
0x00007ffda72f0000 - 0x00007ffda73a2000 	C:\Windows\SYSTEM32\SHCORE.dll
0x00007ffdab210000 - 0x00007ffdab246000 	C:\Windows\system32\IMM32.DLL
0x00007ffda92d0000 - 0x00007ffda9422000 	C:\Windows\system32\MSCTF.dll
0x00007ffda67a0000 - 0x00007ffda6a1b000 	C:\Windows\WinSxS\amd64_microsoft.windows.common-controls_6595b64144ccf1df_6.0.9600.18006_none_623f33d3ecbe86e8\COMCTL32.dll
0x00000000611a0000 - 0x0000000061272000 	C:\Program Files\Java\jdk1.8.0_73\jre\bin\msvcr100.dll
0x0000000060640000 - 0x0000000060ed0000 	C:\Program Files\Java\jdk1.8.0_73\jre\bin\server\jvm.dll
0x00007ffd9f800000 - 0x00007ffd9f809000 	C:\Windows\SYSTEM32\WSOCK32.dll
0x00007ffda3e00000 - 0x00007ffda3e22000 	C:\Windows\SYSTEM32\WINMM.dll
0x00007ffda2e50000 - 0x00007ffda2e5a000 	C:\Windows\SYSTEM32\VERSION.dll
0x00007ffdaba50000 - 0x00007ffdaba57000 	C:\Windows\system32\PSAPI.DLL
0x00007ffdaaeb0000 - 0x00007ffdaaf0a000 	C:\Windows\system32\WS2_32.dll
0x00007ffda3d90000 - 0x00007ffda3dba000 	C:\Windows\SYSTEM32\WINMMBASE.dll
0x00007ffdab510000 - 0x00007ffdab519000 	C:\Windows\system32\NSI.dll
0x00007ffda8f70000 - 0x00007ffda8fbf000 	C:\Windows\SYSTEM32\cfgmgr32.dll
0x00007ffda7b70000 - 0x00007ffda7b98000 	C:\Windows\SYSTEM32\DEVOBJ.dll
0x00000000619a0000 - 0x00000000619af000 	C:\Program Files\Java\jdk1.8.0_73\jre\bin\verify.dll
0x0000000061970000 - 0x0000000061999000 	C:\Program Files\Java\jdk1.8.0_73\jre\bin\java.dll
0x0000000061950000 - 0x0000000061966000 	C:\Program Files\Java\jdk1.8.0_73\jre\bin\zip.dll

VM Arguments:
jvm_args: -Djava.awt.headless=true -Xmx1024M -Dfile.encoding=x-windows-949 -Duser.country=KR -Duser.language=ko -Duser.variant 
java_command: com.android.dx.command.Main --dex --force-jumbo --num-threads=4 --output C:\Users\soft\AndroidStudioProjects\MyApplication_jukyungyoo\app\build\intermediates\pre-dexed\debug\com.android.support-design-23.1.1_ba68751d953ae62234fcd64784eb6eab905e96f4.jar C:\Users\soft\AndroidStudioProjects\MyApplication_jukyungyoo\app\build\intermediates\exploded-aar\com.android.support\design\23.1.1\jars\classes.jar
java_class_path (initial): C:\Android\sdk\build-tools\23.0.2\lib\dx.jar
Launcher Type: SUN_STANDARD

Environment Variables:
PATH=C:\Python34\Lib\site-packages\PyQt5;C:\ProgramData\Oracle\Java\javapath;C:\Program Files (x86)\Intel\iCLS Client\;C:\Program Files\Intel\iCLS Client\;C:\Windows\system32;C:\Windows;C:\Windows\System32\Wbem;C:\Windows\System32\WindowsPowerShell\v1.0\;C:\Program Files (x86)\Windows Live\Shared;C:\Program Files\Intel\Intel(R) Management Engine Components\DAL;C:\Program Files\Intel\Intel(R) Management Engine Components\IPT;C:\Program Files (x86)\Intel\Intel(R) Management Engine Components\DAL;C:\Program Files (x86)\Intel\Intel(R) Management Engine Components\IPT;C:\Program Files\Intel\WiFi\bin\;C:\Program Files\Common Files\Intel\WirelessCommon\;C:\Program Files\Git\cmd;C:\Windows\system32\config\systemprofile\.dnx\bin;C:\Program Files\Microsoft DNX\Dnvm\;C:\Program Files\Microsoft SQL Server\130\Tools\Binn\;C:\Program Files (x86)\Windows Kits\8.1\Windows Performance Toolkit\;C:\Program Files (x86)\QuickTime\QTSystem\;C:\Program Files (x86)\GtkSharp\2.12\bin;C:\Anaconda3;C:\Anaconda3\Scripts;C:\Anaconda3\Library\bin;C:\Users\soft\AppData\Local\Programs\Python\Python35-32\Scripts\;C:\Users\soft\AppData\Local\Programs\Python\Python35-32\;C:\Program Files\Bandizip\7z
USERNAME=¼ÒÇÁÆ®
OS=Windows_NT
PROCESSOR_IDENTIFIER=Intel64 Family 6 Model 69 Stepping 1, GenuineIntel



---------------  S Y S T E M  ---------------

OS: Windows 8.1 , 64 bit Build 9600 (6.3.9600.17415)

CPU:total 4 (2 cores per cpu, 2 threads per core) family 6 model 69 stepping 1, cmov, cx8, fxsr, mmx, sse, sse2, sse3, ssse3, sse4.1, sse4.2, popcnt, avx, avx2, aes, clmul, erms, lzcnt, ht, tsc, tscinvbit, bmi1, bmi2

Memory: 4k page, physical 4099872k(194384k free), swap 7245600k(5132k free)

vm_info: Java HotSpot(TM) 64-Bit Server VM (25.73-b02) for windows-amd64 JRE (1.8.0_73-b02), built on Jan 29 2016 17:38:49 by "java_re" with MS VC++ 10.0 (VS2010)

time: Wed Jun 15 05:49:19 2016
elapsed time: 7 seconds (0d 0h 0m 7s)

